2022-05-20T16:34:24|ERROR|ESRMeasure|ESR_measurement Failed to update figure1: 'ESRMeasure' object has no attribute 'xs'. ['Traceback (most recent call last):\n', '  File "C:\\Users\\ZHao\\.conda\\envs\\scopefoundry\\lib\\site-packages\\ScopeFoundry\\measurement.py", line 273, in _on_display_update_timer\n    self.update_display()\n', '  File "C:\\Users\\Public\\quantum_sensing\\quantum_sensing\\fancy_microscope\\custommeasure2.py", line 301, in update_display\n    self.current_plotline.setData(self.xs[:index+1], self.ys[:index+1])\n', "AttributeError: 'ESRMeasure' object has no attribute 'xs'\n"]
2022-05-20T16:34:24|ERROR|ESRMeasure|ESR_measurement Failed to update figure1: 'ESRMeasure' object has no attribute 'xs'. ['Traceback (most recent call last):\n', '  File "C:\\Users\\ZHao\\.conda\\envs\\scopefoundry\\lib\\site-packages\\ScopeFoundry\\measurement.py", line 273, in _on_display_update_timer\n    self.update_display()\n', '  File "C:\\Users\\Public\\quantum_sensing\\quantum_sensing\\fancy_microscope\\custommeasure2.py", line 301, in update_display\n    self.current_plotline.setData(self.xs[:index+1], self.ys[:index+1])\n', "AttributeError: 'ESRMeasure' object has no attribute 'xs'\n"]
2022-05-20T16:34:24|ERROR|ESRMeasure|ESR_measurement Failed to update figure1: name 'index' is not defined. ['Traceback (most recent call last):\n', '  File "C:\\Users\\ZHao\\.conda\\envs\\scopefoundry\\lib\\site-packages\\ScopeFoundry\\measurement.py", line 273, in _on_display_update_timer\n    self.update_display()\n', '  File "C:\\Users\\Public\\quantum_sensing\\quantum_sensing\\fancy_microscope\\custommeasure2.py", line 301, in update_display\n    self.current_plotline.setData(self.xs[:index+1], self.ys[:index+1])\n', "NameError: name 'index' is not defined\n"]
2022-05-20T16:34:24|ERROR|ESRMeasure|ESR_measurement Failed to update figure1: name 'index' is not defined. ['Traceback (most recent call last):\n', '  File "C:\\Users\\ZHao\\.conda\\envs\\scopefoundry\\lib\\site-packages\\ScopeFoundry\\measurement.py", line 273, in _on_display_update_timer\n    self.update_display()\n', '  File "C:\\Users\\Public\\quantum_sensing\\quantum_sensing\\fancy_microscope\\custommeasure2.py", line 301, in update_display\n    self.current_plotline.setData(self.xs[:index+1], self.ys[:index+1])\n', "NameError: name 'index' is not defined\n"]
2022-05-20T16:34:25|ERROR|ESRMeasure|ESR_measurement Failed to update figure1: name 'index' is not defined. ['Traceback (most recent call last):\n', '  File "C:\\Users\\ZHao\\.conda\\envs\\scopefoundry\\lib\\site-packages\\ScopeFoundry\\measurement.py", line 273, in _on_display_update_timer\n    self.update_display()\n', '  File "C:\\Users\\Public\\quantum_sensing\\quantum_sensing\\fancy_microscope\\custommeasure2.py", line 301, in update_display\n    self.current_plotline.setData(self.xs[:index+1], self.ys[:index+1])\n', "NameError: name 'index' is not defined\n"]
2022-05-20T16:34:25|ERROR|ESRMeasure|ESR_measurement Failed to update figure1: name 'index' is not defined. ['Traceback (most recent call last):\n', '  File "C:\\Users\\ZHao\\.conda\\envs\\scopefoundry\\lib\\site-packages\\ScopeFoundry\\measurement.py", line 273, in _on_display_update_timer\n    self.update_display()\n', '  File "C:\\Users\\Public\\quantum_sensing\\quantum_sensing\\fancy_microscope\\custommeasure2.py", line 301, in update_display\n    self.current_plotline.setData(self.xs[:index+1], self.ys[:index+1])\n', "NameError: name 'index' is not defined\n"]
2022-05-20T16:34:25|ERROR|ESRMeasure|ESR_measurement Failed to update figure1: name 'index' is not defined. ['Traceback (most recent call last):\n', '  File "C:\\Users\\ZHao\\.conda\\envs\\scopefoundry\\lib\\site-packages\\ScopeFoundry\\measurement.py", line 273, in _on_display_update_timer\n    self.update_display()\n', '  File "C:\\Users\\Public\\quantum_sensing\\quantum_sensing\\fancy_microscope\\custommeasure2.py", line 301, in update_display\n    self.current_plotline.setData(self.xs[:index+1], self.ys[:index+1])\n', "NameError: name 'index' is not defined\n"]
2022-05-20T16:34:25|ERROR|ESRMeasure|ESR_measurement Failed to update figure1: name 'index' is not defined. ['Traceback (most recent call last):\n', '  File "C:\\Users\\ZHao\\.conda\\envs\\scopefoundry\\lib\\site-packages\\ScopeFoundry\\measurement.py", line 273, in _on_display_update_timer\n    self.update_display()\n', '  File "C:\\Users\\Public\\quantum_sensing\\quantum_sensing\\fancy_microscope\\custommeasure2.py", line 301, in update_display\n    self.current_plotline.setData(self.xs[:index+1], self.ys[:index+1])\n', "NameError: name 'index' is not defined\n"]
2022-05-20T16:34:25|ERROR|ESRMeasure|ESR_measurement Failed to update figure1: name 'index' is not defined. ['Traceback (most recent call last):\n', '  File "C:\\Users\\ZHao\\.conda\\envs\\scopefoundry\\lib\\site-packages\\ScopeFoundry\\measurement.py", line 273, in _on_display_update_timer\n    self.update_display()\n', '  File "C:\\Users\\Public\\quantum_sensing\\quantum_sensing\\fancy_microscope\\custommeasure2.py", line 301, in update_display\n    self.current_plotline.setData(self.xs[:index+1], self.ys[:index+1])\n', "NameError: name 'index' is not defined\n"]
2022-05-20T16:34:25|ERROR|ESRMeasure|ESR_measurement Failed to update figure1: name 'index' is not defined. ['Traceback (most recent call last):\n', '  File "C:\\Users\\ZHao\\.conda\\envs\\scopefoundry\\lib\\site-packages\\ScopeFoundry\\measurement.py", line 273, in _on_display_update_timer\n    self.update_display()\n', '  File "C:\\Users\\Public\\quantum_sensing\\quantum_sensing\\fancy_microscope\\custommeasure2.py", line 301, in update_display\n    self.current_plotline.setData(self.xs[:index+1], self.ys[:index+1])\n', "NameError: name 'index' is not defined\n"]
2022-05-20T16:34:25|ERROR|ESRMeasure|ESR_measurement Failed to update figure1: name 'index' is not defined. ['Traceback (most recent call last):\n', '  File "C:\\Users\\ZHao\\.conda\\envs\\scopefoundry\\lib\\site-packages\\ScopeFoundry\\measurement.py", line 273, in _on_display_update_timer\n    self.update_display()\n', '  File "C:\\Users\\Public\\quantum_sensing\\quantum_sensing\\fancy_microscope\\custommeasure2.py", line 301, in update_display\n    self.current_plotline.setData(self.xs[:index+1], self.ys[:index+1])\n', "NameError: name 'index' is not defined\n"]
2022-05-20T16:34:25|ERROR|ESRMeasure|ESR_measurement Failed to update figure1: name 'index' is not defined. ['Traceback (most recent call last):\n', '  File "C:\\Users\\ZHao\\.conda\\envs\\scopefoundry\\lib\\site-packages\\ScopeFoundry\\measurement.py", line 273, in _on_display_update_timer\n    self.update_display()\n', '  File "C:\\Users\\Public\\quantum_sensing\\quantum_sensing\\fancy_microscope\\custommeasure2.py", line 301, in update_display\n    self.current_plotline.setData(self.xs[:index+1], self.ys[:index+1])\n', "NameError: name 'index' is not defined\n"]
2022-05-20T16:34:25|ERROR|ESRMeasure|ESR_measurement Failed to update figure1: name 'index' is not defined. ['Traceback (most recent call last):\n', '  File "C:\\Users\\ZHao\\.conda\\envs\\scopefoundry\\lib\\site-packages\\ScopeFoundry\\measurement.py", line 273, in _on_display_update_timer\n    self.update_display()\n', '  File "C:\\Users\\Public\\quantum_sensing\\quantum_sensing\\fancy_microscope\\custommeasure2.py", line 301, in update_display\n    self.current_plotline.setData(self.xs[:index+1], self.ys[:index+1])\n', "NameError: name 'index' is not defined\n"]
2022-05-20T16:34:26|ERROR|ESRMeasure|ESR_measurement Failed to update figure1: name 'index' is not defined. ['Traceback (most recent call last):\n', '  File "C:\\Users\\ZHao\\.conda\\envs\\scopefoundry\\lib\\site-packages\\ScopeFoundry\\measurement.py", line 273, in _on_display_update_timer\n    self.update_display()\n', '  File "C:\\Users\\Public\\quantum_sensing\\quantum_sensing\\fancy_microscope\\custommeasure2.py", line 301, in update_display\n    self.current_plotline.setData(self.xs[:index+1], self.ys[:index+1])\n', "NameError: name 'index' is not defined\n"]
2022-05-20T16:34:26|ERROR|ESRMeasure|ESR_measurement Failed to update figure1: name 'index' is not defined. ['Traceback (most recent call last):\n', '  File "C:\\Users\\ZHao\\.conda\\envs\\scopefoundry\\lib\\site-packages\\ScopeFoundry\\measurement.py", line 273, in _on_display_update_timer\n    self.update_display()\n', '  File "C:\\Users\\Public\\quantum_sensing\\quantum_sensing\\fancy_microscope\\custommeasure2.py", line 301, in update_display\n    self.current_plotline.setData(self.xs[:index+1], self.ys[:index+1])\n', "NameError: name 'index' is not defined\n"]
2022-05-20T16:34:26|ERROR|ESRMeasure|ESR_measurement Failed to update figure1: name 'index' is not defined. ['Traceback (most recent call last):\n', '  File "C:\\Users\\ZHao\\.conda\\envs\\scopefoundry\\lib\\site-packages\\ScopeFoundry\\measurement.py", line 273, in _on_display_update_timer\n    self.update_display()\n', '  File "C:\\Users\\Public\\quantum_sensing\\quantum_sensing\\fancy_microscope\\custommeasure2.py", line 301, in update_display\n    self.current_plotline.setData(self.xs[:index+1], self.ys[:index+1])\n', "NameError: name 'index' is not defined\n"]
2022-05-20T16:34:26|ERROR|ESRMeasure|ESR_measurement Failed to update figure1: name 'index' is not defined. ['Traceback (most recent call last):\n', '  File "C:\\Users\\ZHao\\.conda\\envs\\scopefoundry\\lib\\site-packages\\ScopeFoundry\\measurement.py", line 273, in _on_display_update_timer\n    self.update_display()\n', '  File "C:\\Users\\Public\\quantum_sensing\\quantum_sensing\\fancy_microscope\\custommeasure2.py", line 301, in update_display\n    self.current_plotline.setData(self.xs[:index+1], self.ys[:index+1])\n', "NameError: name 'index' is not defined\n"]
2022-05-20T16:34:26|ERROR|ESRMeasure|ESR_measurement Failed to update figure1: name 'index' is not defined. ['Traceback (most recent call last):\n', '  File "C:\\Users\\ZHao\\.conda\\envs\\scopefoundry\\lib\\site-packages\\ScopeFoundry\\measurement.py", line 273, in _on_display_update_timer\n    self.update_display()\n', '  File "C:\\Users\\Public\\quantum_sensing\\quantum_sensing\\fancy_microscope\\custommeasure2.py", line 301, in update_display\n    self.current_plotline.setData(self.xs[:index+1], self.ys[:index+1])\n', "NameError: name 'index' is not defined\n"]
2022-05-20T16:34:26|ERROR|ESRMeasure|ESR_measurement Failed to update figure1: name 'index' is not defined. ['Traceback (most recent call last):\n', '  File "C:\\Users\\ZHao\\.conda\\envs\\scopefoundry\\lib\\site-packages\\ScopeFoundry\\measurement.py", line 273, in _on_display_update_timer\n    self.update_display()\n', '  File "C:\\Users\\Public\\quantum_sensing\\quantum_sensing\\fancy_microscope\\custommeasure2.py", line 301, in update_display\n    self.current_plotline.setData(self.xs[:index+1], self.ys[:index+1])\n', "NameError: name 'index' is not defined\n"]
2022-05-20T16:34:26|ERROR|ESRMeasure|ESR_measurement Failed to update figure1: name 'index' is not defined. ['Traceback (most recent call last):\n', '  File "C:\\Users\\ZHao\\.conda\\envs\\scopefoundry\\lib\\site-packages\\ScopeFoundry\\measurement.py", line 273, in _on_display_update_timer\n    self.update_display()\n', '  File "C:\\Users\\Public\\quantum_sensing\\quantum_sensing\\fancy_microscope\\custommeasure2.py", line 301, in update_display\n    self.current_plotline.setData(self.xs[:index+1], self.ys[:index+1])\n', "NameError: name 'index' is not defined\n"]
2022-05-20T16:34:26|ERROR|ESRMeasure|ESR_measurement Failed to update figure1: name 'index' is not defined. ['Traceback (most recent call last):\n', '  File "C:\\Users\\ZHao\\.conda\\envs\\scopefoundry\\lib\\site-packages\\ScopeFoundry\\measurement.py", line 273, in _on_display_update_timer\n    self.update_display()\n', '  File "C:\\Users\\Public\\quantum_sensing\\quantum_sensing\\fancy_microscope\\custommeasure2.py", line 301, in update_display\n    self.current_plotline.setData(self.xs[:index+1], self.ys[:index+1])\n', "NameError: name 'index' is not defined\n"]
2022-05-20T16:34:26|ERROR|ESRMeasure|ESR_measurement Failed to update figure1: name 'index' is not defined. ['Traceback (most recent call last):\n', '  File "C:\\Users\\ZHao\\.conda\\envs\\scopefoundry\\lib\\site-packages\\ScopeFoundry\\measurement.py", line 273, in _on_display_update_timer\n    self.update_display()\n', '  File "C:\\Users\\Public\\quantum_sensing\\quantum_sensing\\fancy_microscope\\custommeasure2.py", line 301, in update_display\n    self.current_plotline.setData(self.xs[:index+1], self.ys[:index+1])\n', "NameError: name 'index' is not defined\n"]
2022-05-20T16:34:27|ERROR|ESRMeasure|ESR_measurement Failed to update figure1: name 'index' is not defined. ['Traceback (most recent call last):\n', '  File "C:\\Users\\ZHao\\.conda\\envs\\scopefoundry\\lib\\site-packages\\ScopeFoundry\\measurement.py", line 273, in _on_display_update_timer\n    self.update_display()\n', '  File "C:\\Users\\Public\\quantum_sensing\\quantum_sensing\\fancy_microscope\\custommeasure2.py", line 301, in update_display\n    self.current_plotline.setData(self.xs[:index+1], self.ys[:index+1])\n', "NameError: name 'index' is not defined\n"]
2022-05-20T16:34:27|ERROR|ESRMeasure|ESR_measurement Failed to update figure1: name 'index' is not defined. ['Traceback (most recent call last):\n', '  File "C:\\Users\\ZHao\\.conda\\envs\\scopefoundry\\lib\\site-packages\\ScopeFoundry\\measurement.py", line 273, in _on_display_update_timer\n    self.update_display()\n', '  File "C:\\Users\\Public\\quantum_sensing\\quantum_sensing\\fancy_microscope\\custommeasure2.py", line 301, in update_display\n    self.current_plotline.setData(self.xs[:index+1], self.ys[:index+1])\n', "NameError: name 'index' is not defined\n"]
2022-05-20T16:34:27|ERROR|ESRMeasure|ESR_measurement Failed to update figure1: name 'index' is not defined. ['Traceback (most recent call last):\n', '  File "C:\\Users\\ZHao\\.conda\\envs\\scopefoundry\\lib\\site-packages\\ScopeFoundry\\measurement.py", line 273, in _on_display_update_timer\n    self.update_display()\n', '  File "C:\\Users\\Public\\quantum_sensing\\quantum_sensing\\fancy_microscope\\custommeasure2.py", line 301, in update_display\n    self.current_plotline.setData(self.xs[:index+1], self.ys[:index+1])\n', "NameError: name 'index' is not defined\n"]
2022-05-20T16:34:27|ERROR|ESRMeasure|ESR_measurement Failed to update figure1: name 'index' is not defined. ['Traceback (most recent call last):\n', '  File "C:\\Users\\ZHao\\.conda\\envs\\scopefoundry\\lib\\site-packages\\ScopeFoundry\\measurement.py", line 273, in _on_display_update_timer\n    self.update_display()\n', '  File "C:\\Users\\Public\\quantum_sensing\\quantum_sensing\\fancy_microscope\\custommeasure2.py", line 301, in update_display\n    self.current_plotline.setData(self.xs[:index+1], self.ys[:index+1])\n', "NameError: name 'index' is not defined\n"]
2022-05-20T16:34:27|ERROR|ESRMeasure|ESR_measurement Failed to update figure1: name 'index' is not defined. ['Traceback (most recent call last):\n', '  File "C:\\Users\\ZHao\\.conda\\envs\\scopefoundry\\lib\\site-packages\\ScopeFoundry\\measurement.py", line 273, in _on_display_update_timer\n    self.update_display()\n', '  File "C:\\Users\\Public\\quantum_sensing\\quantum_sensing\\fancy_microscope\\custommeasure2.py", line 301, in update_display\n    self.current_plotline.setData(self.xs[:index+1], self.ys[:index+1])\n', "NameError: name 'index' is not defined\n"]
2022-05-20T16:34:27|ERROR|ESRMeasure|ESR_measurement Failed to update figure1: name 'index' is not defined. ['Traceback (most recent call last):\n', '  File "C:\\Users\\ZHao\\.conda\\envs\\scopefoundry\\lib\\site-packages\\ScopeFoundry\\measurement.py", line 273, in _on_display_update_timer\n    self.update_display()\n', '  File "C:\\Users\\Public\\quantum_sensing\\quantum_sensing\\fancy_microscope\\custommeasure2.py", line 301, in update_display\n    self.current_plotline.setData(self.xs[:index+1], self.ys[:index+1])\n', "NameError: name 'index' is not defined\n"]
2022-05-20T16:34:27|ERROR|ESRMeasure|ESR_measurement Failed to update figure1: name 'index' is not defined. ['Traceback (most recent call last):\n', '  File "C:\\Users\\ZHao\\.conda\\envs\\scopefoundry\\lib\\site-packages\\ScopeFoundry\\measurement.py", line 273, in _on_display_update_timer\n    self.update_display()\n', '  File "C:\\Users\\Public\\quantum_sensing\\quantum_sensing\\fancy_microscope\\custommeasure2.py", line 301, in update_display\n    self.current_plotline.setData(self.xs[:index+1], self.ys[:index+1])\n', "NameError: name 'index' is not defined\n"]
2022-05-20T16:34:27|ERROR|ESRMeasure|ESR_measurement Failed to update figure1: name 'index' is not defined. ['Traceback (most recent call last):\n', '  File "C:\\Users\\ZHao\\.conda\\envs\\scopefoundry\\lib\\site-packages\\ScopeFoundry\\measurement.py", line 273, in _on_display_update_timer\n    self.update_display()\n', '  File "C:\\Users\\Public\\quantum_sensing\\quantum_sensing\\fancy_microscope\\custommeasure2.py", line 301, in update_display\n    self.current_plotline.setData(self.xs[:index+1], self.ys[:index+1])\n', "NameError: name 'index' is not defined\n"]
2022-05-20T16:34:27|ERROR|ESRMeasure|ESR_measurement Failed to update figure1: name 'index' is not defined. ['Traceback (most recent call last):\n', '  File "C:\\Users\\ZHao\\.conda\\envs\\scopefoundry\\lib\\site-packages\\ScopeFoundry\\measurement.py", line 273, in _on_display_update_timer\n    self.update_display()\n', '  File "C:\\Users\\Public\\quantum_sensing\\quantum_sensing\\fancy_microscope\\custommeasure2.py", line 301, in update_display\n    self.current_plotline.setData(self.xs[:index+1], self.ys[:index+1])\n', "NameError: name 'index' is not defined\n"]
2022-05-20T16:34:28|ERROR|ESRMeasure|ESR_measurement Failed to update figure1: name 'index' is not defined. ['Traceback (most recent call last):\n', '  File "C:\\Users\\ZHao\\.conda\\envs\\scopefoundry\\lib\\site-packages\\ScopeFoundry\\measurement.py", line 273, in _on_display_update_timer\n    self.update_display()\n', '  File "C:\\Users\\Public\\quantum_sensing\\quantum_sensing\\fancy_microscope\\custommeasure2.py", line 301, in update_display\n    self.current_plotline.setData(self.xs[:index+1], self.ys[:index+1])\n', "NameError: name 'index' is not defined\n"]
