2022-10-28T13:25:38|ERROR|ESRMeasure|ESR_measurement Failed to update figure1: 'ESRMeasure' object has no attribute 'average_x'. ['Traceback (most recent call last):\n', '  File "C:\\Users\\ZHao\\.conda\\envs\\scopefoundry\\lib\\site-packages\\ScopeFoundry\\measurement.py", line 273, in _on_display_update_timer\n    self.update_display()\n', '  File "C:\\Users\\Public\\quantum_sensing\\quantum_sensing\\fancy_microscope\\custommeasure2.py", line 322, in update_display\n    self.current_plotline.setData(self.average_x[:self.cutoff], self.average_y[:self.cutoff])\n', "AttributeError: 'ESRMeasure' object has no attribute 'average_x'\n"]
2022-10-28T13:25:38|ERROR|ESRMeasure|ESR_measurement Failed to update figure1: 'ESRMeasure' object has no attribute 'average_x'. ['Traceback (most recent call last):\n', '  File "C:\\Users\\ZHao\\.conda\\envs\\scopefoundry\\lib\\site-packages\\ScopeFoundry\\measurement.py", line 273, in _on_display_update_timer\n    self.update_display()\n', '  File "C:\\Users\\Public\\quantum_sensing\\quantum_sensing\\fancy_microscope\\custommeasure2.py", line 322, in update_display\n    self.current_plotline.setData(self.average_x[:self.cutoff], self.average_y[:self.cutoff])\n', "AttributeError: 'ESRMeasure' object has no attribute 'average_x'\n"]
2022-10-28T13:25:38|ERROR|ESRMeasure|ESR_measurement Failed to update figure1: 'ESRMeasure' object has no attribute 'average_x'. ['Traceback (most recent call last):\n', '  File "C:\\Users\\ZHao\\.conda\\envs\\scopefoundry\\lib\\site-packages\\ScopeFoundry\\measurement.py", line 273, in _on_display_update_timer\n    self.update_display()\n', '  File "C:\\Users\\Public\\quantum_sensing\\quantum_sensing\\fancy_microscope\\custommeasure2.py", line 322, in update_display\n    self.current_plotline.setData(self.average_x[:self.cutoff], self.average_y[:self.cutoff])\n', "AttributeError: 'ESRMeasure' object has no attribute 'average_x'\n"]
2022-10-28T13:25:38|ERROR|ESRMeasure|ESR_measurement Failed to update figure1: 'ESRMeasure' object has no attribute 'average_x'. ['Traceback (most recent call last):\n', '  File "C:\\Users\\ZHao\\.conda\\envs\\scopefoundry\\lib\\site-packages\\ScopeFoundry\\measurement.py", line 273, in _on_display_update_timer\n    self.update_display()\n', '  File "C:\\Users\\Public\\quantum_sensing\\quantum_sensing\\fancy_microscope\\custommeasure2.py", line 322, in update_display\n    self.current_plotline.setData(self.average_x[:self.cutoff], self.average_y[:self.cutoff])\n', "AttributeError: 'ESRMeasure' object has no attribute 'average_x'\n"]
2022-10-28T13:25:38|ERROR|ESRMeasure|ESR_measurement Failed to update figure1: 'ESRMeasure' object has no attribute 'average_x'. ['Traceback (most recent call last):\n', '  File "C:\\Users\\ZHao\\.conda\\envs\\scopefoundry\\lib\\site-packages\\ScopeFoundry\\measurement.py", line 273, in _on_display_update_timer\n    self.update_display()\n', '  File "C:\\Users\\Public\\quantum_sensing\\quantum_sensing\\fancy_microscope\\custommeasure2.py", line 322, in update_display\n    self.current_plotline.setData(self.average_x[:self.cutoff], self.average_y[:self.cutoff])\n', "AttributeError: 'ESRMeasure' object has no attribute 'average_x'\n"]
2022-10-28T13:25:38|ERROR|ESRMeasure|ESR_measurement Failed to update figure1: 'ESRMeasure' object has no attribute 'average_x'. ['Traceback (most recent call last):\n', '  File "C:\\Users\\ZHao\\.conda\\envs\\scopefoundry\\lib\\site-packages\\ScopeFoundry\\measurement.py", line 273, in _on_display_update_timer\n    self.update_display()\n', '  File "C:\\Users\\Public\\quantum_sensing\\quantum_sensing\\fancy_microscope\\custommeasure2.py", line 322, in update_display\n    self.current_plotline.setData(self.average_x[:self.cutoff], self.average_y[:self.cutoff])\n', "AttributeError: 'ESRMeasure' object has no attribute 'average_x'\n"]
2022-10-28T13:25:38|ERROR|ESRMeasure|ESR_measurement Failed to update figure1: 'ESRMeasure' object has no attribute 'average_x'. ['Traceback (most recent call last):\n', '  File "C:\\Users\\ZHao\\.conda\\envs\\scopefoundry\\lib\\site-packages\\ScopeFoundry\\measurement.py", line 273, in _on_display_update_timer\n    self.update_display()\n', '  File "C:\\Users\\Public\\quantum_sensing\\quantum_sensing\\fancy_microscope\\custommeasure2.py", line 322, in update_display\n    self.current_plotline.setData(self.average_x[:self.cutoff], self.average_y[:self.cutoff])\n', "AttributeError: 'ESRMeasure' object has no attribute 'average_x'\n"]
2022-10-28T13:25:38|ERROR|ESRMeasure|ESR_measurement Failed to update figure1: 'ESRMeasure' object has no attribute 'average_x'. ['Traceback (most recent call last):\n', '  File "C:\\Users\\ZHao\\.conda\\envs\\scopefoundry\\lib\\site-packages\\ScopeFoundry\\measurement.py", line 273, in _on_display_update_timer\n    self.update_display()\n', '  File "C:\\Users\\Public\\quantum_sensing\\quantum_sensing\\fancy_microscope\\custommeasure2.py", line 322, in update_display\n    self.current_plotline.setData(self.average_x[:self.cutoff], self.average_y[:self.cutoff])\n', "AttributeError: 'ESRMeasure' object has no attribute 'average_x'\n"]
2022-10-28T13:25:38|ERROR|ESRMeasure|ESR_measurement Failed to update figure1: 'ESRMeasure' object has no attribute 'average_x'. ['Traceback (most recent call last):\n', '  File "C:\\Users\\ZHao\\.conda\\envs\\scopefoundry\\lib\\site-packages\\ScopeFoundry\\measurement.py", line 273, in _on_display_update_timer\n    self.update_display()\n', '  File "C:\\Users\\Public\\quantum_sensing\\quantum_sensing\\fancy_microscope\\custommeasure2.py", line 322, in update_display\n    self.current_plotline.setData(self.average_x[:self.cutoff], self.average_y[:self.cutoff])\n', "AttributeError: 'ESRMeasure' object has no attribute 'average_x'\n"]
2022-10-28T13:25:39|ERROR|ESRMeasure|ESR_measurement Failed to update figure1: 'ESRMeasure' object has no attribute 'average_x'. ['Traceback (most recent call last):\n', '  File "C:\\Users\\ZHao\\.conda\\envs\\scopefoundry\\lib\\site-packages\\ScopeFoundry\\measurement.py", line 273, in _on_display_update_timer\n    self.update_display()\n', '  File "C:\\Users\\Public\\quantum_sensing\\quantum_sensing\\fancy_microscope\\custommeasure2.py", line 322, in update_display\n    self.current_plotline.setData(self.average_x[:self.cutoff], self.average_y[:self.cutoff])\n', "AttributeError: 'ESRMeasure' object has no attribute 'average_x'\n"]
2022-10-28T13:25:39|ERROR|ESRMeasure|ESR_measurement Failed to update figure1: 'ESRMeasure' object has no attribute 'average_x'. ['Traceback (most recent call last):\n', '  File "C:\\Users\\ZHao\\.conda\\envs\\scopefoundry\\lib\\site-packages\\ScopeFoundry\\measurement.py", line 273, in _on_display_update_timer\n    self.update_display()\n', '  File "C:\\Users\\Public\\quantum_sensing\\quantum_sensing\\fancy_microscope\\custommeasure2.py", line 322, in update_display\n    self.current_plotline.setData(self.average_x[:self.cutoff], self.average_y[:self.cutoff])\n', "AttributeError: 'ESRMeasure' object has no attribute 'average_x'\n"]
2022-10-28T13:25:39|ERROR|ESRMeasure|ESR_measurement Failed to update figure1: 'ESRMeasure' object has no attribute 'average_x'. ['Traceback (most recent call last):\n', '  File "C:\\Users\\ZHao\\.conda\\envs\\scopefoundry\\lib\\site-packages\\ScopeFoundry\\measurement.py", line 273, in _on_display_update_timer\n    self.update_display()\n', '  File "C:\\Users\\Public\\quantum_sensing\\quantum_sensing\\fancy_microscope\\custommeasure2.py", line 322, in update_display\n    self.current_plotline.setData(self.average_x[:self.cutoff], self.average_y[:self.cutoff])\n', "AttributeError: 'ESRMeasure' object has no attribute 'average_x'\n"]
2022-10-28T13:25:39|ERROR|ESRMeasure|ESR_measurement Failed to update figure1: 'ESRMeasure' object has no attribute 'average_x'. ['Traceback (most recent call last):\n', '  File "C:\\Users\\ZHao\\.conda\\envs\\scopefoundry\\lib\\site-packages\\ScopeFoundry\\measurement.py", line 273, in _on_display_update_timer\n    self.update_display()\n', '  File "C:\\Users\\Public\\quantum_sensing\\quantum_sensing\\fancy_microscope\\custommeasure2.py", line 322, in update_display\n    self.current_plotline.setData(self.average_x[:self.cutoff], self.average_y[:self.cutoff])\n', "AttributeError: 'ESRMeasure' object has no attribute 'average_x'\n"]
2022-10-28T13:25:39|ERROR|ESRMeasure|ESR_measurement Failed to update figure1: 'ESRMeasure' object has no attribute 'average_x'. ['Traceback (most recent call last):\n', '  File "C:\\Users\\ZHao\\.conda\\envs\\scopefoundry\\lib\\site-packages\\ScopeFoundry\\measurement.py", line 273, in _on_display_update_timer\n    self.update_display()\n', '  File "C:\\Users\\Public\\quantum_sensing\\quantum_sensing\\fancy_microscope\\custommeasure2.py", line 322, in update_display\n    self.current_plotline.setData(self.average_x[:self.cutoff], self.average_y[:self.cutoff])\n', "AttributeError: 'ESRMeasure' object has no attribute 'average_x'\n"]
2022-10-28T13:25:42|CRITICAL|root|Unhandled exception:Traceback (most recent call last):
  File "C:\Users\Public\quantum_sensing\quantum_sensing\fancy_microscope\DAQ_Analog.py", line 44, in configureDAQ
    channel = readTask.ai_channels.add_ai_voltage_chan(DAQ_APDInput,"",TerminalConfiguration.RSE,minVoltage,maxVoltage,VoltageUnits.VOLTS)
  File "C:\Users\ZHao\.conda\envs\scopefoundry\lib\site-packages\nidaqmx\_task_modules\ai_channel_collection.py", line 2563, in add_ai_voltage_chan
    check_for_error(error_code)
  File "C:\Users\ZHao\.conda\envs\scopefoundry\lib\site-packages\nidaqmx\errors.py", line 127, in check_for_error
    raise DaqError(error_buffer.value.decode("utf-8"), error_code)
nidaqmx.errors.DaqError: Requested value is not a supported value for this property. The property value may be invalid because it conflicts with another property.
Property: DAQmx_AI_TermCfg
Requested Value: DAQmx_Val_RSE
Possible Values: DAQmx_Val_Diff
Channel Name: Dev1/ai0

Task Name: _unnamedTask<0>

Status Code: -200077

During handling of the above exception, another exception occurred:

Traceback (most recent call last):
  File "C:\Users\Public\quantum_sensing\quantum_sensing\fancy_microscope\custommeasure2.py", line 184, in run
    task = DAQ.configureDAQ(self.settings.N_samples.value)
  File "C:\Users\Public\quantum_sensing\quantum_sensing\fancy_microscope\DAQ_Analog.py", line 64, in configureDAQ
    sys.exit()
SystemExit

During handling of the above exception, another exception occurred:

Traceback (most recent call last):
  File "C:\Users\ZHao\.conda\envs\scopefoundry\lib\site-packages\ScopeFoundry\measurement.py", line 25, in run
    self.measurement._thread_run()
  File "C:\Users\ZHao\.conda\envs\scopefoundry\lib\site-packages\ScopeFoundry\measurement.py", line 179, in _thread_run
    self.run()
  File "C:\Users\Public\quantum_sensing\quantum_sensing\fancy_microscope\custommeasure2.py", line 274, in run
    closeExp()
UnboundLocalError: local variable 'closeExp' referenced before assignment

