2022-10-19T16:52:51|ERROR|ESRMeasure|ESR_measurement Failed to update figure1: 'ESRMeasure' object has no attribute 'average_x'. ['Traceback (most recent call last):\n', '  File "C:\\Users\\ZHao\\.conda\\envs\\scopefoundry\\lib\\site-packages\\ScopeFoundry\\measurement.py", line 273, in _on_display_update_timer\n    self.update_display()\n', '  File "C:\\Users\\Public\\quantum_sensing\\quantum_sensing\\fancy_microscope\\custommeasure2.py", line 309, in update_display\n    self.current_plotline.setData(self.average_x[:self.cutoff], self.average_y[:self.cutoff])\n', "AttributeError: 'ESRMeasure' object has no attribute 'average_x'\n"]
2022-10-19T16:52:51|ERROR|ESRMeasure|ESR_measurement Failed to update figure1: 'ESRMeasure' object has no attribute 'average_x'. ['Traceback (most recent call last):\n', '  File "C:\\Users\\ZHao\\.conda\\envs\\scopefoundry\\lib\\site-packages\\ScopeFoundry\\measurement.py", line 273, in _on_display_update_timer\n    self.update_display()\n', '  File "C:\\Users\\Public\\quantum_sensing\\quantum_sensing\\fancy_microscope\\custommeasure2.py", line 309, in update_display\n    self.current_plotline.setData(self.average_x[:self.cutoff], self.average_y[:self.cutoff])\n', "AttributeError: 'ESRMeasure' object has no attribute 'average_x'\n"]
2022-10-19T16:52:51|ERROR|ESRMeasure|ESR_measurement Failed to update figure1: 'ESRMeasure' object has no attribute 'average_x'. ['Traceback (most recent call last):\n', '  File "C:\\Users\\ZHao\\.conda\\envs\\scopefoundry\\lib\\site-packages\\ScopeFoundry\\measurement.py", line 273, in _on_display_update_timer\n    self.update_display()\n', '  File "C:\\Users\\Public\\quantum_sensing\\quantum_sensing\\fancy_microscope\\custommeasure2.py", line 309, in update_display\n    self.current_plotline.setData(self.average_x[:self.cutoff], self.average_y[:self.cutoff])\n', "AttributeError: 'ESRMeasure' object has no attribute 'average_x'\n"]
2022-10-19T16:52:55|CRITICAL|root|Unhandled exception:Traceback (most recent call last):
  File "C:\Users\ZHao\.conda\envs\scopefoundry\lib\site-packages\ScopeFoundry\measurement.py", line 25, in run
    self.measurement._thread_run()
  File "C:\Users\ZHao\.conda\envs\scopefoundry\lib\site-packages\ScopeFoundry\measurement.py", line 179, in _thread_run
    self.run()
  File "C:\Users\Public\quantum_sensing\quantum_sensing\fancy_microscope\custommeasure2.py", line 269, in run
    closeExp()
  File "C:\Users\Public\quantum_sensing\quantum_sensing\fancy_microscope\custommeasure2.py", line 146, in closeExp
    DAQ.closeDAQTask(task)
NameError: free variable 'task' referenced before assignment in enclosing scope

2022-10-19T16:53:16|CRITICAL|root|Unhandled exception:Traceback (most recent call last):
  File "C:\Users\ZHao\.conda\envs\scopefoundry\lib\site-packages\ScopeFoundry\measurement.py", line 25, in run
    self.measurement._thread_run()
  File "C:\Users\ZHao\.conda\envs\scopefoundry\lib\site-packages\ScopeFoundry\measurement.py", line 179, in _thread_run
    self.run()
  File "C:\Users\Public\quantum_sensing\quantum_sensing\fancy_microscope\custommeasure2.py", line 269, in run
    closeExp()
  File "C:\Users\Public\quantum_sensing\quantum_sensing\fancy_microscope\custommeasure2.py", line 146, in closeExp
    DAQ.closeDAQTask(task)
NameError: free variable 'task' referenced before assignment in enclosing scope

2022-10-19T16:56:19|CRITICAL|root|Unhandled exception:Traceback (most recent call last):
  File "C:\Users\ZHao\.conda\envs\scopefoundry\lib\site-packages\ScopeFoundry\helper_funcs.py", line 135, in eventFilter
    def eventFilter(self, obj, event):
KeyboardInterrupt

2022-10-19T16:56:25|ERROR|ThorCamCaptureMeasure|thor_cam_capture Failed to update figure1: 'numpy.ndarray' object has no attribute 'width'. ['Traceback (most recent call last):\n', '  File "C:\\Users\\ZHao\\.conda\\envs\\scopefoundry\\lib\\site-packages\\ScopeFoundry\\measurement.py", line 273, in _on_display_update_timer\n    self.update_display()\n', '  File "C:\\Users\\Public\\quantum_sensing\\quantum_sensing\\fancy_microscope\\thorcam_capture.py", line 361, in update_display\n    image.resize(image.width, image.height)\n', "AttributeError: 'numpy.ndarray' object has no attribute 'width'\n"]
2022-10-19T16:56:25|ERROR|ThorCamCaptureMeasure|thor_cam_capture Failed to update figure1: 'numpy.ndarray' object has no attribute 'width'. ['Traceback (most recent call last):\n', '  File "C:\\Users\\ZHao\\.conda\\envs\\scopefoundry\\lib\\site-packages\\ScopeFoundry\\measurement.py", line 273, in _on_display_update_timer\n    self.update_display()\n', '  File "C:\\Users\\Public\\quantum_sensing\\quantum_sensing\\fancy_microscope\\thorcam_capture.py", line 361, in update_display\n    image.resize(image.width, image.height)\n', "AttributeError: 'numpy.ndarray' object has no attribute 'width'\n"]
2022-10-19T16:56:25|ERROR|ThorCamCaptureMeasure|thor_cam_capture Failed to update figure1: 'numpy.ndarray' object has no attribute 'width'. ['Traceback (most recent call last):\n', '  File "C:\\Users\\ZHao\\.conda\\envs\\scopefoundry\\lib\\site-packages\\ScopeFoundry\\measurement.py", line 273, in _on_display_update_timer\n    self.update_display()\n', '  File "C:\\Users\\Public\\quantum_sensing\\quantum_sensing\\fancy_microscope\\thorcam_capture.py", line 361, in update_display\n    image.resize(image.width, image.height)\n', "AttributeError: 'numpy.ndarray' object has no attribute 'width'\n"]
2022-10-19T16:56:25|ERROR|ThorCamCaptureMeasure|thor_cam_capture Failed to update figure1: 'numpy.ndarray' object has no attribute 'width'. ['Traceback (most recent call last):\n', '  File "C:\\Users\\ZHao\\.conda\\envs\\scopefoundry\\lib\\site-packages\\ScopeFoundry\\measurement.py", line 273, in _on_display_update_timer\n    self.update_display()\n', '  File "C:\\Users\\Public\\quantum_sensing\\quantum_sensing\\fancy_microscope\\thorcam_capture.py", line 361, in update_display\n    image.resize(image.width, image.height)\n', "AttributeError: 'numpy.ndarray' object has no attribute 'width'\n"]
2022-10-19T16:56:25|ERROR|ThorCamCaptureMeasure|thor_cam_capture Failed to update figure1: 'numpy.ndarray' object has no attribute 'width'. ['Traceback (most recent call last):\n', '  File "C:\\Users\\ZHao\\.conda\\envs\\scopefoundry\\lib\\site-packages\\ScopeFoundry\\measurement.py", line 273, in _on_display_update_timer\n    self.update_display()\n', '  File "C:\\Users\\Public\\quantum_sensing\\quantum_sensing\\fancy_microscope\\thorcam_capture.py", line 361, in update_display\n    image.resize(image.width, image.height)\n', "AttributeError: 'numpy.ndarray' object has no attribute 'width'\n"]
2022-10-19T16:56:25|ERROR|ThorCamCaptureMeasure|thor_cam_capture Failed to update figure1: 'numpy.ndarray' object has no attribute 'width'. ['Traceback (most recent call last):\n', '  File "C:\\Users\\ZHao\\.conda\\envs\\scopefoundry\\lib\\site-packages\\ScopeFoundry\\measurement.py", line 273, in _on_display_update_timer\n    self.update_display()\n', '  File "C:\\Users\\Public\\quantum_sensing\\quantum_sensing\\fancy_microscope\\thorcam_capture.py", line 361, in update_display\n    image.resize(image.width, image.height)\n', "AttributeError: 'numpy.ndarray' object has no attribute 'width'\n"]
2022-10-19T16:56:25|ERROR|ThorCamCaptureMeasure|thor_cam_capture Failed to update figure1: 'numpy.ndarray' object has no attribute 'width'. ['Traceback (most recent call last):\n', '  File "C:\\Users\\ZHao\\.conda\\envs\\scopefoundry\\lib\\site-packages\\ScopeFoundry\\measurement.py", line 273, in _on_display_update_timer\n    self.update_display()\n', '  File "C:\\Users\\Public\\quantum_sensing\\quantum_sensing\\fancy_microscope\\thorcam_capture.py", line 361, in update_display\n    image.resize(image.width, image.height)\n', "AttributeError: 'numpy.ndarray' object has no attribute 'width'\n"]
2022-10-19T16:56:25|ERROR|ThorCamCaptureMeasure|thor_cam_capture Failed to update figure1: 'numpy.ndarray' object has no attribute 'width'. ['Traceback (most recent call last):\n', '  File "C:\\Users\\ZHao\\.conda\\envs\\scopefoundry\\lib\\site-packages\\ScopeFoundry\\measurement.py", line 273, in _on_display_update_timer\n    self.update_display()\n', '  File "C:\\Users\\Public\\quantum_sensing\\quantum_sensing\\fancy_microscope\\thorcam_capture.py", line 361, in update_display\n    image.resize(image.width, image.height)\n', "AttributeError: 'numpy.ndarray' object has no attribute 'width'\n"]
2022-10-19T16:56:25|ERROR|ThorCamCaptureMeasure|thor_cam_capture Failed to update figure1: 'numpy.ndarray' object has no attribute 'width'. ['Traceback (most recent call last):\n', '  File "C:\\Users\\ZHao\\.conda\\envs\\scopefoundry\\lib\\site-packages\\ScopeFoundry\\measurement.py", line 273, in _on_display_update_timer\n    self.update_display()\n', '  File "C:\\Users\\Public\\quantum_sensing\\quantum_sensing\\fancy_microscope\\thorcam_capture.py", line 361, in update_display\n    image.resize(image.width, image.height)\n', "AttributeError: 'numpy.ndarray' object has no attribute 'width'\n"]
2022-10-19T16:56:26|ERROR|ThorCamCaptureMeasure|thor_cam_capture Failed to update figure1: 'numpy.ndarray' object has no attribute 'width'. ['Traceback (most recent call last):\n', '  File "C:\\Users\\ZHao\\.conda\\envs\\scopefoundry\\lib\\site-packages\\ScopeFoundry\\measurement.py", line 273, in _on_display_update_timer\n    self.update_display()\n', '  File "C:\\Users\\Public\\quantum_sensing\\quantum_sensing\\fancy_microscope\\thorcam_capture.py", line 361, in update_display\n    image.resize(image.width, image.height)\n', "AttributeError: 'numpy.ndarray' object has no attribute 'width'\n"]
2022-10-19T16:56:26|ERROR|ThorCamCaptureMeasure|thor_cam_capture Failed to update figure1: 'numpy.ndarray' object has no attribute 'width'. ['Traceback (most recent call last):\n', '  File "C:\\Users\\ZHao\\.conda\\envs\\scopefoundry\\lib\\site-packages\\ScopeFoundry\\measurement.py", line 273, in _on_display_update_timer\n    self.update_display()\n', '  File "C:\\Users\\Public\\quantum_sensing\\quantum_sensing\\fancy_microscope\\thorcam_capture.py", line 361, in update_display\n    image.resize(image.width, image.height)\n', "AttributeError: 'numpy.ndarray' object has no attribute 'width'\n"]
2022-10-19T16:56:26|ERROR|ThorCamCaptureMeasure|thor_cam_capture Failed to update figure1: 'numpy.ndarray' object has no attribute 'width'. ['Traceback (most recent call last):\n', '  File "C:\\Users\\ZHao\\.conda\\envs\\scopefoundry\\lib\\site-packages\\ScopeFoundry\\measurement.py", line 273, in _on_display_update_timer\n    self.update_display()\n', '  File "C:\\Users\\Public\\quantum_sensing\\quantum_sensing\\fancy_microscope\\thorcam_capture.py", line 361, in update_display\n    image.resize(image.width, image.height)\n', "AttributeError: 'numpy.ndarray' object has no attribute 'width'\n"]
2022-10-19T16:56:26|ERROR|ThorCamCaptureMeasure|thor_cam_capture Failed to update figure1: 'numpy.ndarray' object has no attribute 'width'. ['Traceback (most recent call last):\n', '  File "C:\\Users\\ZHao\\.conda\\envs\\scopefoundry\\lib\\site-packages\\ScopeFoundry\\measurement.py", line 273, in _on_display_update_timer\n    self.update_display()\n', '  File "C:\\Users\\Public\\quantum_sensing\\quantum_sensing\\fancy_microscope\\thorcam_capture.py", line 361, in update_display\n    image.resize(image.width, image.height)\n', "AttributeError: 'numpy.ndarray' object has no attribute 'width'\n"]
2022-10-19T16:56:26|ERROR|ThorCamCaptureMeasure|thor_cam_capture Failed to update figure1: 'numpy.ndarray' object has no attribute 'width'. ['Traceback (most recent call last):\n', '  File "C:\\Users\\ZHao\\.conda\\envs\\scopefoundry\\lib\\site-packages\\ScopeFoundry\\measurement.py", line 273, in _on_display_update_timer\n    self.update_display()\n', '  File "C:\\Users\\Public\\quantum_sensing\\quantum_sensing\\fancy_microscope\\thorcam_capture.py", line 361, in update_display\n    image.resize(image.width, image.height)\n', "AttributeError: 'numpy.ndarray' object has no attribute 'width'\n"]
2022-10-19T16:56:26|ERROR|ThorCamCaptureMeasure|thor_cam_capture Failed to update figure1: 'numpy.ndarray' object has no attribute 'width'. ['Traceback (most recent call last):\n', '  File "C:\\Users\\ZHao\\.conda\\envs\\scopefoundry\\lib\\site-packages\\ScopeFoundry\\measurement.py", line 273, in _on_display_update_timer\n    self.update_display()\n', '  File "C:\\Users\\Public\\quantum_sensing\\quantum_sensing\\fancy_microscope\\thorcam_capture.py", line 361, in update_display\n    image.resize(image.width, image.height)\n', "AttributeError: 'numpy.ndarray' object has no attribute 'width'\n"]
2022-10-19T16:56:26|ERROR|ThorCamCaptureMeasure|thor_cam_capture Failed to update figure1: 'numpy.ndarray' object has no attribute 'width'. ['Traceback (most recent call last):\n', '  File "C:\\Users\\ZHao\\.conda\\envs\\scopefoundry\\lib\\site-packages\\ScopeFoundry\\measurement.py", line 273, in _on_display_update_timer\n    self.update_display()\n', '  File "C:\\Users\\Public\\quantum_sensing\\quantum_sensing\\fancy_microscope\\thorcam_capture.py", line 361, in update_display\n    image.resize(image.width, image.height)\n', "AttributeError: 'numpy.ndarray' object has no attribute 'width'\n"]
2022-10-19T16:56:26|ERROR|ThorCamCaptureMeasure|thor_cam_capture Failed to update figure1: 'numpy.ndarray' object has no attribute 'width'. ['Traceback (most recent call last):\n', '  File "C:\\Users\\ZHao\\.conda\\envs\\scopefoundry\\lib\\site-packages\\ScopeFoundry\\measurement.py", line 273, in _on_display_update_timer\n    self.update_display()\n', '  File "C:\\Users\\Public\\quantum_sensing\\quantum_sensing\\fancy_microscope\\thorcam_capture.py", line 361, in update_display\n    image.resize(image.width, image.height)\n', "AttributeError: 'numpy.ndarray' object has no attribute 'width'\n"]
2022-10-19T16:56:26|ERROR|ThorCamCaptureMeasure|thor_cam_capture Failed to update figure1: 'numpy.ndarray' object has no attribute 'width'. ['Traceback (most recent call last):\n', '  File "C:\\Users\\ZHao\\.conda\\envs\\scopefoundry\\lib\\site-packages\\ScopeFoundry\\measurement.py", line 273, in _on_display_update_timer\n    self.update_display()\n', '  File "C:\\Users\\Public\\quantum_sensing\\quantum_sensing\\fancy_microscope\\thorcam_capture.py", line 361, in update_display\n    image.resize(image.width, image.height)\n', "AttributeError: 'numpy.ndarray' object has no attribute 'width'\n"]
2022-10-19T16:56:27|ERROR|ThorCamCaptureMeasure|thor_cam_capture Failed to update figure1: 'numpy.ndarray' object has no attribute 'width'. ['Traceback (most recent call last):\n', '  File "C:\\Users\\ZHao\\.conda\\envs\\scopefoundry\\lib\\site-packages\\ScopeFoundry\\measurement.py", line 273, in _on_display_update_timer\n    self.update_display()\n', '  File "C:\\Users\\Public\\quantum_sensing\\quantum_sensing\\fancy_microscope\\thorcam_capture.py", line 361, in update_display\n    image.resize(image.width, image.height)\n', "AttributeError: 'numpy.ndarray' object has no attribute 'width'\n"]
2022-10-19T16:56:27|ERROR|ThorCamCaptureMeasure|thor_cam_capture Failed to update figure1: 'numpy.ndarray' object has no attribute 'width'. ['Traceback (most recent call last):\n', '  File "C:\\Users\\ZHao\\.conda\\envs\\scopefoundry\\lib\\site-packages\\ScopeFoundry\\measurement.py", line 273, in _on_display_update_timer\n    self.update_display()\n', '  File "C:\\Users\\Public\\quantum_sensing\\quantum_sensing\\fancy_microscope\\thorcam_capture.py", line 361, in update_display\n    image.resize(image.width, image.height)\n', "AttributeError: 'numpy.ndarray' object has no attribute 'width'\n"]
2022-10-19T16:56:27|ERROR|ThorCamCaptureMeasure|thor_cam_capture Failed to update figure1: 'numpy.ndarray' object has no attribute 'width'. ['Traceback (most recent call last):\n', '  File "C:\\Users\\ZHao\\.conda\\envs\\scopefoundry\\lib\\site-packages\\ScopeFoundry\\measurement.py", line 273, in _on_display_update_timer\n    self.update_display()\n', '  File "C:\\Users\\Public\\quantum_sensing\\quantum_sensing\\fancy_microscope\\thorcam_capture.py", line 361, in update_display\n    image.resize(image.width, image.height)\n', "AttributeError: 'numpy.ndarray' object has no attribute 'width'\n"]
2022-10-19T16:56:27|ERROR|ThorCamCaptureMeasure|thor_cam_capture Failed to update figure1: 'numpy.ndarray' object has no attribute 'width'. ['Traceback (most recent call last):\n', '  File "C:\\Users\\ZHao\\.conda\\envs\\scopefoundry\\lib\\site-packages\\ScopeFoundry\\measurement.py", line 273, in _on_display_update_timer\n    self.update_display()\n', '  File "C:\\Users\\Public\\quantum_sensing\\quantum_sensing\\fancy_microscope\\thorcam_capture.py", line 361, in update_display\n    image.resize(image.width, image.height)\n', "AttributeError: 'numpy.ndarray' object has no attribute 'width'\n"]
2022-10-19T16:56:27|ERROR|ThorCamCaptureMeasure|thor_cam_capture Failed to update figure1: 'numpy.ndarray' object has no attribute 'width'. ['Traceback (most recent call last):\n', '  File "C:\\Users\\ZHao\\.conda\\envs\\scopefoundry\\lib\\site-packages\\ScopeFoundry\\measurement.py", line 273, in _on_display_update_timer\n    self.update_display()\n', '  File "C:\\Users\\Public\\quantum_sensing\\quantum_sensing\\fancy_microscope\\thorcam_capture.py", line 361, in update_display\n    image.resize(image.width, image.height)\n', "AttributeError: 'numpy.ndarray' object has no attribute 'width'\n"]
2022-10-19T16:56:27|ERROR|ThorCamCaptureMeasure|thor_cam_capture Failed to update figure1: 'numpy.ndarray' object has no attribute 'width'. ['Traceback (most recent call last):\n', '  File "C:\\Users\\ZHao\\.conda\\envs\\scopefoundry\\lib\\site-packages\\ScopeFoundry\\measurement.py", line 273, in _on_display_update_timer\n    self.update_display()\n', '  File "C:\\Users\\Public\\quantum_sensing\\quantum_sensing\\fancy_microscope\\thorcam_capture.py", line 361, in update_display\n    image.resize(image.width, image.height)\n', "AttributeError: 'numpy.ndarray' object has no attribute 'width'\n"]
2022-10-19T16:56:27|ERROR|ThorCamCaptureMeasure|thor_cam_capture Failed to update figure1: 'numpy.ndarray' object has no attribute 'width'. ['Traceback (most recent call last):\n', '  File "C:\\Users\\ZHao\\.conda\\envs\\scopefoundry\\lib\\site-packages\\ScopeFoundry\\measurement.py", line 273, in _on_display_update_timer\n    self.update_display()\n', '  File "C:\\Users\\Public\\quantum_sensing\\quantum_sensing\\fancy_microscope\\thorcam_capture.py", line 361, in update_display\n    image.resize(image.width, image.height)\n', "AttributeError: 'numpy.ndarray' object has no attribute 'width'\n"]
2022-10-19T16:56:27|ERROR|ThorCamCaptureMeasure|thor_cam_capture Failed to update figure1: 'numpy.ndarray' object has no attribute 'width'. ['Traceback (most recent call last):\n', '  File "C:\\Users\\ZHao\\.conda\\envs\\scopefoundry\\lib\\site-packages\\ScopeFoundry\\measurement.py", line 273, in _on_display_update_timer\n    self.update_display()\n', '  File "C:\\Users\\Public\\quantum_sensing\\quantum_sensing\\fancy_microscope\\thorcam_capture.py", line 361, in update_display\n    image.resize(image.width, image.height)\n', "AttributeError: 'numpy.ndarray' object has no attribute 'width'\n"]
2022-10-19T16:56:27|ERROR|ThorCamCaptureMeasure|thor_cam_capture Failed to update figure1: 'numpy.ndarray' object has no attribute 'width'. ['Traceback (most recent call last):\n', '  File "C:\\Users\\ZHao\\.conda\\envs\\scopefoundry\\lib\\site-packages\\ScopeFoundry\\measurement.py", line 273, in _on_display_update_timer\n    self.update_display()\n', '  File "C:\\Users\\Public\\quantum_sensing\\quantum_sensing\\fancy_microscope\\thorcam_capture.py", line 361, in update_display\n    image.resize(image.width, image.height)\n', "AttributeError: 'numpy.ndarray' object has no attribute 'width'\n"]
2022-10-19T16:56:28|ERROR|ThorCamCaptureMeasure|thor_cam_capture Failed to update figure1: 'numpy.ndarray' object has no attribute 'width'. ['Traceback (most recent call last):\n', '  File "C:\\Users\\ZHao\\.conda\\envs\\scopefoundry\\lib\\site-packages\\ScopeFoundry\\measurement.py", line 273, in _on_display_update_timer\n    self.update_display()\n', '  File "C:\\Users\\Public\\quantum_sensing\\quantum_sensing\\fancy_microscope\\thorcam_capture.py", line 361, in update_display\n    image.resize(image.width, image.height)\n', "AttributeError: 'numpy.ndarray' object has no attribute 'width'\n"]
2022-10-19T16:56:28|ERROR|ThorCamCaptureMeasure|thor_cam_capture Failed to update figure1: 'numpy.ndarray' object has no attribute 'width'. ['Traceback (most recent call last):\n', '  File "C:\\Users\\ZHao\\.conda\\envs\\scopefoundry\\lib\\site-packages\\ScopeFoundry\\measurement.py", line 273, in _on_display_update_timer\n    self.update_display()\n', '  File "C:\\Users\\Public\\quantum_sensing\\quantum_sensing\\fancy_microscope\\thorcam_capture.py", line 361, in update_display\n    image.resize(image.width, image.height)\n', "AttributeError: 'numpy.ndarray' object has no attribute 'width'\n"]
2022-10-19T16:56:28|ERROR|ThorCamCaptureMeasure|thor_cam_capture Failed to update figure1: 'numpy.ndarray' object has no attribute 'width'. ['Traceback (most recent call last):\n', '  File "C:\\Users\\ZHao\\.conda\\envs\\scopefoundry\\lib\\site-packages\\ScopeFoundry\\measurement.py", line 273, in _on_display_update_timer\n    self.update_display()\n', '  File "C:\\Users\\Public\\quantum_sensing\\quantum_sensing\\fancy_microscope\\thorcam_capture.py", line 361, in update_display\n    image.resize(image.width, image.height)\n', "AttributeError: 'numpy.ndarray' object has no attribute 'width'\n"]
2022-10-19T16:56:28|ERROR|ThorCamCaptureMeasure|thor_cam_capture Failed to update figure1: 'numpy.ndarray' object has no attribute 'width'. ['Traceback (most recent call last):\n', '  File "C:\\Users\\ZHao\\.conda\\envs\\scopefoundry\\lib\\site-packages\\ScopeFoundry\\measurement.py", line 273, in _on_display_update_timer\n    self.update_display()\n', '  File "C:\\Users\\Public\\quantum_sensing\\quantum_sensing\\fancy_microscope\\thorcam_capture.py", line 361, in update_display\n    image.resize(image.width, image.height)\n', "AttributeError: 'numpy.ndarray' object has no attribute 'width'\n"]
2022-10-19T16:56:28|ERROR|ThorCamCaptureMeasure|thor_cam_capture Failed to update figure1: 'numpy.ndarray' object has no attribute 'width'. ['Traceback (most recent call last):\n', '  File "C:\\Users\\ZHao\\.conda\\envs\\scopefoundry\\lib\\site-packages\\ScopeFoundry\\measurement.py", line 273, in _on_display_update_timer\n    self.update_display()\n', '  File "C:\\Users\\Public\\quantum_sensing\\quantum_sensing\\fancy_microscope\\thorcam_capture.py", line 361, in update_display\n    image.resize(image.width, image.height)\n', "AttributeError: 'numpy.ndarray' object has no attribute 'width'\n"]
2022-10-19T16:56:28|ERROR|ThorCamCaptureMeasure|thor_cam_capture Failed to update figure1: 'numpy.ndarray' object has no attribute 'width'. ['Traceback (most recent call last):\n', '  File "C:\\Users\\ZHao\\.conda\\envs\\scopefoundry\\lib\\site-packages\\ScopeFoundry\\measurement.py", line 273, in _on_display_update_timer\n    self.update_display()\n', '  File "C:\\Users\\Public\\quantum_sensing\\quantum_sensing\\fancy_microscope\\thorcam_capture.py", line 361, in update_display\n    image.resize(image.width, image.height)\n', "AttributeError: 'numpy.ndarray' object has no attribute 'width'\n"]
2022-10-19T16:56:28|ERROR|ThorCamCaptureMeasure|thor_cam_capture Failed to update figure1: 'numpy.ndarray' object has no attribute 'width'. ['Traceback (most recent call last):\n', '  File "C:\\Users\\ZHao\\.conda\\envs\\scopefoundry\\lib\\site-packages\\ScopeFoundry\\measurement.py", line 273, in _on_display_update_timer\n    self.update_display()\n', '  File "C:\\Users\\Public\\quantum_sensing\\quantum_sensing\\fancy_microscope\\thorcam_capture.py", line 361, in update_display\n    image.resize(image.width, image.height)\n', "AttributeError: 'numpy.ndarray' object has no attribute 'width'\n"]
2022-10-19T16:56:28|ERROR|ThorCamCaptureMeasure|thor_cam_capture Failed to update figure1: 'numpy.ndarray' object has no attribute 'width'. ['Traceback (most recent call last):\n', '  File "C:\\Users\\ZHao\\.conda\\envs\\scopefoundry\\lib\\site-packages\\ScopeFoundry\\measurement.py", line 273, in _on_display_update_timer\n    self.update_display()\n', '  File "C:\\Users\\Public\\quantum_sensing\\quantum_sensing\\fancy_microscope\\thorcam_capture.py", line 361, in update_display\n    image.resize(image.width, image.height)\n', "AttributeError: 'numpy.ndarray' object has no attribute 'width'\n"]
2022-10-19T16:56:28|ERROR|ThorCamCaptureMeasure|thor_cam_capture Failed to update figure1: 'numpy.ndarray' object has no attribute 'width'. ['Traceback (most recent call last):\n', '  File "C:\\Users\\ZHao\\.conda\\envs\\scopefoundry\\lib\\site-packages\\ScopeFoundry\\measurement.py", line 273, in _on_display_update_timer\n    self.update_display()\n', '  File "C:\\Users\\Public\\quantum_sensing\\quantum_sensing\\fancy_microscope\\thorcam_capture.py", line 361, in update_display\n    image.resize(image.width, image.height)\n', "AttributeError: 'numpy.ndarray' object has no attribute 'width'\n"]
2022-10-19T16:56:29|ERROR|ThorCamCaptureMeasure|thor_cam_capture Failed to update figure1: 'numpy.ndarray' object has no attribute 'width'. ['Traceback (most recent call last):\n', '  File "C:\\Users\\ZHao\\.conda\\envs\\scopefoundry\\lib\\site-packages\\ScopeFoundry\\measurement.py", line 273, in _on_display_update_timer\n    self.update_display()\n', '  File "C:\\Users\\Public\\quantum_sensing\\quantum_sensing\\fancy_microscope\\thorcam_capture.py", line 361, in update_display\n    image.resize(image.width, image.height)\n', "AttributeError: 'numpy.ndarray' object has no attribute 'width'\n"]
2022-10-19T16:56:29|ERROR|ThorCamCaptureMeasure|thor_cam_capture Failed to update figure1: 'numpy.ndarray' object has no attribute 'width'. ['Traceback (most recent call last):\n', '  File "C:\\Users\\ZHao\\.conda\\envs\\scopefoundry\\lib\\site-packages\\ScopeFoundry\\measurement.py", line 273, in _on_display_update_timer\n    self.update_display()\n', '  File "C:\\Users\\Public\\quantum_sensing\\quantum_sensing\\fancy_microscope\\thorcam_capture.py", line 361, in update_display\n    image.resize(image.width, image.height)\n', "AttributeError: 'numpy.ndarray' object has no attribute 'width'\n"]
2022-10-19T16:56:29|ERROR|ThorCamCaptureMeasure|thor_cam_capture Failed to update figure1: 'numpy.ndarray' object has no attribute 'width'. ['Traceback (most recent call last):\n', '  File "C:\\Users\\ZHao\\.conda\\envs\\scopefoundry\\lib\\site-packages\\ScopeFoundry\\measurement.py", line 273, in _on_display_update_timer\n    self.update_display()\n', '  File "C:\\Users\\Public\\quantum_sensing\\quantum_sensing\\fancy_microscope\\thorcam_capture.py", line 361, in update_display\n    image.resize(image.width, image.height)\n', "AttributeError: 'numpy.ndarray' object has no attribute 'width'\n"]
2022-10-19T16:56:29|ERROR|ThorCamCaptureMeasure|thor_cam_capture Failed to update figure1: 'numpy.ndarray' object has no attribute 'width'. ['Traceback (most recent call last):\n', '  File "C:\\Users\\ZHao\\.conda\\envs\\scopefoundry\\lib\\site-packages\\ScopeFoundry\\measurement.py", line 273, in _on_display_update_timer\n    self.update_display()\n', '  File "C:\\Users\\Public\\quantum_sensing\\quantum_sensing\\fancy_microscope\\thorcam_capture.py", line 361, in update_display\n    image.resize(image.width, image.height)\n', "AttributeError: 'numpy.ndarray' object has no attribute 'width'\n"]
2022-10-19T16:56:29|ERROR|ThorCamCaptureMeasure|thor_cam_capture Failed to update figure1: 'numpy.ndarray' object has no attribute 'width'. ['Traceback (most recent call last):\n', '  File "C:\\Users\\ZHao\\.conda\\envs\\scopefoundry\\lib\\site-packages\\ScopeFoundry\\measurement.py", line 273, in _on_display_update_timer\n    self.update_display()\n', '  File "C:\\Users\\Public\\quantum_sensing\\quantum_sensing\\fancy_microscope\\thorcam_capture.py", line 361, in update_display\n    image.resize(image.width, image.height)\n', "AttributeError: 'numpy.ndarray' object has no attribute 'width'\n"]
2022-10-19T16:56:29|CRITICAL|root|Unhandled exception:Traceback (most recent call last):
  File "C:\Users\ZHao\.conda\envs\scopefoundry\lib\site-packages\ScopeFoundry\helper_funcs.py", line 93, in eventFilter
    def eventFilter(self, obj, event):
KeyboardInterrupt

2022-10-19T16:56:29|ERROR|ThorCamCaptureMeasure|thor_cam_capture Failed to update figure1: 'numpy.ndarray' object has no attribute 'width'. ['Traceback (most recent call last):\n', '  File "C:\\Users\\ZHao\\.conda\\envs\\scopefoundry\\lib\\site-packages\\ScopeFoundry\\measurement.py", line 273, in _on_display_update_timer\n    self.update_display()\n', '  File "C:\\Users\\Public\\quantum_sensing\\quantum_sensing\\fancy_microscope\\thorcam_capture.py", line 361, in update_display\n    image.resize(image.width, image.height)\n', "AttributeError: 'numpy.ndarray' object has no attribute 'width'\n"]
2022-10-19T16:56:29|ERROR|ThorCamCaptureMeasure|thor_cam_capture Failed to update figure1: 'numpy.ndarray' object has no attribute 'width'. ['Traceback (most recent call last):\n', '  File "C:\\Users\\ZHao\\.conda\\envs\\scopefoundry\\lib\\site-packages\\ScopeFoundry\\measurement.py", line 273, in _on_display_update_timer\n    self.update_display()\n', '  File "C:\\Users\\Public\\quantum_sensing\\quantum_sensing\\fancy_microscope\\thorcam_capture.py", line 361, in update_display\n    image.resize(image.width, image.height)\n', "AttributeError: 'numpy.ndarray' object has no attribute 'width'\n"]
2022-10-19T16:56:29|ERROR|ThorCamCaptureMeasure|thor_cam_capture Failed to update figure1: 'numpy.ndarray' object has no attribute 'width'. ['Traceback (most recent call last):\n', '  File "C:\\Users\\ZHao\\.conda\\envs\\scopefoundry\\lib\\site-packages\\ScopeFoundry\\measurement.py", line 273, in _on_display_update_timer\n    self.update_display()\n', '  File "C:\\Users\\Public\\quantum_sensing\\quantum_sensing\\fancy_microscope\\thorcam_capture.py", line 361, in update_display\n    image.resize(image.width, image.height)\n', "AttributeError: 'numpy.ndarray' object has no attribute 'width'\n"]
2022-10-19T16:56:29|ERROR|ThorCamCaptureMeasure|thor_cam_capture Failed to update figure1: 'numpy.ndarray' object has no attribute 'width'. ['Traceback (most recent call last):\n', '  File "C:\\Users\\ZHao\\.conda\\envs\\scopefoundry\\lib\\site-packages\\ScopeFoundry\\measurement.py", line 273, in _on_display_update_timer\n    self.update_display()\n', '  File "C:\\Users\\Public\\quantum_sensing\\quantum_sensing\\fancy_microscope\\thorcam_capture.py", line 361, in update_display\n    image.resize(image.width, image.height)\n', "AttributeError: 'numpy.ndarray' object has no attribute 'width'\n"]
2022-10-19T16:56:30|ERROR|ThorCamCaptureMeasure|thor_cam_capture Failed to update figure1: 'numpy.ndarray' object has no attribute 'width'. ['Traceback (most recent call last):\n', '  File "C:\\Users\\ZHao\\.conda\\envs\\scopefoundry\\lib\\site-packages\\ScopeFoundry\\measurement.py", line 273, in _on_display_update_timer\n    self.update_display()\n', '  File "C:\\Users\\Public\\quantum_sensing\\quantum_sensing\\fancy_microscope\\thorcam_capture.py", line 361, in update_display\n    image.resize(image.width, image.height)\n', "AttributeError: 'numpy.ndarray' object has no attribute 'width'\n"]
2022-10-19T16:56:30|CRITICAL|root|Unhandled exception:Traceback (most recent call last):
  File "C:\Users\ZHao\.conda\envs\scopefoundry\lib\site-packages\pyqtgraph\graphicsItems\AxisItem.py", line 589, in paint
    self.picture.play(p)
KeyboardInterrupt

2022-10-19T16:56:30|ERROR|ThorCamCaptureMeasure|thor_cam_capture Failed to update figure1: 'numpy.ndarray' object has no attribute 'width'. ['Traceback (most recent call last):\n', '  File "C:\\Users\\ZHao\\.conda\\envs\\scopefoundry\\lib\\site-packages\\ScopeFoundry\\measurement.py", line 273, in _on_display_update_timer\n    self.update_display()\n', '  File "C:\\Users\\Public\\quantum_sensing\\quantum_sensing\\fancy_microscope\\thorcam_capture.py", line 361, in update_display\n    image.resize(image.width, image.height)\n', "AttributeError: 'numpy.ndarray' object has no attribute 'width'\n"]
2022-10-19T16:56:30|ERROR|ThorCamCaptureMeasure|thor_cam_capture Failed to update figure1: 'numpy.ndarray' object has no attribute 'width'. ['Traceback (most recent call last):\n', '  File "C:\\Users\\ZHao\\.conda\\envs\\scopefoundry\\lib\\site-packages\\ScopeFoundry\\measurement.py", line 273, in _on_display_update_timer\n    self.update_display()\n', '  File "C:\\Users\\Public\\quantum_sensing\\quantum_sensing\\fancy_microscope\\thorcam_capture.py", line 361, in update_display\n    image.resize(image.width, image.height)\n', "AttributeError: 'numpy.ndarray' object has no attribute 'width'\n"]
2022-10-19T16:56:30|CRITICAL|root|Unhandled exception:Traceback (most recent call last):
  File "C:\Users\ZHao\.conda\envs\scopefoundry\lib\site-packages\ScopeFoundry\helper_funcs.py", line 93, in eventFilter
    def eventFilter(self, obj, event):
KeyboardInterrupt

2022-10-19T16:56:30|ERROR|ThorCamCaptureMeasure|thor_cam_capture Failed to update figure1: 'numpy.ndarray' object has no attribute 'width'. ['Traceback (most recent call last):\n', '  File "C:\\Users\\ZHao\\.conda\\envs\\scopefoundry\\lib\\site-packages\\ScopeFoundry\\measurement.py", line 273, in _on_display_update_timer\n    self.update_display()\n', '  File "C:\\Users\\Public\\quantum_sensing\\quantum_sensing\\fancy_microscope\\thorcam_capture.py", line 361, in update_display\n    image.resize(image.width, image.height)\n', "AttributeError: 'numpy.ndarray' object has no attribute 'width'\n"]
2022-10-19T16:56:30|ERROR|ThorCamCaptureMeasure|thor_cam_capture Failed to update figure1: 'numpy.ndarray' object has no attribute 'width'. ['Traceback (most recent call last):\n', '  File "C:\\Users\\ZHao\\.conda\\envs\\scopefoundry\\lib\\site-packages\\ScopeFoundry\\measurement.py", line 273, in _on_display_update_timer\n    self.update_display()\n', '  File "C:\\Users\\Public\\quantum_sensing\\quantum_sensing\\fancy_microscope\\thorcam_capture.py", line 361, in update_display\n    image.resize(image.width, image.height)\n', "AttributeError: 'numpy.ndarray' object has no attribute 'width'\n"]
2022-10-19T16:56:30|CRITICAL|root|Unhandled exception:Traceback (most recent call last):
  File "C:\Users\ZHao\.conda\envs\scopefoundry\lib\site-packages\ScopeFoundry\helper_funcs.py", line 93, in eventFilter
    def eventFilter(self, obj, event):
KeyboardInterrupt

2022-10-19T16:56:30|ERROR|ThorCamCaptureMeasure|thor_cam_capture Failed to update figure1: 'numpy.ndarray' object has no attribute 'width'. ['Traceback (most recent call last):\n', '  File "C:\\Users\\ZHao\\.conda\\envs\\scopefoundry\\lib\\site-packages\\ScopeFoundry\\measurement.py", line 273, in _on_display_update_timer\n    self.update_display()\n', '  File "C:\\Users\\Public\\quantum_sensing\\quantum_sensing\\fancy_microscope\\thorcam_capture.py", line 361, in update_display\n    image.resize(image.width, image.height)\n', "AttributeError: 'numpy.ndarray' object has no attribute 'width'\n"]
2022-10-19T16:56:30|ERROR|ThorCamCaptureMeasure|thor_cam_capture Failed to update figure1: 'numpy.ndarray' object has no attribute 'width'. ['Traceback (most recent call last):\n', '  File "C:\\Users\\ZHao\\.conda\\envs\\scopefoundry\\lib\\site-packages\\ScopeFoundry\\measurement.py", line 273, in _on_display_update_timer\n    self.update_display()\n', '  File "C:\\Users\\Public\\quantum_sensing\\quantum_sensing\\fancy_microscope\\thorcam_capture.py", line 361, in update_display\n    image.resize(image.width, image.height)\n', "AttributeError: 'numpy.ndarray' object has no attribute 'width'\n"]
2022-10-19T16:56:30|CRITICAL|root|Unhandled exception:Traceback (most recent call last):
  File "C:\Users\ZHao\.conda\envs\scopefoundry\lib\site-packages\ScopeFoundry\helper_funcs.py", line 93, in eventFilter
    def eventFilter(self, obj, event):
KeyboardInterrupt

2022-10-19T16:56:30|ERROR|ThorCamCaptureMeasure|thor_cam_capture Failed to update figure1: 'numpy.ndarray' object has no attribute 'width'. ['Traceback (most recent call last):\n', '  File "C:\\Users\\ZHao\\.conda\\envs\\scopefoundry\\lib\\site-packages\\ScopeFoundry\\measurement.py", line 273, in _on_display_update_timer\n    self.update_display()\n', '  File "C:\\Users\\Public\\quantum_sensing\\quantum_sensing\\fancy_microscope\\thorcam_capture.py", line 361, in update_display\n    image.resize(image.width, image.height)\n', "AttributeError: 'numpy.ndarray' object has no attribute 'width'\n"]
2022-10-19T16:56:30|ERROR|ThorCamCaptureMeasure|thor_cam_capture Failed to update figure1: 'numpy.ndarray' object has no attribute 'width'. ['Traceback (most recent call last):\n', '  File "C:\\Users\\ZHao\\.conda\\envs\\scopefoundry\\lib\\site-packages\\ScopeFoundry\\measurement.py", line 273, in _on_display_update_timer\n    self.update_display()\n', '  File "C:\\Users\\Public\\quantum_sensing\\quantum_sensing\\fancy_microscope\\thorcam_capture.py", line 361, in update_display\n    image.resize(image.width, image.height)\n', "AttributeError: 'numpy.ndarray' object has no attribute 'width'\n"]
2022-10-19T16:56:30|CRITICAL|root|Unhandled exception:Traceback (most recent call last):
  File "C:\Users\ZHao\.conda\envs\scopefoundry\lib\site-packages\ScopeFoundry\helper_funcs.py", line 93, in eventFilter
    def eventFilter(self, obj, event):
KeyboardInterrupt

2022-10-19T16:56:31|ERROR|ThorCamCaptureMeasure|thor_cam_capture Failed to update figure1: 'numpy.ndarray' object has no attribute 'width'. ['Traceback (most recent call last):\n', '  File "C:\\Users\\ZHao\\.conda\\envs\\scopefoundry\\lib\\site-packages\\ScopeFoundry\\measurement.py", line 273, in _on_display_update_timer\n    self.update_display()\n', '  File "C:\\Users\\Public\\quantum_sensing\\quantum_sensing\\fancy_microscope\\thorcam_capture.py", line 361, in update_display\n    image.resize(image.width, image.height)\n', "AttributeError: 'numpy.ndarray' object has no attribute 'width'\n"]
2022-10-19T16:56:31|CRITICAL|root|Unhandled exception:Traceback (most recent call last):
  File "C:\Users\ZHao\.conda\envs\scopefoundry\lib\site-packages\ScopeFoundry\measurement.py", line 272, in _on_display_update_timer
    try:
KeyboardInterrupt

2022-10-19T16:56:31|ERROR|ThorCamCaptureMeasure|thor_cam_capture Failed to update figure1: 'numpy.ndarray' object has no attribute 'width'. ['Traceback (most recent call last):\n', '  File "C:\\Users\\ZHao\\.conda\\envs\\scopefoundry\\lib\\site-packages\\ScopeFoundry\\measurement.py", line 273, in _on_display_update_timer\n    self.update_display()\n', '  File "C:\\Users\\Public\\quantum_sensing\\quantum_sensing\\fancy_microscope\\thorcam_capture.py", line 361, in update_display\n    image.resize(image.width, image.height)\n', "AttributeError: 'numpy.ndarray' object has no attribute 'width'\n"]
2022-10-19T16:56:31|CRITICAL|root|Unhandled exception:Traceback (most recent call last):
  File "C:\Users\ZHao\.conda\envs\scopefoundry\lib\site-packages\ScopeFoundry\helper_funcs.py", line 93, in eventFilter
    def eventFilter(self, obj, event):
KeyboardInterrupt

2022-10-19T16:56:31|ERROR|ThorCamCaptureMeasure|thor_cam_capture Failed to update figure1: 'numpy.ndarray' object has no attribute 'width'. ['Traceback (most recent call last):\n', '  File "C:\\Users\\ZHao\\.conda\\envs\\scopefoundry\\lib\\site-packages\\ScopeFoundry\\measurement.py", line 273, in _on_display_update_timer\n    self.update_display()\n', '  File "C:\\Users\\Public\\quantum_sensing\\quantum_sensing\\fancy_microscope\\thorcam_capture.py", line 361, in update_display\n    image.resize(image.width, image.height)\n', "AttributeError: 'numpy.ndarray' object has no attribute 'width'\n"]
2022-10-19T16:56:31|ERROR|ThorCamCaptureMeasure|thor_cam_capture Failed to update figure1: 'numpy.ndarray' object has no attribute 'width'. ['Traceback (most recent call last):\n', '  File "C:\\Users\\ZHao\\.conda\\envs\\scopefoundry\\lib\\site-packages\\ScopeFoundry\\measurement.py", line 273, in _on_display_update_timer\n    self.update_display()\n', '  File "C:\\Users\\Public\\quantum_sensing\\quantum_sensing\\fancy_microscope\\thorcam_capture.py", line 361, in update_display\n    image.resize(image.width, image.height)\n', "AttributeError: 'numpy.ndarray' object has no attribute 'width'\n"]
2022-10-19T16:56:31|CRITICAL|root|Unhandled exception:Traceback (most recent call last):
  File "C:\Users\ZHao\.conda\envs\scopefoundry\lib\site-packages\ScopeFoundry\helper_funcs.py", line 135, in eventFilter
    def eventFilter(self, obj, event):
KeyboardInterrupt

2022-10-19T16:56:31|ERROR|ThorCamCaptureMeasure|thor_cam_capture Failed to update figure1: 'numpy.ndarray' object has no attribute 'width'. ['Traceback (most recent call last):\n', '  File "C:\\Users\\ZHao\\.conda\\envs\\scopefoundry\\lib\\site-packages\\ScopeFoundry\\measurement.py", line 273, in _on_display_update_timer\n    self.update_display()\n', '  File "C:\\Users\\Public\\quantum_sensing\\quantum_sensing\\fancy_microscope\\thorcam_capture.py", line 361, in update_display\n    image.resize(image.width, image.height)\n', "AttributeError: 'numpy.ndarray' object has no attribute 'width'\n"]
2022-10-19T16:56:31|CRITICAL|root|Unhandled exception:Traceback (most recent call last):
  File "C:\Users\ZHao\.conda\envs\scopefoundry\lib\site-packages\ScopeFoundry\measurement.py", line 272, in _on_display_update_timer
    try:
KeyboardInterrupt

2022-10-19T16:56:31|ERROR|ThorCamCaptureMeasure|thor_cam_capture Failed to update figure1: 'numpy.ndarray' object has no attribute 'width'. ['Traceback (most recent call last):\n', '  File "C:\\Users\\ZHao\\.conda\\envs\\scopefoundry\\lib\\site-packages\\ScopeFoundry\\measurement.py", line 273, in _on_display_update_timer\n    self.update_display()\n', '  File "C:\\Users\\Public\\quantum_sensing\\quantum_sensing\\fancy_microscope\\thorcam_capture.py", line 361, in update_display\n    image.resize(image.width, image.height)\n', "AttributeError: 'numpy.ndarray' object has no attribute 'width'\n"]
2022-10-19T16:56:31|ERROR|ThorCamCaptureMeasure|thor_cam_capture Failed to update figure1: 'numpy.ndarray' object has no attribute 'width'. ['Traceback (most recent call last):\n', '  File "C:\\Users\\ZHao\\.conda\\envs\\scopefoundry\\lib\\site-packages\\ScopeFoundry\\measurement.py", line 273, in _on_display_update_timer\n    self.update_display()\n', '  File "C:\\Users\\Public\\quantum_sensing\\quantum_sensing\\fancy_microscope\\thorcam_capture.py", line 361, in update_display\n    image.resize(image.width, image.height)\n', "AttributeError: 'numpy.ndarray' object has no attribute 'width'\n"]
2022-10-19T16:56:31|ERROR|ThorCamCaptureMeasure|thor_cam_capture Failed to update figure1: 'numpy.ndarray' object has no attribute 'width'. ['Traceback (most recent call last):\n', '  File "C:\\Users\\ZHao\\.conda\\envs\\scopefoundry\\lib\\site-packages\\ScopeFoundry\\measurement.py", line 273, in _on_display_update_timer\n    self.update_display()\n', '  File "C:\\Users\\Public\\quantum_sensing\\quantum_sensing\\fancy_microscope\\thorcam_capture.py", line 361, in update_display\n    image.resize(image.width, image.height)\n', "AttributeError: 'numpy.ndarray' object has no attribute 'width'\n"]
2022-10-19T16:56:32|ERROR|ThorCamCaptureMeasure|thor_cam_capture Failed to update figure1: 'numpy.ndarray' object has no attribute 'width'. ['Traceback (most recent call last):\n', '  File "C:\\Users\\ZHao\\.conda\\envs\\scopefoundry\\lib\\site-packages\\ScopeFoundry\\measurement.py", line 273, in _on_display_update_timer\n    self.update_display()\n', '  File "C:\\Users\\Public\\quantum_sensing\\quantum_sensing\\fancy_microscope\\thorcam_capture.py", line 361, in update_display\n    image.resize(image.width, image.height)\n', "AttributeError: 'numpy.ndarray' object has no attribute 'width'\n"]
2022-10-19T16:56:32|ERROR|ThorCamCaptureMeasure|thor_cam_capture Failed to update figure1: 'numpy.ndarray' object has no attribute 'width'. ['Traceback (most recent call last):\n', '  File "C:\\Users\\ZHao\\.conda\\envs\\scopefoundry\\lib\\site-packages\\ScopeFoundry\\measurement.py", line 273, in _on_display_update_timer\n    self.update_display()\n', '  File "C:\\Users\\Public\\quantum_sensing\\quantum_sensing\\fancy_microscope\\thorcam_capture.py", line 361, in update_display\n    image.resize(image.width, image.height)\n', "AttributeError: 'numpy.ndarray' object has no attribute 'width'\n"]
2022-10-19T16:56:32|ERROR|ThorCamCaptureMeasure|thor_cam_capture Failed to update figure1: 'numpy.ndarray' object has no attribute 'width'. ['Traceback (most recent call last):\n', '  File "C:\\Users\\ZHao\\.conda\\envs\\scopefoundry\\lib\\site-packages\\ScopeFoundry\\measurement.py", line 273, in _on_display_update_timer\n    self.update_display()\n', '  File "C:\\Users\\Public\\quantum_sensing\\quantum_sensing\\fancy_microscope\\thorcam_capture.py", line 361, in update_display\n    image.resize(image.width, image.height)\n', "AttributeError: 'numpy.ndarray' object has no attribute 'width'\n"]
2022-10-19T16:56:32|ERROR|ThorCamCaptureMeasure|thor_cam_capture Failed to update figure1: 'numpy.ndarray' object has no attribute 'width'. ['Traceback (most recent call last):\n', '  File "C:\\Users\\ZHao\\.conda\\envs\\scopefoundry\\lib\\site-packages\\ScopeFoundry\\measurement.py", line 273, in _on_display_update_timer\n    self.update_display()\n', '  File "C:\\Users\\Public\\quantum_sensing\\quantum_sensing\\fancy_microscope\\thorcam_capture.py", line 361, in update_display\n    image.resize(image.width, image.height)\n', "AttributeError: 'numpy.ndarray' object has no attribute 'width'\n"]
2022-10-19T16:56:32|ERROR|ThorCamCaptureMeasure|thor_cam_capture Failed to update figure1: 'numpy.ndarray' object has no attribute 'width'. ['Traceback (most recent call last):\n', '  File "C:\\Users\\ZHao\\.conda\\envs\\scopefoundry\\lib\\site-packages\\ScopeFoundry\\measurement.py", line 273, in _on_display_update_timer\n    self.update_display()\n', '  File "C:\\Users\\Public\\quantum_sensing\\quantum_sensing\\fancy_microscope\\thorcam_capture.py", line 361, in update_display\n    image.resize(image.width, image.height)\n', "AttributeError: 'numpy.ndarray' object has no attribute 'width'\n"]
2022-10-19T16:56:32|ERROR|ThorCamCaptureMeasure|thor_cam_capture Failed to update figure1: 'numpy.ndarray' object has no attribute 'width'. ['Traceback (most recent call last):\n', '  File "C:\\Users\\ZHao\\.conda\\envs\\scopefoundry\\lib\\site-packages\\ScopeFoundry\\measurement.py", line 273, in _on_display_update_timer\n    self.update_display()\n', '  File "C:\\Users\\Public\\quantum_sensing\\quantum_sensing\\fancy_microscope\\thorcam_capture.py", line 361, in update_display\n    image.resize(image.width, image.height)\n', "AttributeError: 'numpy.ndarray' object has no attribute 'width'\n"]
2022-10-19T16:56:32|ERROR|ThorCamCaptureMeasure|thor_cam_capture Failed to update figure1: 'numpy.ndarray' object has no attribute 'width'. ['Traceback (most recent call last):\n', '  File "C:\\Users\\ZHao\\.conda\\envs\\scopefoundry\\lib\\site-packages\\ScopeFoundry\\measurement.py", line 273, in _on_display_update_timer\n    self.update_display()\n', '  File "C:\\Users\\Public\\quantum_sensing\\quantum_sensing\\fancy_microscope\\thorcam_capture.py", line 361, in update_display\n    image.resize(image.width, image.height)\n', "AttributeError: 'numpy.ndarray' object has no attribute 'width'\n"]
2022-10-19T16:56:32|ERROR|ThorCamCaptureMeasure|thor_cam_capture Failed to update figure1: 'numpy.ndarray' object has no attribute 'width'. ['Traceback (most recent call last):\n', '  File "C:\\Users\\ZHao\\.conda\\envs\\scopefoundry\\lib\\site-packages\\ScopeFoundry\\measurement.py", line 273, in _on_display_update_timer\n    self.update_display()\n', '  File "C:\\Users\\Public\\quantum_sensing\\quantum_sensing\\fancy_microscope\\thorcam_capture.py", line 361, in update_display\n    image.resize(image.width, image.height)\n', "AttributeError: 'numpy.ndarray' object has no attribute 'width'\n"]
2022-10-19T16:56:32|ERROR|ThorCamCaptureMeasure|thor_cam_capture Failed to update figure1: 'numpy.ndarray' object has no attribute 'width'. ['Traceback (most recent call last):\n', '  File "C:\\Users\\ZHao\\.conda\\envs\\scopefoundry\\lib\\site-packages\\ScopeFoundry\\measurement.py", line 273, in _on_display_update_timer\n    self.update_display()\n', '  File "C:\\Users\\Public\\quantum_sensing\\quantum_sensing\\fancy_microscope\\thorcam_capture.py", line 361, in update_display\n    image.resize(image.width, image.height)\n', "AttributeError: 'numpy.ndarray' object has no attribute 'width'\n"]
2022-10-19T16:56:33|ERROR|ThorCamCaptureMeasure|thor_cam_capture Failed to update figure1: 'numpy.ndarray' object has no attribute 'width'. ['Traceback (most recent call last):\n', '  File "C:\\Users\\ZHao\\.conda\\envs\\scopefoundry\\lib\\site-packages\\ScopeFoundry\\measurement.py", line 273, in _on_display_update_timer\n    self.update_display()\n', '  File "C:\\Users\\Public\\quantum_sensing\\quantum_sensing\\fancy_microscope\\thorcam_capture.py", line 361, in update_display\n    image.resize(image.width, image.height)\n', "AttributeError: 'numpy.ndarray' object has no attribute 'width'\n"]
2022-10-19T16:56:33|ERROR|ThorCamCaptureMeasure|thor_cam_capture Failed to update figure1: 'numpy.ndarray' object has no attribute 'width'. ['Traceback (most recent call last):\n', '  File "C:\\Users\\ZHao\\.conda\\envs\\scopefoundry\\lib\\site-packages\\ScopeFoundry\\measurement.py", line 273, in _on_display_update_timer\n    self.update_display()\n', '  File "C:\\Users\\Public\\quantum_sensing\\quantum_sensing\\fancy_microscope\\thorcam_capture.py", line 361, in update_display\n    image.resize(image.width, image.height)\n', "AttributeError: 'numpy.ndarray' object has no attribute 'width'\n"]
2022-10-19T16:56:33|ERROR|ThorCamCaptureMeasure|thor_cam_capture Failed to update figure1: 'numpy.ndarray' object has no attribute 'width'. ['Traceback (most recent call last):\n', '  File "C:\\Users\\ZHao\\.conda\\envs\\scopefoundry\\lib\\site-packages\\ScopeFoundry\\measurement.py", line 273, in _on_display_update_timer\n    self.update_display()\n', '  File "C:\\Users\\Public\\quantum_sensing\\quantum_sensing\\fancy_microscope\\thorcam_capture.py", line 361, in update_display\n    image.resize(image.width, image.height)\n', "AttributeError: 'numpy.ndarray' object has no attribute 'width'\n"]
2022-10-19T16:56:33|ERROR|ThorCamCaptureMeasure|thor_cam_capture Failed to update figure1: 'numpy.ndarray' object has no attribute 'width'. ['Traceback (most recent call last):\n', '  File "C:\\Users\\ZHao\\.conda\\envs\\scopefoundry\\lib\\site-packages\\ScopeFoundry\\measurement.py", line 273, in _on_display_update_timer\n    self.update_display()\n', '  File "C:\\Users\\Public\\quantum_sensing\\quantum_sensing\\fancy_microscope\\thorcam_capture.py", line 361, in update_display\n    image.resize(image.width, image.height)\n', "AttributeError: 'numpy.ndarray' object has no attribute 'width'\n"]
2022-10-19T16:56:33|ERROR|ThorCamCaptureMeasure|thor_cam_capture Failed to update figure1: 'numpy.ndarray' object has no attribute 'width'. ['Traceback (most recent call last):\n', '  File "C:\\Users\\ZHao\\.conda\\envs\\scopefoundry\\lib\\site-packages\\ScopeFoundry\\measurement.py", line 273, in _on_display_update_timer\n    self.update_display()\n', '  File "C:\\Users\\Public\\quantum_sensing\\quantum_sensing\\fancy_microscope\\thorcam_capture.py", line 361, in update_display\n    image.resize(image.width, image.height)\n', "AttributeError: 'numpy.ndarray' object has no attribute 'width'\n"]
2022-10-19T16:56:33|ERROR|ThorCamCaptureMeasure|thor_cam_capture Failed to update figure1: 'numpy.ndarray' object has no attribute 'width'. ['Traceback (most recent call last):\n', '  File "C:\\Users\\ZHao\\.conda\\envs\\scopefoundry\\lib\\site-packages\\ScopeFoundry\\measurement.py", line 273, in _on_display_update_timer\n    self.update_display()\n', '  File "C:\\Users\\Public\\quantum_sensing\\quantum_sensing\\fancy_microscope\\thorcam_capture.py", line 361, in update_display\n    image.resize(image.width, image.height)\n', "AttributeError: 'numpy.ndarray' object has no attribute 'width'\n"]
2022-10-19T16:56:33|ERROR|ThorCamCaptureMeasure|thor_cam_capture Failed to update figure1: 'numpy.ndarray' object has no attribute 'width'. ['Traceback (most recent call last):\n', '  File "C:\\Users\\ZHao\\.conda\\envs\\scopefoundry\\lib\\site-packages\\ScopeFoundry\\measurement.py", line 273, in _on_display_update_timer\n    self.update_display()\n', '  File "C:\\Users\\Public\\quantum_sensing\\quantum_sensing\\fancy_microscope\\thorcam_capture.py", line 361, in update_display\n    image.resize(image.width, image.height)\n', "AttributeError: 'numpy.ndarray' object has no attribute 'width'\n"]
2022-10-19T16:56:33|ERROR|ThorCamCaptureMeasure|thor_cam_capture Failed to update figure1: 'numpy.ndarray' object has no attribute 'width'. ['Traceback (most recent call last):\n', '  File "C:\\Users\\ZHao\\.conda\\envs\\scopefoundry\\lib\\site-packages\\ScopeFoundry\\measurement.py", line 273, in _on_display_update_timer\n    self.update_display()\n', '  File "C:\\Users\\Public\\quantum_sensing\\quantum_sensing\\fancy_microscope\\thorcam_capture.py", line 361, in update_display\n    image.resize(image.width, image.height)\n', "AttributeError: 'numpy.ndarray' object has no attribute 'width'\n"]
2022-10-19T16:56:33|ERROR|ThorCamCaptureMeasure|thor_cam_capture Failed to update figure1: 'numpy.ndarray' object has no attribute 'width'. ['Traceback (most recent call last):\n', '  File "C:\\Users\\ZHao\\.conda\\envs\\scopefoundry\\lib\\site-packages\\ScopeFoundry\\measurement.py", line 273, in _on_display_update_timer\n    self.update_display()\n', '  File "C:\\Users\\Public\\quantum_sensing\\quantum_sensing\\fancy_microscope\\thorcam_capture.py", line 361, in update_display\n    image.resize(image.width, image.height)\n', "AttributeError: 'numpy.ndarray' object has no attribute 'width'\n"]
2022-10-19T16:56:34|ERROR|ThorCamCaptureMeasure|thor_cam_capture Failed to update figure1: 'numpy.ndarray' object has no attribute 'width'. ['Traceback (most recent call last):\n', '  File "C:\\Users\\ZHao\\.conda\\envs\\scopefoundry\\lib\\site-packages\\ScopeFoundry\\measurement.py", line 273, in _on_display_update_timer\n    self.update_display()\n', '  File "C:\\Users\\Public\\quantum_sensing\\quantum_sensing\\fancy_microscope\\thorcam_capture.py", line 361, in update_display\n    image.resize(image.width, image.height)\n', "AttributeError: 'numpy.ndarray' object has no attribute 'width'\n"]
