2022-03-04T13:48:08|ERROR|ESRMeasure|ESR_measurement Failed to update figure1: 'ESRMeasure' object has no attribute 'xs'. ['Traceback (most recent call last):\n', '  File "C:\\Users\\ZHao\\.conda\\envs\\scopefoundry\\lib\\site-packages\\ScopeFoundry\\measurement.py", line 273, in _on_display_update_timer\n    self.update_display()\n', '  File "C:\\Users\\Public\\quantum_sensing\\quantum_sensing\\fancy_microscope\\custommeasure2.py", line 248, in update_display\n    self.current_plotline.setData(self.xs, self.ys)\n', "AttributeError: 'ESRMeasure' object has no attribute 'xs'\n"]
2022-03-04T13:48:08|ERROR|ESRMeasure|ESR_measurement Failed to update figure1: 'ESRMeasure' object has no attribute 'xs'. ['Traceback (most recent call last):\n', '  File "C:\\Users\\ZHao\\.conda\\envs\\scopefoundry\\lib\\site-packages\\ScopeFoundry\\measurement.py", line 273, in _on_display_update_timer\n    self.update_display()\n', '  File "C:\\Users\\Public\\quantum_sensing\\quantum_sensing\\fancy_microscope\\custommeasure2.py", line 248, in update_display\n    self.current_plotline.setData(self.xs, self.ys)\n', "AttributeError: 'ESRMeasure' object has no attribute 'xs'\n"]
2022-03-04T13:48:37|CRITICAL|root|Unhandled exception:Traceback (most recent call last):
  File "C:\Users\Public\quantum_sensing\quantum_sensing\fancy_microscope\DAQ_Analog.py", line 68, in readDAQ
    counts = task.read(N,timeout)
  File "C:\Users\ZHao\.conda\envs\scopefoundry\lib\site-packages\nidaqmx\task.py", line 629, in read
    self._handle, data, number_of_samples_per_channel, timeout)
  File "C:\Users\ZHao\.conda\envs\scopefoundry\lib\site-packages\nidaqmx\_task_modules\read_functions.py", line 35, in _read_analog_f_64
    check_for_error(error_code)
  File "C:\Users\ZHao\.conda\envs\scopefoundry\lib\site-packages\nidaqmx\errors.py", line 127, in check_for_error
    raise DaqError(error_buffer.value.decode("utf-8"), error_code)
nidaqmx.errors.DaqError: The application is not able to keep up with the hardware acquisition.
Increasing the buffer size, reading the data more frequently, or specifying a fixed number of samples to read instead of reading all available samples might correct the problem.
Property: DAQmx_Read_RelativeTo
Requested Value: DAQmx_Val_CurrReadPos

Property: DAQmx_Read_Offset
Requested Value: 0

Task Name: _unnamedTask<0>

Status Code: -200279

During handling of the above exception, another exception occurred:

Traceback (most recent call last):
  File "C:\Users\Public\quantum_sensing\quantum_sensing\fancy_microscope\custommeasure2.py", line 178, in run
    data = DAQ.readDAQ(task, self.settings.N_samples.value * 2, self.settings.DAQtimeout.value)
  File "C:\Users\Public\quantum_sensing\quantum_sensing\fancy_microscope\DAQ_Analog.py", line 71, in readDAQ
    sys.exit()
SystemExit

During handling of the above exception, another exception occurred:

Traceback (most recent call last):
  File "C:\Users\ZHao\.conda\envs\scopefoundry\lib\site-packages\ScopeFoundry\measurement.py", line 25, in run
    self.measurement._thread_run()
  File "C:\Users\ZHao\.conda\envs\scopefoundry\lib\site-packages\ScopeFoundry\measurement.py", line 179, in _thread_run
    self.run()
  File "C:\Users\Public\quantum_sensing\quantum_sensing\fancy_microscope\custommeasure2.py", line 223, in run
    M['current_data'] = self.current_run
AttributeError: 'ESRMeasure' object has no attribute 'current_run'

