2022-03-30T13:50:08|ERROR|ESRMeasure|ESR_measurement Failed to update figure1: 'ESRMeasure' object has no attribute 'xs'. ['Traceback (most recent call last):\n', '  File "C:\\Users\\ZHao\\.conda\\envs\\ScopeFoundry\\lib\\site-packages\\ScopeFoundry\\measurement.py", line 273, in _on_display_update_timer\n    self.update_display()\n', '  File "C:\\Users\\Public\\quantum_sensing\\quantum_sensing\\fancy_microscope\\custommeasure2.py", line 273, in update_display\n    self.current_plotline.setData(self.xs, self.ys)\n', "AttributeError: 'ESRMeasure' object has no attribute 'xs'\n"]
2022-03-30T13:50:08|ERROR|ESRMeasure|ESR_measurement Failed to update figure1: 'ESRMeasure' object has no attribute 'xs'. ['Traceback (most recent call last):\n', '  File "C:\\Users\\ZHao\\.conda\\envs\\ScopeFoundry\\lib\\site-packages\\ScopeFoundry\\measurement.py", line 273, in _on_display_update_timer\n    self.update_display()\n', '  File "C:\\Users\\Public\\quantum_sensing\\quantum_sensing\\fancy_microscope\\custommeasure2.py", line 273, in update_display\n    self.current_plotline.setData(self.xs, self.ys)\n', "AttributeError: 'ESRMeasure' object has no attribute 'xs'\n"]
2022-03-30T13:50:27|CRITICAL|root|Unhandled exception:Traceback (most recent call last):
  File "C:\Users\Public\quantum_sensing\quantum_sensing\fancy_microscope\SRScontrol.py", line 52, in initSRS
    deviceID = SRS.query('*IDN?')
  File "C:\Users\ZHao\.conda\envs\ScopeFoundry\lib\site-packages\pyvisa\resources\messagebased.py", line 607, in query
    self.write(message)
  File "C:\Users\ZHao\.conda\envs\ScopeFoundry\lib\site-packages\pyvisa\resources\messagebased.py", line 228, in write
    count = self.write_raw(message.encode(enco))
  File "C:\Users\ZHao\.conda\envs\ScopeFoundry\lib\site-packages\pyvisa\resources\messagebased.py", line 202, in write_raw
    return self.visalib.write(self.session, message)
  File "C:\Users\ZHao\.conda\envs\ScopeFoundry\lib\site-packages\pyvisa\ctwrapper\functions.py", line 1866, in write
    ret = library.viWrite(session, data, len(data), byref(return_count))
  File "C:\Users\ZHao\.conda\envs\ScopeFoundry\lib\site-packages\pyvisa\ctwrapper\highlevel.py", line 193, in _return_handler
    raise errors.VisaIOError(ret_value)
pyvisa.errors.VisaIOError: VI_ERROR_NSUP_OPER (-1073807257): The given session or object reference does not support this operation.

During handling of the above exception, another exception occurred:

Traceback (most recent call last):
  File "C:\Users\Public\quantum_sensing\quantum_sensing\fancy_microscope\custommeasure2.py", line 138, in run
    my_SRS = SRSctl.initSRS(27, 'SG384')
  File "C:\Users\Public\quantum_sensing\quantum_sensing\fancy_microscope\SRScontrol.py", line 55, in initSRS
    sys.exit()
SystemExit

During handling of the above exception, another exception occurred:

Traceback (most recent call last):
  File "C:\Users\ZHao\.conda\envs\ScopeFoundry\lib\site-packages\ScopeFoundry\measurement.py", line 25, in run
    self.measurement._thread_run()
  File "C:\Users\ZHao\.conda\envs\ScopeFoundry\lib\site-packages\ScopeFoundry\measurement.py", line 179, in _thread_run
    self.run()
  File "C:\Users\Public\quantum_sensing\quantum_sensing\fancy_microscope\custommeasure2.py", line 233, in run
    SRSctl.disableSRS_RFOutput(my_SRS)
UnboundLocalError: local variable 'my_SRS' referenced before assignment

