2022-05-20T16:37:02|ERROR|ESRMeasure|ESR_measurement Failed to update figure1: 'ESRMeasure' object has no attribute 'average_x'. ['Traceback (most recent call last):\n', '  File "C:\\Users\\ZHao\\.conda\\envs\\scopefoundry\\lib\\site-packages\\ScopeFoundry\\measurement.py", line 273, in _on_display_update_timer\n    self.update_display()\n', '  File "C:\\Users\\Public\\quantum_sensing\\quantum_sensing\\fancy_microscope\\custommeasure2.py", line 304, in update_display\n    self.current_plotline.setData(self.average_x[:index+1], self.average_y[:index+1])\n', "AttributeError: 'ESRMeasure' object has no attribute 'average_x'\n"]
2022-05-20T16:37:02|ERROR|ESRMeasure|ESR_measurement Failed to update figure1: 'ESRMeasure' object has no attribute 'average_x'. ['Traceback (most recent call last):\n', '  File "C:\\Users\\ZHao\\.conda\\envs\\scopefoundry\\lib\\site-packages\\ScopeFoundry\\measurement.py", line 273, in _on_display_update_timer\n    self.update_display()\n', '  File "C:\\Users\\Public\\quantum_sensing\\quantum_sensing\\fancy_microscope\\custommeasure2.py", line 304, in update_display\n    self.current_plotline.setData(self.average_x[:index+1], self.average_y[:index+1])\n', "AttributeError: 'ESRMeasure' object has no attribute 'average_x'\n"]
2022-05-20T16:37:02|ERROR|ESRMeasure|ESR_measurement Failed to update figure1: name 'index' is not defined. ['Traceback (most recent call last):\n', '  File "C:\\Users\\ZHao\\.conda\\envs\\scopefoundry\\lib\\site-packages\\ScopeFoundry\\measurement.py", line 273, in _on_display_update_timer\n    self.update_display()\n', '  File "C:\\Users\\Public\\quantum_sensing\\quantum_sensing\\fancy_microscope\\custommeasure2.py", line 304, in update_display\n    self.current_plotline.setData(self.average_x[:index+1], self.average_y[:index+1])\n', "NameError: name 'index' is not defined\n"]
2022-05-20T16:37:02|ERROR|ESRMeasure|ESR_measurement Failed to update figure1: name 'index' is not defined. ['Traceback (most recent call last):\n', '  File "C:\\Users\\ZHao\\.conda\\envs\\scopefoundry\\lib\\site-packages\\ScopeFoundry\\measurement.py", line 273, in _on_display_update_timer\n    self.update_display()\n', '  File "C:\\Users\\Public\\quantum_sensing\\quantum_sensing\\fancy_microscope\\custommeasure2.py", line 304, in update_display\n    self.current_plotline.setData(self.average_x[:index+1], self.average_y[:index+1])\n', "NameError: name 'index' is not defined\n"]
2022-05-20T16:37:02|ERROR|ESRMeasure|ESR_measurement Failed to update figure1: name 'index' is not defined. ['Traceback (most recent call last):\n', '  File "C:\\Users\\ZHao\\.conda\\envs\\scopefoundry\\lib\\site-packages\\ScopeFoundry\\measurement.py", line 273, in _on_display_update_timer\n    self.update_display()\n', '  File "C:\\Users\\Public\\quantum_sensing\\quantum_sensing\\fancy_microscope\\custommeasure2.py", line 304, in update_display\n    self.current_plotline.setData(self.average_x[:index+1], self.average_y[:index+1])\n', "NameError: name 'index' is not defined\n"]
2022-05-20T16:37:03|ERROR|ESRMeasure|ESR_measurement Failed to update figure1: name 'index' is not defined. ['Traceback (most recent call last):\n', '  File "C:\\Users\\ZHao\\.conda\\envs\\scopefoundry\\lib\\site-packages\\ScopeFoundry\\measurement.py", line 273, in _on_display_update_timer\n    self.update_display()\n', '  File "C:\\Users\\Public\\quantum_sensing\\quantum_sensing\\fancy_microscope\\custommeasure2.py", line 304, in update_display\n    self.current_plotline.setData(self.average_x[:index+1], self.average_y[:index+1])\n', "NameError: name 'index' is not defined\n"]
2022-05-20T16:37:03|ERROR|ESRMeasure|ESR_measurement Failed to update figure1: name 'index' is not defined. ['Traceback (most recent call last):\n', '  File "C:\\Users\\ZHao\\.conda\\envs\\scopefoundry\\lib\\site-packages\\ScopeFoundry\\measurement.py", line 273, in _on_display_update_timer\n    self.update_display()\n', '  File "C:\\Users\\Public\\quantum_sensing\\quantum_sensing\\fancy_microscope\\custommeasure2.py", line 304, in update_display\n    self.current_plotline.setData(self.average_x[:index+1], self.average_y[:index+1])\n', "NameError: name 'index' is not defined\n"]
2022-05-20T16:37:03|ERROR|ESRMeasure|ESR_measurement Failed to update figure1: name 'index' is not defined. ['Traceback (most recent call last):\n', '  File "C:\\Users\\ZHao\\.conda\\envs\\scopefoundry\\lib\\site-packages\\ScopeFoundry\\measurement.py", line 273, in _on_display_update_timer\n    self.update_display()\n', '  File "C:\\Users\\Public\\quantum_sensing\\quantum_sensing\\fancy_microscope\\custommeasure2.py", line 304, in update_display\n    self.current_plotline.setData(self.average_x[:index+1], self.average_y[:index+1])\n', "NameError: name 'index' is not defined\n"]
2022-05-20T16:37:03|ERROR|ESRMeasure|ESR_measurement Failed to update figure1: name 'index' is not defined. ['Traceback (most recent call last):\n', '  File "C:\\Users\\ZHao\\.conda\\envs\\scopefoundry\\lib\\site-packages\\ScopeFoundry\\measurement.py", line 273, in _on_display_update_timer\n    self.update_display()\n', '  File "C:\\Users\\Public\\quantum_sensing\\quantum_sensing\\fancy_microscope\\custommeasure2.py", line 304, in update_display\n    self.current_plotline.setData(self.average_x[:index+1], self.average_y[:index+1])\n', "NameError: name 'index' is not defined\n"]
2022-05-20T16:37:03|ERROR|ESRMeasure|ESR_measurement Failed to update figure1: name 'index' is not defined. ['Traceback (most recent call last):\n', '  File "C:\\Users\\ZHao\\.conda\\envs\\scopefoundry\\lib\\site-packages\\ScopeFoundry\\measurement.py", line 273, in _on_display_update_timer\n    self.update_display()\n', '  File "C:\\Users\\Public\\quantum_sensing\\quantum_sensing\\fancy_microscope\\custommeasure2.py", line 304, in update_display\n    self.current_plotline.setData(self.average_x[:index+1], self.average_y[:index+1])\n', "NameError: name 'index' is not defined\n"]
2022-05-20T16:37:03|ERROR|ESRMeasure|ESR_measurement Failed to update figure1: name 'index' is not defined. ['Traceback (most recent call last):\n', '  File "C:\\Users\\ZHao\\.conda\\envs\\scopefoundry\\lib\\site-packages\\ScopeFoundry\\measurement.py", line 273, in _on_display_update_timer\n    self.update_display()\n', '  File "C:\\Users\\Public\\quantum_sensing\\quantum_sensing\\fancy_microscope\\custommeasure2.py", line 304, in update_display\n    self.current_plotline.setData(self.average_x[:index+1], self.average_y[:index+1])\n', "NameError: name 'index' is not defined\n"]
2022-05-20T16:37:03|ERROR|ESRMeasure|ESR_measurement Failed to update figure1: name 'index' is not defined. ['Traceback (most recent call last):\n', '  File "C:\\Users\\ZHao\\.conda\\envs\\scopefoundry\\lib\\site-packages\\ScopeFoundry\\measurement.py", line 273, in _on_display_update_timer\n    self.update_display()\n', '  File "C:\\Users\\Public\\quantum_sensing\\quantum_sensing\\fancy_microscope\\custommeasure2.py", line 304, in update_display\n    self.current_plotline.setData(self.average_x[:index+1], self.average_y[:index+1])\n', "NameError: name 'index' is not defined\n"]
2022-05-20T16:37:03|ERROR|ESRMeasure|ESR_measurement Failed to update figure1: name 'index' is not defined. ['Traceback (most recent call last):\n', '  File "C:\\Users\\ZHao\\.conda\\envs\\scopefoundry\\lib\\site-packages\\ScopeFoundry\\measurement.py", line 273, in _on_display_update_timer\n    self.update_display()\n', '  File "C:\\Users\\Public\\quantum_sensing\\quantum_sensing\\fancy_microscope\\custommeasure2.py", line 304, in update_display\n    self.current_plotline.setData(self.average_x[:index+1], self.average_y[:index+1])\n', "NameError: name 'index' is not defined\n"]
2022-05-20T16:37:03|ERROR|ESRMeasure|ESR_measurement Failed to update figure1: name 'index' is not defined. ['Traceback (most recent call last):\n', '  File "C:\\Users\\ZHao\\.conda\\envs\\scopefoundry\\lib\\site-packages\\ScopeFoundry\\measurement.py", line 273, in _on_display_update_timer\n    self.update_display()\n', '  File "C:\\Users\\Public\\quantum_sensing\\quantum_sensing\\fancy_microscope\\custommeasure2.py", line 304, in update_display\n    self.current_plotline.setData(self.average_x[:index+1], self.average_y[:index+1])\n', "NameError: name 'index' is not defined\n"]
2022-05-20T16:37:04|ERROR|ESRMeasure|ESR_measurement Failed to update figure1: name 'index' is not defined. ['Traceback (most recent call last):\n', '  File "C:\\Users\\ZHao\\.conda\\envs\\scopefoundry\\lib\\site-packages\\ScopeFoundry\\measurement.py", line 273, in _on_display_update_timer\n    self.update_display()\n', '  File "C:\\Users\\Public\\quantum_sensing\\quantum_sensing\\fancy_microscope\\custommeasure2.py", line 304, in update_display\n    self.current_plotline.setData(self.average_x[:index+1], self.average_y[:index+1])\n', "NameError: name 'index' is not defined\n"]
2022-05-20T16:37:04|ERROR|ESRMeasure|ESR_measurement Failed to update figure1: name 'index' is not defined. ['Traceback (most recent call last):\n', '  File "C:\\Users\\ZHao\\.conda\\envs\\scopefoundry\\lib\\site-packages\\ScopeFoundry\\measurement.py", line 273, in _on_display_update_timer\n    self.update_display()\n', '  File "C:\\Users\\Public\\quantum_sensing\\quantum_sensing\\fancy_microscope\\custommeasure2.py", line 304, in update_display\n    self.current_plotline.setData(self.average_x[:index+1], self.average_y[:index+1])\n', "NameError: name 'index' is not defined\n"]
2022-05-20T16:37:04|ERROR|ESRMeasure|ESR_measurement Failed to update figure1: name 'index' is not defined. ['Traceback (most recent call last):\n', '  File "C:\\Users\\ZHao\\.conda\\envs\\scopefoundry\\lib\\site-packages\\ScopeFoundry\\measurement.py", line 273, in _on_display_update_timer\n    self.update_display()\n', '  File "C:\\Users\\Public\\quantum_sensing\\quantum_sensing\\fancy_microscope\\custommeasure2.py", line 304, in update_display\n    self.current_plotline.setData(self.average_x[:index+1], self.average_y[:index+1])\n', "NameError: name 'index' is not defined\n"]
2022-05-20T16:37:04|ERROR|ESRMeasure|ESR_measurement Failed to update figure1: name 'index' is not defined. ['Traceback (most recent call last):\n', '  File "C:\\Users\\ZHao\\.conda\\envs\\scopefoundry\\lib\\site-packages\\ScopeFoundry\\measurement.py", line 273, in _on_display_update_timer\n    self.update_display()\n', '  File "C:\\Users\\Public\\quantum_sensing\\quantum_sensing\\fancy_microscope\\custommeasure2.py", line 304, in update_display\n    self.current_plotline.setData(self.average_x[:index+1], self.average_y[:index+1])\n', "NameError: name 'index' is not defined\n"]
2022-05-20T16:37:04|ERROR|ESRMeasure|ESR_measurement Failed to update figure1: name 'index' is not defined. ['Traceback (most recent call last):\n', '  File "C:\\Users\\ZHao\\.conda\\envs\\scopefoundry\\lib\\site-packages\\ScopeFoundry\\measurement.py", line 273, in _on_display_update_timer\n    self.update_display()\n', '  File "C:\\Users\\Public\\quantum_sensing\\quantum_sensing\\fancy_microscope\\custommeasure2.py", line 304, in update_display\n    self.current_plotline.setData(self.average_x[:index+1], self.average_y[:index+1])\n', "NameError: name 'index' is not defined\n"]
2022-05-20T16:37:04|ERROR|ESRMeasure|ESR_measurement Failed to update figure1: name 'index' is not defined. ['Traceback (most recent call last):\n', '  File "C:\\Users\\ZHao\\.conda\\envs\\scopefoundry\\lib\\site-packages\\ScopeFoundry\\measurement.py", line 273, in _on_display_update_timer\n    self.update_display()\n', '  File "C:\\Users\\Public\\quantum_sensing\\quantum_sensing\\fancy_microscope\\custommeasure2.py", line 304, in update_display\n    self.current_plotline.setData(self.average_x[:index+1], self.average_y[:index+1])\n', "NameError: name 'index' is not defined\n"]
2022-05-20T16:37:04|ERROR|ESRMeasure|ESR_measurement Failed to update figure1: name 'index' is not defined. ['Traceback (most recent call last):\n', '  File "C:\\Users\\ZHao\\.conda\\envs\\scopefoundry\\lib\\site-packages\\ScopeFoundry\\measurement.py", line 273, in _on_display_update_timer\n    self.update_display()\n', '  File "C:\\Users\\Public\\quantum_sensing\\quantum_sensing\\fancy_microscope\\custommeasure2.py", line 304, in update_display\n    self.current_plotline.setData(self.average_x[:index+1], self.average_y[:index+1])\n', "NameError: name 'index' is not defined\n"]
2022-05-20T16:37:04|ERROR|ESRMeasure|ESR_measurement Failed to update figure1: name 'index' is not defined. ['Traceback (most recent call last):\n', '  File "C:\\Users\\ZHao\\.conda\\envs\\scopefoundry\\lib\\site-packages\\ScopeFoundry\\measurement.py", line 273, in _on_display_update_timer\n    self.update_display()\n', '  File "C:\\Users\\Public\\quantum_sensing\\quantum_sensing\\fancy_microscope\\custommeasure2.py", line 304, in update_display\n    self.current_plotline.setData(self.average_x[:index+1], self.average_y[:index+1])\n', "NameError: name 'index' is not defined\n"]
2022-05-20T16:37:04|ERROR|ESRMeasure|ESR_measurement Failed to update figure1: name 'index' is not defined. ['Traceback (most recent call last):\n', '  File "C:\\Users\\ZHao\\.conda\\envs\\scopefoundry\\lib\\site-packages\\ScopeFoundry\\measurement.py", line 273, in _on_display_update_timer\n    self.update_display()\n', '  File "C:\\Users\\Public\\quantum_sensing\\quantum_sensing\\fancy_microscope\\custommeasure2.py", line 304, in update_display\n    self.current_plotline.setData(self.average_x[:index+1], self.average_y[:index+1])\n', "NameError: name 'index' is not defined\n"]
2022-05-20T16:37:05|ERROR|ESRMeasure|ESR_measurement Failed to update figure1: name 'index' is not defined. ['Traceback (most recent call last):\n', '  File "C:\\Users\\ZHao\\.conda\\envs\\scopefoundry\\lib\\site-packages\\ScopeFoundry\\measurement.py", line 273, in _on_display_update_timer\n    self.update_display()\n', '  File "C:\\Users\\Public\\quantum_sensing\\quantum_sensing\\fancy_microscope\\custommeasure2.py", line 304, in update_display\n    self.current_plotline.setData(self.average_x[:index+1], self.average_y[:index+1])\n', "NameError: name 'index' is not defined\n"]
2022-05-20T16:37:05|ERROR|ESRMeasure|ESR_measurement Failed to update figure1: name 'index' is not defined. ['Traceback (most recent call last):\n', '  File "C:\\Users\\ZHao\\.conda\\envs\\scopefoundry\\lib\\site-packages\\ScopeFoundry\\measurement.py", line 273, in _on_display_update_timer\n    self.update_display()\n', '  File "C:\\Users\\Public\\quantum_sensing\\quantum_sensing\\fancy_microscope\\custommeasure2.py", line 304, in update_display\n    self.current_plotline.setData(self.average_x[:index+1], self.average_y[:index+1])\n', "NameError: name 'index' is not defined\n"]
2022-05-20T16:37:05|ERROR|ESRMeasure|ESR_measurement Failed to update figure1: name 'index' is not defined. ['Traceback (most recent call last):\n', '  File "C:\\Users\\ZHao\\.conda\\envs\\scopefoundry\\lib\\site-packages\\ScopeFoundry\\measurement.py", line 273, in _on_display_update_timer\n    self.update_display()\n', '  File "C:\\Users\\Public\\quantum_sensing\\quantum_sensing\\fancy_microscope\\custommeasure2.py", line 304, in update_display\n    self.current_plotline.setData(self.average_x[:index+1], self.average_y[:index+1])\n', "NameError: name 'index' is not defined\n"]
2022-05-20T16:37:05|ERROR|ESRMeasure|ESR_measurement Failed to update figure1: name 'index' is not defined. ['Traceback (most recent call last):\n', '  File "C:\\Users\\ZHao\\.conda\\envs\\scopefoundry\\lib\\site-packages\\ScopeFoundry\\measurement.py", line 273, in _on_display_update_timer\n    self.update_display()\n', '  File "C:\\Users\\Public\\quantum_sensing\\quantum_sensing\\fancy_microscope\\custommeasure2.py", line 304, in update_display\n    self.current_plotline.setData(self.average_x[:index+1], self.average_y[:index+1])\n', "NameError: name 'index' is not defined\n"]
2022-05-20T16:37:05|ERROR|ESRMeasure|ESR_measurement Failed to update figure1: name 'index' is not defined. ['Traceback (most recent call last):\n', '  File "C:\\Users\\ZHao\\.conda\\envs\\scopefoundry\\lib\\site-packages\\ScopeFoundry\\measurement.py", line 273, in _on_display_update_timer\n    self.update_display()\n', '  File "C:\\Users\\Public\\quantum_sensing\\quantum_sensing\\fancy_microscope\\custommeasure2.py", line 304, in update_display\n    self.current_plotline.setData(self.average_x[:index+1], self.average_y[:index+1])\n', "NameError: name 'index' is not defined\n"]
2022-05-20T16:37:05|ERROR|ESRMeasure|ESR_measurement Failed to update figure1: name 'index' is not defined. ['Traceback (most recent call last):\n', '  File "C:\\Users\\ZHao\\.conda\\envs\\scopefoundry\\lib\\site-packages\\ScopeFoundry\\measurement.py", line 273, in _on_display_update_timer\n    self.update_display()\n', '  File "C:\\Users\\Public\\quantum_sensing\\quantum_sensing\\fancy_microscope\\custommeasure2.py", line 304, in update_display\n    self.current_plotline.setData(self.average_x[:index+1], self.average_y[:index+1])\n', "NameError: name 'index' is not defined\n"]
2022-05-20T16:37:05|ERROR|ESRMeasure|ESR_measurement Failed to update figure1: name 'index' is not defined. ['Traceback (most recent call last):\n', '  File "C:\\Users\\ZHao\\.conda\\envs\\scopefoundry\\lib\\site-packages\\ScopeFoundry\\measurement.py", line 273, in _on_display_update_timer\n    self.update_display()\n', '  File "C:\\Users\\Public\\quantum_sensing\\quantum_sensing\\fancy_microscope\\custommeasure2.py", line 304, in update_display\n    self.current_plotline.setData(self.average_x[:index+1], self.average_y[:index+1])\n', "NameError: name 'index' is not defined\n"]
2022-05-20T16:37:05|ERROR|ESRMeasure|ESR_measurement Failed to update figure1: name 'index' is not defined. ['Traceback (most recent call last):\n', '  File "C:\\Users\\ZHao\\.conda\\envs\\scopefoundry\\lib\\site-packages\\ScopeFoundry\\measurement.py", line 273, in _on_display_update_timer\n    self.update_display()\n', '  File "C:\\Users\\Public\\quantum_sensing\\quantum_sensing\\fancy_microscope\\custommeasure2.py", line 304, in update_display\n    self.current_plotline.setData(self.average_x[:index+1], self.average_y[:index+1])\n', "NameError: name 'index' is not defined\n"]
2022-05-20T16:37:05|ERROR|ESRMeasure|ESR_measurement Failed to update figure1: name 'index' is not defined. ['Traceback (most recent call last):\n', '  File "C:\\Users\\ZHao\\.conda\\envs\\scopefoundry\\lib\\site-packages\\ScopeFoundry\\measurement.py", line 273, in _on_display_update_timer\n    self.update_display()\n', '  File "C:\\Users\\Public\\quantum_sensing\\quantum_sensing\\fancy_microscope\\custommeasure2.py", line 304, in update_display\n    self.current_plotline.setData(self.average_x[:index+1], self.average_y[:index+1])\n', "NameError: name 'index' is not defined\n"]
2022-05-20T16:37:06|ERROR|ESRMeasure|ESR_measurement Failed to update figure1: name 'index' is not defined. ['Traceback (most recent call last):\n', '  File "C:\\Users\\ZHao\\.conda\\envs\\scopefoundry\\lib\\site-packages\\ScopeFoundry\\measurement.py", line 273, in _on_display_update_timer\n    self.update_display()\n', '  File "C:\\Users\\Public\\quantum_sensing\\quantum_sensing\\fancy_microscope\\custommeasure2.py", line 304, in update_display\n    self.current_plotline.setData(self.average_x[:index+1], self.average_y[:index+1])\n', "NameError: name 'index' is not defined\n"]
2022-05-20T16:37:06|ERROR|ESRMeasure|ESR_measurement Failed to update figure1: name 'index' is not defined. ['Traceback (most recent call last):\n', '  File "C:\\Users\\ZHao\\.conda\\envs\\scopefoundry\\lib\\site-packages\\ScopeFoundry\\measurement.py", line 273, in _on_display_update_timer\n    self.update_display()\n', '  File "C:\\Users\\Public\\quantum_sensing\\quantum_sensing\\fancy_microscope\\custommeasure2.py", line 304, in update_display\n    self.current_plotline.setData(self.average_x[:index+1], self.average_y[:index+1])\n', "NameError: name 'index' is not defined\n"]
2022-05-20T16:37:06|ERROR|ESRMeasure|ESR_measurement Failed to update figure1: name 'index' is not defined. ['Traceback (most recent call last):\n', '  File "C:\\Users\\ZHao\\.conda\\envs\\scopefoundry\\lib\\site-packages\\ScopeFoundry\\measurement.py", line 273, in _on_display_update_timer\n    self.update_display()\n', '  File "C:\\Users\\Public\\quantum_sensing\\quantum_sensing\\fancy_microscope\\custommeasure2.py", line 304, in update_display\n    self.current_plotline.setData(self.average_x[:index+1], self.average_y[:index+1])\n', "NameError: name 'index' is not defined\n"]
2022-05-20T16:37:06|ERROR|ESRMeasure|ESR_measurement Failed to update figure1: name 'index' is not defined. ['Traceback (most recent call last):\n', '  File "C:\\Users\\ZHao\\.conda\\envs\\scopefoundry\\lib\\site-packages\\ScopeFoundry\\measurement.py", line 273, in _on_display_update_timer\n    self.update_display()\n', '  File "C:\\Users\\Public\\quantum_sensing\\quantum_sensing\\fancy_microscope\\custommeasure2.py", line 304, in update_display\n    self.current_plotline.setData(self.average_x[:index+1], self.average_y[:index+1])\n', "NameError: name 'index' is not defined\n"]
2022-05-20T16:37:06|ERROR|ESRMeasure|ESR_measurement Failed to update figure1: name 'index' is not defined. ['Traceback (most recent call last):\n', '  File "C:\\Users\\ZHao\\.conda\\envs\\scopefoundry\\lib\\site-packages\\ScopeFoundry\\measurement.py", line 273, in _on_display_update_timer\n    self.update_display()\n', '  File "C:\\Users\\Public\\quantum_sensing\\quantum_sensing\\fancy_microscope\\custommeasure2.py", line 304, in update_display\n    self.current_plotline.setData(self.average_x[:index+1], self.average_y[:index+1])\n', "NameError: name 'index' is not defined\n"]
2022-05-20T16:37:06|ERROR|ESRMeasure|ESR_measurement Failed to update figure1: name 'index' is not defined. ['Traceback (most recent call last):\n', '  File "C:\\Users\\ZHao\\.conda\\envs\\scopefoundry\\lib\\site-packages\\ScopeFoundry\\measurement.py", line 273, in _on_display_update_timer\n    self.update_display()\n', '  File "C:\\Users\\Public\\quantum_sensing\\quantum_sensing\\fancy_microscope\\custommeasure2.py", line 304, in update_display\n    self.current_plotline.setData(self.average_x[:index+1], self.average_y[:index+1])\n', "NameError: name 'index' is not defined\n"]
2022-05-20T16:37:06|ERROR|ESRMeasure|ESR_measurement Failed to update figure1: name 'index' is not defined. ['Traceback (most recent call last):\n', '  File "C:\\Users\\ZHao\\.conda\\envs\\scopefoundry\\lib\\site-packages\\ScopeFoundry\\measurement.py", line 273, in _on_display_update_timer\n    self.update_display()\n', '  File "C:\\Users\\Public\\quantum_sensing\\quantum_sensing\\fancy_microscope\\custommeasure2.py", line 304, in update_display\n    self.current_plotline.setData(self.average_x[:index+1], self.average_y[:index+1])\n', "NameError: name 'index' is not defined\n"]
2022-05-20T16:37:06|ERROR|ESRMeasure|ESR_measurement Failed to update figure1: name 'index' is not defined. ['Traceback (most recent call last):\n', '  File "C:\\Users\\ZHao\\.conda\\envs\\scopefoundry\\lib\\site-packages\\ScopeFoundry\\measurement.py", line 273, in _on_display_update_timer\n    self.update_display()\n', '  File "C:\\Users\\Public\\quantum_sensing\\quantum_sensing\\fancy_microscope\\custommeasure2.py", line 304, in update_display\n    self.current_plotline.setData(self.average_x[:index+1], self.average_y[:index+1])\n', "NameError: name 'index' is not defined\n"]
2022-05-20T16:37:06|ERROR|ESRMeasure|ESR_measurement Failed to update figure1: name 'index' is not defined. ['Traceback (most recent call last):\n', '  File "C:\\Users\\ZHao\\.conda\\envs\\scopefoundry\\lib\\site-packages\\ScopeFoundry\\measurement.py", line 273, in _on_display_update_timer\n    self.update_display()\n', '  File "C:\\Users\\Public\\quantum_sensing\\quantum_sensing\\fancy_microscope\\custommeasure2.py", line 304, in update_display\n    self.current_plotline.setData(self.average_x[:index+1], self.average_y[:index+1])\n', "NameError: name 'index' is not defined\n"]
2022-05-20T16:37:07|ERROR|ESRMeasure|ESR_measurement Failed to update figure1: name 'index' is not defined. ['Traceback (most recent call last):\n', '  File "C:\\Users\\ZHao\\.conda\\envs\\scopefoundry\\lib\\site-packages\\ScopeFoundry\\measurement.py", line 273, in _on_display_update_timer\n    self.update_display()\n', '  File "C:\\Users\\Public\\quantum_sensing\\quantum_sensing\\fancy_microscope\\custommeasure2.py", line 304, in update_display\n    self.current_plotline.setData(self.average_x[:index+1], self.average_y[:index+1])\n', "NameError: name 'index' is not defined\n"]
2022-05-20T16:37:07|ERROR|ESRMeasure|ESR_measurement Failed to update figure1: name 'index' is not defined. ['Traceback (most recent call last):\n', '  File "C:\\Users\\ZHao\\.conda\\envs\\scopefoundry\\lib\\site-packages\\ScopeFoundry\\measurement.py", line 273, in _on_display_update_timer\n    self.update_display()\n', '  File "C:\\Users\\Public\\quantum_sensing\\quantum_sensing\\fancy_microscope\\custommeasure2.py", line 304, in update_display\n    self.current_plotline.setData(self.average_x[:index+1], self.average_y[:index+1])\n', "NameError: name 'index' is not defined\n"]
2022-05-20T16:37:09|ERROR|ESRMeasure|ESR_measurement Failed to update figure1: name 'index' is not defined. ['Traceback (most recent call last):\n', '  File "C:\\Users\\ZHao\\.conda\\envs\\scopefoundry\\lib\\site-packages\\ScopeFoundry\\measurement.py", line 273, in _on_display_update_timer\n    self.update_display()\n', '  File "C:\\Users\\Public\\quantum_sensing\\quantum_sensing\\fancy_microscope\\custommeasure2.py", line 304, in update_display\n    self.current_plotline.setData(self.average_x[:index+1], self.average_y[:index+1])\n', "NameError: name 'index' is not defined\n"]
2022-05-20T16:37:10|ERROR|ESRMeasure|ESR_measurement Failed to update figure1: name 'index' is not defined. ['Traceback (most recent call last):\n', '  File "C:\\Users\\ZHao\\.conda\\envs\\scopefoundry\\lib\\site-packages\\ScopeFoundry\\measurement.py", line 273, in _on_display_update_timer\n    self.update_display()\n', '  File "C:\\Users\\Public\\quantum_sensing\\quantum_sensing\\fancy_microscope\\custommeasure2.py", line 304, in update_display\n    self.current_plotline.setData(self.average_x[:index+1], self.average_y[:index+1])\n', "NameError: name 'index' is not defined\n"]
2022-05-20T16:37:10|ERROR|ESRMeasure|ESR_measurement Failed to update figure1: name 'index' is not defined. ['Traceback (most recent call last):\n', '  File "C:\\Users\\ZHao\\.conda\\envs\\scopefoundry\\lib\\site-packages\\ScopeFoundry\\measurement.py", line 273, in _on_display_update_timer\n    self.update_display()\n', '  File "C:\\Users\\Public\\quantum_sensing\\quantum_sensing\\fancy_microscope\\custommeasure2.py", line 304, in update_display\n    self.current_plotline.setData(self.average_x[:index+1], self.average_y[:index+1])\n', "NameError: name 'index' is not defined\n"]
2022-05-20T16:37:10|ERROR|ESRMeasure|ESR_measurement Failed to update figure1: name 'index' is not defined. ['Traceback (most recent call last):\n', '  File "C:\\Users\\ZHao\\.conda\\envs\\scopefoundry\\lib\\site-packages\\ScopeFoundry\\measurement.py", line 273, in _on_display_update_timer\n    self.update_display()\n', '  File "C:\\Users\\Public\\quantum_sensing\\quantum_sensing\\fancy_microscope\\custommeasure2.py", line 304, in update_display\n    self.current_plotline.setData(self.average_x[:index+1], self.average_y[:index+1])\n', "NameError: name 'index' is not defined\n"]
2022-05-20T16:37:11|ERROR|ESRMeasure|ESR_measurement Failed to update figure1: name 'index' is not defined. ['Traceback (most recent call last):\n', '  File "C:\\Users\\ZHao\\.conda\\envs\\scopefoundry\\lib\\site-packages\\ScopeFoundry\\measurement.py", line 273, in _on_display_update_timer\n    self.update_display()\n', '  File "C:\\Users\\Public\\quantum_sensing\\quantum_sensing\\fancy_microscope\\custommeasure2.py", line 304, in update_display\n    self.current_plotline.setData(self.average_x[:index+1], self.average_y[:index+1])\n', "NameError: name 'index' is not defined\n"]
2022-05-20T16:37:11|ERROR|ESRMeasure|ESR_measurement Failed to update figure1: name 'index' is not defined. ['Traceback (most recent call last):\n', '  File "C:\\Users\\ZHao\\.conda\\envs\\scopefoundry\\lib\\site-packages\\ScopeFoundry\\measurement.py", line 273, in _on_display_update_timer\n    self.update_display()\n', '  File "C:\\Users\\Public\\quantum_sensing\\quantum_sensing\\fancy_microscope\\custommeasure2.py", line 304, in update_display\n    self.current_plotline.setData(self.average_x[:index+1], self.average_y[:index+1])\n', "NameError: name 'index' is not defined\n"]
2022-05-20T16:37:11|ERROR|ESRMeasure|ESR_measurement Failed to update figure1: name 'index' is not defined. ['Traceback (most recent call last):\n', '  File "C:\\Users\\ZHao\\.conda\\envs\\scopefoundry\\lib\\site-packages\\ScopeFoundry\\measurement.py", line 273, in _on_display_update_timer\n    self.update_display()\n', '  File "C:\\Users\\Public\\quantum_sensing\\quantum_sensing\\fancy_microscope\\custommeasure2.py", line 304, in update_display\n    self.current_plotline.setData(self.average_x[:index+1], self.average_y[:index+1])\n', "NameError: name 'index' is not defined\n"]
2022-05-20T16:37:11|ERROR|ESRMeasure|ESR_measurement Failed to update figure1: name 'index' is not defined. ['Traceback (most recent call last):\n', '  File "C:\\Users\\ZHao\\.conda\\envs\\scopefoundry\\lib\\site-packages\\ScopeFoundry\\measurement.py", line 273, in _on_display_update_timer\n    self.update_display()\n', '  File "C:\\Users\\Public\\quantum_sensing\\quantum_sensing\\fancy_microscope\\custommeasure2.py", line 304, in update_display\n    self.current_plotline.setData(self.average_x[:index+1], self.average_y[:index+1])\n', "NameError: name 'index' is not defined\n"]
2022-05-20T16:37:11|ERROR|ESRMeasure|ESR_measurement Failed to update figure1: name 'index' is not defined. ['Traceback (most recent call last):\n', '  File "C:\\Users\\ZHao\\.conda\\envs\\scopefoundry\\lib\\site-packages\\ScopeFoundry\\measurement.py", line 273, in _on_display_update_timer\n    self.update_display()\n', '  File "C:\\Users\\Public\\quantum_sensing\\quantum_sensing\\fancy_microscope\\custommeasure2.py", line 304, in update_display\n    self.current_plotline.setData(self.average_x[:index+1], self.average_y[:index+1])\n', "NameError: name 'index' is not defined\n"]
2022-05-20T16:37:11|ERROR|ESRMeasure|ESR_measurement Failed to update figure1: name 'index' is not defined. ['Traceback (most recent call last):\n', '  File "C:\\Users\\ZHao\\.conda\\envs\\scopefoundry\\lib\\site-packages\\ScopeFoundry\\measurement.py", line 273, in _on_display_update_timer\n    self.update_display()\n', '  File "C:\\Users\\Public\\quantum_sensing\\quantum_sensing\\fancy_microscope\\custommeasure2.py", line 304, in update_display\n    self.current_plotline.setData(self.average_x[:index+1], self.average_y[:index+1])\n', "NameError: name 'index' is not defined\n"]
2022-05-20T16:37:11|ERROR|ESRMeasure|ESR_measurement Failed to update figure1: name 'index' is not defined. ['Traceback (most recent call last):\n', '  File "C:\\Users\\ZHao\\.conda\\envs\\scopefoundry\\lib\\site-packages\\ScopeFoundry\\measurement.py", line 273, in _on_display_update_timer\n    self.update_display()\n', '  File "C:\\Users\\Public\\quantum_sensing\\quantum_sensing\\fancy_microscope\\custommeasure2.py", line 304, in update_display\n    self.current_plotline.setData(self.average_x[:index+1], self.average_y[:index+1])\n', "NameError: name 'index' is not defined\n"]
2022-05-20T16:37:11|ERROR|ESRMeasure|ESR_measurement Failed to update figure1: name 'index' is not defined. ['Traceback (most recent call last):\n', '  File "C:\\Users\\ZHao\\.conda\\envs\\scopefoundry\\lib\\site-packages\\ScopeFoundry\\measurement.py", line 273, in _on_display_update_timer\n    self.update_display()\n', '  File "C:\\Users\\Public\\quantum_sensing\\quantum_sensing\\fancy_microscope\\custommeasure2.py", line 304, in update_display\n    self.current_plotline.setData(self.average_x[:index+1], self.average_y[:index+1])\n', "NameError: name 'index' is not defined\n"]
2022-05-20T16:37:11|ERROR|ESRMeasure|ESR_measurement Failed to update figure1: name 'index' is not defined. ['Traceback (most recent call last):\n', '  File "C:\\Users\\ZHao\\.conda\\envs\\scopefoundry\\lib\\site-packages\\ScopeFoundry\\measurement.py", line 273, in _on_display_update_timer\n    self.update_display()\n', '  File "C:\\Users\\Public\\quantum_sensing\\quantum_sensing\\fancy_microscope\\custommeasure2.py", line 304, in update_display\n    self.current_plotline.setData(self.average_x[:index+1], self.average_y[:index+1])\n', "NameError: name 'index' is not defined\n"]
2022-05-20T16:37:11|ERROR|ESRMeasure|ESR_measurement Failed to update figure1: name 'index' is not defined. ['Traceback (most recent call last):\n', '  File "C:\\Users\\ZHao\\.conda\\envs\\scopefoundry\\lib\\site-packages\\ScopeFoundry\\measurement.py", line 273, in _on_display_update_timer\n    self.update_display()\n', '  File "C:\\Users\\Public\\quantum_sensing\\quantum_sensing\\fancy_microscope\\custommeasure2.py", line 304, in update_display\n    self.current_plotline.setData(self.average_x[:index+1], self.average_y[:index+1])\n', "NameError: name 'index' is not defined\n"]
2022-05-20T16:37:12|ERROR|ESRMeasure|ESR_measurement Failed to update figure1: name 'index' is not defined. ['Traceback (most recent call last):\n', '  File "C:\\Users\\ZHao\\.conda\\envs\\scopefoundry\\lib\\site-packages\\ScopeFoundry\\measurement.py", line 273, in _on_display_update_timer\n    self.update_display()\n', '  File "C:\\Users\\Public\\quantum_sensing\\quantum_sensing\\fancy_microscope\\custommeasure2.py", line 304, in update_display\n    self.current_plotline.setData(self.average_x[:index+1], self.average_y[:index+1])\n', "NameError: name 'index' is not defined\n"]
2022-05-20T16:37:12|ERROR|ESRMeasure|ESR_measurement Failed to update figure1: name 'index' is not defined. ['Traceback (most recent call last):\n', '  File "C:\\Users\\ZHao\\.conda\\envs\\scopefoundry\\lib\\site-packages\\ScopeFoundry\\measurement.py", line 273, in _on_display_update_timer\n    self.update_display()\n', '  File "C:\\Users\\Public\\quantum_sensing\\quantum_sensing\\fancy_microscope\\custommeasure2.py", line 304, in update_display\n    self.current_plotline.setData(self.average_x[:index+1], self.average_y[:index+1])\n', "NameError: name 'index' is not defined\n"]
2022-05-20T16:37:13|ERROR|ESRMeasure|ESR_measurement Failed to update figure1: name 'index' is not defined. ['Traceback (most recent call last):\n', '  File "C:\\Users\\ZHao\\.conda\\envs\\scopefoundry\\lib\\site-packages\\ScopeFoundry\\measurement.py", line 273, in _on_display_update_timer\n    self.update_display()\n', '  File "C:\\Users\\Public\\quantum_sensing\\quantum_sensing\\fancy_microscope\\custommeasure2.py", line 304, in update_display\n    self.current_plotline.setData(self.average_x[:index+1], self.average_y[:index+1])\n', "NameError: name 'index' is not defined\n"]
2022-05-20T16:37:14|ERROR|ESRMeasure|ESR_measurement Failed to update figure1: name 'index' is not defined. ['Traceback (most recent call last):\n', '  File "C:\\Users\\ZHao\\.conda\\envs\\scopefoundry\\lib\\site-packages\\ScopeFoundry\\measurement.py", line 273, in _on_display_update_timer\n    self.update_display()\n', '  File "C:\\Users\\Public\\quantum_sensing\\quantum_sensing\\fancy_microscope\\custommeasure2.py", line 304, in update_display\n    self.current_plotline.setData(self.average_x[:index+1], self.average_y[:index+1])\n', "NameError: name 'index' is not defined\n"]
2022-05-20T16:37:14|ERROR|ESRMeasure|ESR_measurement Failed to update figure1: name 'index' is not defined. ['Traceback (most recent call last):\n', '  File "C:\\Users\\ZHao\\.conda\\envs\\scopefoundry\\lib\\site-packages\\ScopeFoundry\\measurement.py", line 273, in _on_display_update_timer\n    self.update_display()\n', '  File "C:\\Users\\Public\\quantum_sensing\\quantum_sensing\\fancy_microscope\\custommeasure2.py", line 304, in update_display\n    self.current_plotline.setData(self.average_x[:index+1], self.average_y[:index+1])\n', "NameError: name 'index' is not defined\n"]
2022-05-20T16:37:15|ERROR|ESRMeasure|ESR_measurement Failed to update figure1: name 'index' is not defined. ['Traceback (most recent call last):\n', '  File "C:\\Users\\ZHao\\.conda\\envs\\scopefoundry\\lib\\site-packages\\ScopeFoundry\\measurement.py", line 273, in _on_display_update_timer\n    self.update_display()\n', '  File "C:\\Users\\Public\\quantum_sensing\\quantum_sensing\\fancy_microscope\\custommeasure2.py", line 304, in update_display\n    self.current_plotline.setData(self.average_x[:index+1], self.average_y[:index+1])\n', "NameError: name 'index' is not defined\n"]
2022-05-20T16:37:15|ERROR|ESRMeasure|ESR_measurement Failed to update figure1: name 'index' is not defined. ['Traceback (most recent call last):\n', '  File "C:\\Users\\ZHao\\.conda\\envs\\scopefoundry\\lib\\site-packages\\ScopeFoundry\\measurement.py", line 273, in _on_display_update_timer\n    self.update_display()\n', '  File "C:\\Users\\Public\\quantum_sensing\\quantum_sensing\\fancy_microscope\\custommeasure2.py", line 304, in update_display\n    self.current_plotline.setData(self.average_x[:index+1], self.average_y[:index+1])\n', "NameError: name 'index' is not defined\n"]
2022-05-20T16:37:15|ERROR|ESRMeasure|ESR_measurement Failed to update figure1: name 'index' is not defined. ['Traceback (most recent call last):\n', '  File "C:\\Users\\ZHao\\.conda\\envs\\scopefoundry\\lib\\site-packages\\ScopeFoundry\\measurement.py", line 273, in _on_display_update_timer\n    self.update_display()\n', '  File "C:\\Users\\Public\\quantum_sensing\\quantum_sensing\\fancy_microscope\\custommeasure2.py", line 304, in update_display\n    self.current_plotline.setData(self.average_x[:index+1], self.average_y[:index+1])\n', "NameError: name 'index' is not defined\n"]
2022-05-20T16:37:15|ERROR|ESRMeasure|ESR_measurement Failed to update figure1: name 'index' is not defined. ['Traceback (most recent call last):\n', '  File "C:\\Users\\ZHao\\.conda\\envs\\scopefoundry\\lib\\site-packages\\ScopeFoundry\\measurement.py", line 273, in _on_display_update_timer\n    self.update_display()\n', '  File "C:\\Users\\Public\\quantum_sensing\\quantum_sensing\\fancy_microscope\\custommeasure2.py", line 304, in update_display\n    self.current_plotline.setData(self.average_x[:index+1], self.average_y[:index+1])\n', "NameError: name 'index' is not defined\n"]
2022-05-20T16:37:15|ERROR|ESRMeasure|ESR_measurement Failed to update figure1: name 'index' is not defined. ['Traceback (most recent call last):\n', '  File "C:\\Users\\ZHao\\.conda\\envs\\scopefoundry\\lib\\site-packages\\ScopeFoundry\\measurement.py", line 273, in _on_display_update_timer\n    self.update_display()\n', '  File "C:\\Users\\Public\\quantum_sensing\\quantum_sensing\\fancy_microscope\\custommeasure2.py", line 304, in update_display\n    self.current_plotline.setData(self.average_x[:index+1], self.average_y[:index+1])\n', "NameError: name 'index' is not defined\n"]
2022-05-20T16:37:15|ERROR|ESRMeasure|ESR_measurement Failed to update figure1: name 'index' is not defined. ['Traceback (most recent call last):\n', '  File "C:\\Users\\ZHao\\.conda\\envs\\scopefoundry\\lib\\site-packages\\ScopeFoundry\\measurement.py", line 273, in _on_display_update_timer\n    self.update_display()\n', '  File "C:\\Users\\Public\\quantum_sensing\\quantum_sensing\\fancy_microscope\\custommeasure2.py", line 304, in update_display\n    self.current_plotline.setData(self.average_x[:index+1], self.average_y[:index+1])\n', "NameError: name 'index' is not defined\n"]
2022-05-20T16:37:15|ERROR|ESRMeasure|ESR_measurement Failed to update figure1: name 'index' is not defined. ['Traceback (most recent call last):\n', '  File "C:\\Users\\ZHao\\.conda\\envs\\scopefoundry\\lib\\site-packages\\ScopeFoundry\\measurement.py", line 273, in _on_display_update_timer\n    self.update_display()\n', '  File "C:\\Users\\Public\\quantum_sensing\\quantum_sensing\\fancy_microscope\\custommeasure2.py", line 304, in update_display\n    self.current_plotline.setData(self.average_x[:index+1], self.average_y[:index+1])\n', "NameError: name 'index' is not defined\n"]
2022-05-20T16:37:16|ERROR|ESRMeasure|ESR_measurement Failed to update figure1: name 'index' is not defined. ['Traceback (most recent call last):\n', '  File "C:\\Users\\ZHao\\.conda\\envs\\scopefoundry\\lib\\site-packages\\ScopeFoundry\\measurement.py", line 273, in _on_display_update_timer\n    self.update_display()\n', '  File "C:\\Users\\Public\\quantum_sensing\\quantum_sensing\\fancy_microscope\\custommeasure2.py", line 304, in update_display\n    self.current_plotline.setData(self.average_x[:index+1], self.average_y[:index+1])\n', "NameError: name 'index' is not defined\n"]
2022-05-20T16:37:16|ERROR|ESRMeasure|ESR_measurement Failed to update figure1: name 'index' is not defined. ['Traceback (most recent call last):\n', '  File "C:\\Users\\ZHao\\.conda\\envs\\scopefoundry\\lib\\site-packages\\ScopeFoundry\\measurement.py", line 273, in _on_display_update_timer\n    self.update_display()\n', '  File "C:\\Users\\Public\\quantum_sensing\\quantum_sensing\\fancy_microscope\\custommeasure2.py", line 304, in update_display\n    self.current_plotline.setData(self.average_x[:index+1], self.average_y[:index+1])\n', "NameError: name 'index' is not defined\n"]
2022-05-20T16:37:16|ERROR|ESRMeasure|ESR_measurement Failed to update figure1: name 'index' is not defined. ['Traceback (most recent call last):\n', '  File "C:\\Users\\ZHao\\.conda\\envs\\scopefoundry\\lib\\site-packages\\ScopeFoundry\\measurement.py", line 273, in _on_display_update_timer\n    self.update_display()\n', '  File "C:\\Users\\Public\\quantum_sensing\\quantum_sensing\\fancy_microscope\\custommeasure2.py", line 304, in update_display\n    self.current_plotline.setData(self.average_x[:index+1], self.average_y[:index+1])\n', "NameError: name 'index' is not defined\n"]
2022-05-20T16:37:16|ERROR|ESRMeasure|ESR_measurement Failed to update figure1: name 'index' is not defined. ['Traceback (most recent call last):\n', '  File "C:\\Users\\ZHao\\.conda\\envs\\scopefoundry\\lib\\site-packages\\ScopeFoundry\\measurement.py", line 273, in _on_display_update_timer\n    self.update_display()\n', '  File "C:\\Users\\Public\\quantum_sensing\\quantum_sensing\\fancy_microscope\\custommeasure2.py", line 304, in update_display\n    self.current_plotline.setData(self.average_x[:index+1], self.average_y[:index+1])\n', "NameError: name 'index' is not defined\n"]
2022-05-20T16:37:16|ERROR|ESRMeasure|ESR_measurement Failed to update figure1: name 'index' is not defined. ['Traceback (most recent call last):\n', '  File "C:\\Users\\ZHao\\.conda\\envs\\scopefoundry\\lib\\site-packages\\ScopeFoundry\\measurement.py", line 273, in _on_display_update_timer\n    self.update_display()\n', '  File "C:\\Users\\Public\\quantum_sensing\\quantum_sensing\\fancy_microscope\\custommeasure2.py", line 304, in update_display\n    self.current_plotline.setData(self.average_x[:index+1], self.average_y[:index+1])\n', "NameError: name 'index' is not defined\n"]
2022-05-20T16:37:17|ERROR|ESRMeasure|ESR_measurement Failed to update figure1: name 'index' is not defined. ['Traceback (most recent call last):\n', '  File "C:\\Users\\ZHao\\.conda\\envs\\scopefoundry\\lib\\site-packages\\ScopeFoundry\\measurement.py", line 273, in _on_display_update_timer\n    self.update_display()\n', '  File "C:\\Users\\Public\\quantum_sensing\\quantum_sensing\\fancy_microscope\\custommeasure2.py", line 304, in update_display\n    self.current_plotline.setData(self.average_x[:index+1], self.average_y[:index+1])\n', "NameError: name 'index' is not defined\n"]
2022-05-20T16:37:17|ERROR|ESRMeasure|ESR_measurement Failed to update figure1: name 'index' is not defined. ['Traceback (most recent call last):\n', '  File "C:\\Users\\ZHao\\.conda\\envs\\scopefoundry\\lib\\site-packages\\ScopeFoundry\\measurement.py", line 273, in _on_display_update_timer\n    self.update_display()\n', '  File "C:\\Users\\Public\\quantum_sensing\\quantum_sensing\\fancy_microscope\\custommeasure2.py", line 304, in update_display\n    self.current_plotline.setData(self.average_x[:index+1], self.average_y[:index+1])\n', "NameError: name 'index' is not defined\n"]
2022-05-20T16:37:18|ERROR|ESRMeasure|ESR_measurement Failed to update figure1: name 'index' is not defined. ['Traceback (most recent call last):\n', '  File "C:\\Users\\ZHao\\.conda\\envs\\scopefoundry\\lib\\site-packages\\ScopeFoundry\\measurement.py", line 273, in _on_display_update_timer\n    self.update_display()\n', '  File "C:\\Users\\Public\\quantum_sensing\\quantum_sensing\\fancy_microscope\\custommeasure2.py", line 304, in update_display\n    self.current_plotline.setData(self.average_x[:index+1], self.average_y[:index+1])\n', "NameError: name 'index' is not defined\n"]
2022-05-20T16:37:19|ERROR|ESRMeasure|ESR_measurement Failed to update figure1: name 'index' is not defined. ['Traceback (most recent call last):\n', '  File "C:\\Users\\ZHao\\.conda\\envs\\scopefoundry\\lib\\site-packages\\ScopeFoundry\\measurement.py", line 273, in _on_display_update_timer\n    self.update_display()\n', '  File "C:\\Users\\Public\\quantum_sensing\\quantum_sensing\\fancy_microscope\\custommeasure2.py", line 304, in update_display\n    self.current_plotline.setData(self.average_x[:index+1], self.average_y[:index+1])\n', "NameError: name 'index' is not defined\n"]
2022-05-20T16:37:19|ERROR|ESRMeasure|ESR_measurement Failed to update figure1: name 'index' is not defined. ['Traceback (most recent call last):\n', '  File "C:\\Users\\ZHao\\.conda\\envs\\scopefoundry\\lib\\site-packages\\ScopeFoundry\\measurement.py", line 273, in _on_display_update_timer\n    self.update_display()\n', '  File "C:\\Users\\Public\\quantum_sensing\\quantum_sensing\\fancy_microscope\\custommeasure2.py", line 304, in update_display\n    self.current_plotline.setData(self.average_x[:index+1], self.average_y[:index+1])\n', "NameError: name 'index' is not defined\n"]
2022-05-20T16:37:19|ERROR|ESRMeasure|ESR_measurement Failed to update figure1: name 'index' is not defined. ['Traceback (most recent call last):\n', '  File "C:\\Users\\ZHao\\.conda\\envs\\scopefoundry\\lib\\site-packages\\ScopeFoundry\\measurement.py", line 273, in _on_display_update_timer\n    self.update_display()\n', '  File "C:\\Users\\Public\\quantum_sensing\\quantum_sensing\\fancy_microscope\\custommeasure2.py", line 304, in update_display\n    self.current_plotline.setData(self.average_x[:index+1], self.average_y[:index+1])\n', "NameError: name 'index' is not defined\n"]
2022-05-20T16:37:19|ERROR|ESRMeasure|ESR_measurement Failed to update figure1: name 'index' is not defined. ['Traceback (most recent call last):\n', '  File "C:\\Users\\ZHao\\.conda\\envs\\scopefoundry\\lib\\site-packages\\ScopeFoundry\\measurement.py", line 273, in _on_display_update_timer\n    self.update_display()\n', '  File "C:\\Users\\Public\\quantum_sensing\\quantum_sensing\\fancy_microscope\\custommeasure2.py", line 304, in update_display\n    self.current_plotline.setData(self.average_x[:index+1], self.average_y[:index+1])\n', "NameError: name 'index' is not defined\n"]
2022-05-20T16:37:19|ERROR|ESRMeasure|ESR_measurement Failed to update figure1: name 'index' is not defined. ['Traceback (most recent call last):\n', '  File "C:\\Users\\ZHao\\.conda\\envs\\scopefoundry\\lib\\site-packages\\ScopeFoundry\\measurement.py", line 273, in _on_display_update_timer\n    self.update_display()\n', '  File "C:\\Users\\Public\\quantum_sensing\\quantum_sensing\\fancy_microscope\\custommeasure2.py", line 304, in update_display\n    self.current_plotline.setData(self.average_x[:index+1], self.average_y[:index+1])\n', "NameError: name 'index' is not defined\n"]
2022-05-20T16:37:19|ERROR|ESRMeasure|ESR_measurement Failed to update figure1: name 'index' is not defined. ['Traceback (most recent call last):\n', '  File "C:\\Users\\ZHao\\.conda\\envs\\scopefoundry\\lib\\site-packages\\ScopeFoundry\\measurement.py", line 273, in _on_display_update_timer\n    self.update_display()\n', '  File "C:\\Users\\Public\\quantum_sensing\\quantum_sensing\\fancy_microscope\\custommeasure2.py", line 304, in update_display\n    self.current_plotline.setData(self.average_x[:index+1], self.average_y[:index+1])\n', "NameError: name 'index' is not defined\n"]
2022-05-20T16:37:19|ERROR|ESRMeasure|ESR_measurement Failed to update figure1: name 'index' is not defined. ['Traceback (most recent call last):\n', '  File "C:\\Users\\ZHao\\.conda\\envs\\scopefoundry\\lib\\site-packages\\ScopeFoundry\\measurement.py", line 273, in _on_display_update_timer\n    self.update_display()\n', '  File "C:\\Users\\Public\\quantum_sensing\\quantum_sensing\\fancy_microscope\\custommeasure2.py", line 304, in update_display\n    self.current_plotline.setData(self.average_x[:index+1], self.average_y[:index+1])\n', "NameError: name 'index' is not defined\n"]
2022-05-20T16:37:20|ERROR|ESRMeasure|ESR_measurement Failed to update figure1: name 'index' is not defined. ['Traceback (most recent call last):\n', '  File "C:\\Users\\ZHao\\.conda\\envs\\scopefoundry\\lib\\site-packages\\ScopeFoundry\\measurement.py", line 273, in _on_display_update_timer\n    self.update_display()\n', '  File "C:\\Users\\Public\\quantum_sensing\\quantum_sensing\\fancy_microscope\\custommeasure2.py", line 304, in update_display\n    self.current_plotline.setData(self.average_x[:index+1], self.average_y[:index+1])\n', "NameError: name 'index' is not defined\n"]
2022-05-20T16:37:20|ERROR|ESRMeasure|ESR_measurement Failed to update figure1: name 'index' is not defined. ['Traceback (most recent call last):\n', '  File "C:\\Users\\ZHao\\.conda\\envs\\scopefoundry\\lib\\site-packages\\ScopeFoundry\\measurement.py", line 273, in _on_display_update_timer\n    self.update_display()\n', '  File "C:\\Users\\Public\\quantum_sensing\\quantum_sensing\\fancy_microscope\\custommeasure2.py", line 304, in update_display\n    self.current_plotline.setData(self.average_x[:index+1], self.average_y[:index+1])\n', "NameError: name 'index' is not defined\n"]
2022-05-20T16:37:20|ERROR|ESRMeasure|ESR_measurement Failed to update figure1: name 'index' is not defined. ['Traceback (most recent call last):\n', '  File "C:\\Users\\ZHao\\.conda\\envs\\scopefoundry\\lib\\site-packages\\ScopeFoundry\\measurement.py", line 273, in _on_display_update_timer\n    self.update_display()\n', '  File "C:\\Users\\Public\\quantum_sensing\\quantum_sensing\\fancy_microscope\\custommeasure2.py", line 304, in update_display\n    self.current_plotline.setData(self.average_x[:index+1], self.average_y[:index+1])\n', "NameError: name 'index' is not defined\n"]
2022-05-20T16:37:20|ERROR|ESRMeasure|ESR_measurement Failed to update figure1: name 'index' is not defined. ['Traceback (most recent call last):\n', '  File "C:\\Users\\ZHao\\.conda\\envs\\scopefoundry\\lib\\site-packages\\ScopeFoundry\\measurement.py", line 273, in _on_display_update_timer\n    self.update_display()\n', '  File "C:\\Users\\Public\\quantum_sensing\\quantum_sensing\\fancy_microscope\\custommeasure2.py", line 304, in update_display\n    self.current_plotline.setData(self.average_x[:index+1], self.average_y[:index+1])\n', "NameError: name 'index' is not defined\n"]
2022-05-20T16:37:20|ERROR|ESRMeasure|ESR_measurement Failed to update figure1: name 'index' is not defined. ['Traceback (most recent call last):\n', '  File "C:\\Users\\ZHao\\.conda\\envs\\scopefoundry\\lib\\site-packages\\ScopeFoundry\\measurement.py", line 273, in _on_display_update_timer\n    self.update_display()\n', '  File "C:\\Users\\Public\\quantum_sensing\\quantum_sensing\\fancy_microscope\\custommeasure2.py", line 304, in update_display\n    self.current_plotline.setData(self.average_x[:index+1], self.average_y[:index+1])\n', "NameError: name 'index' is not defined\n"]
2022-05-20T16:37:20|ERROR|ESRMeasure|ESR_measurement Failed to update figure1: name 'index' is not defined. ['Traceback (most recent call last):\n', '  File "C:\\Users\\ZHao\\.conda\\envs\\scopefoundry\\lib\\site-packages\\ScopeFoundry\\measurement.py", line 273, in _on_display_update_timer\n    self.update_display()\n', '  File "C:\\Users\\Public\\quantum_sensing\\quantum_sensing\\fancy_microscope\\custommeasure2.py", line 304, in update_display\n    self.current_plotline.setData(self.average_x[:index+1], self.average_y[:index+1])\n', "NameError: name 'index' is not defined\n"]
2022-05-20T16:37:20|ERROR|ESRMeasure|ESR_measurement Failed to update figure1: name 'index' is not defined. ['Traceback (most recent call last):\n', '  File "C:\\Users\\ZHao\\.conda\\envs\\scopefoundry\\lib\\site-packages\\ScopeFoundry\\measurement.py", line 273, in _on_display_update_timer\n    self.update_display()\n', '  File "C:\\Users\\Public\\quantum_sensing\\quantum_sensing\\fancy_microscope\\custommeasure2.py", line 304, in update_display\n    self.current_plotline.setData(self.average_x[:index+1], self.average_y[:index+1])\n', "NameError: name 'index' is not defined\n"]
2022-05-20T16:37:20|ERROR|ESRMeasure|ESR_measurement Failed to update figure1: name 'index' is not defined. ['Traceback (most recent call last):\n', '  File "C:\\Users\\ZHao\\.conda\\envs\\scopefoundry\\lib\\site-packages\\ScopeFoundry\\measurement.py", line 273, in _on_display_update_timer\n    self.update_display()\n', '  File "C:\\Users\\Public\\quantum_sensing\\quantum_sensing\\fancy_microscope\\custommeasure2.py", line 304, in update_display\n    self.current_plotline.setData(self.average_x[:index+1], self.average_y[:index+1])\n', "NameError: name 'index' is not defined\n"]
2022-05-20T16:37:21|ERROR|ESRMeasure|ESR_measurement Failed to update figure1: name 'index' is not defined. ['Traceback (most recent call last):\n', '  File "C:\\Users\\ZHao\\.conda\\envs\\scopefoundry\\lib\\site-packages\\ScopeFoundry\\measurement.py", line 273, in _on_display_update_timer\n    self.update_display()\n', '  File "C:\\Users\\Public\\quantum_sensing\\quantum_sensing\\fancy_microscope\\custommeasure2.py", line 304, in update_display\n    self.current_plotline.setData(self.average_x[:index+1], self.average_y[:index+1])\n', "NameError: name 'index' is not defined\n"]
2022-05-20T16:37:21|ERROR|ESRMeasure|ESR_measurement Failed to update figure1: name 'index' is not defined. ['Traceback (most recent call last):\n', '  File "C:\\Users\\ZHao\\.conda\\envs\\scopefoundry\\lib\\site-packages\\ScopeFoundry\\measurement.py", line 273, in _on_display_update_timer\n    self.update_display()\n', '  File "C:\\Users\\Public\\quantum_sensing\\quantum_sensing\\fancy_microscope\\custommeasure2.py", line 304, in update_display\n    self.current_plotline.setData(self.average_x[:index+1], self.average_y[:index+1])\n', "NameError: name 'index' is not defined\n"]
2022-05-20T16:37:22|ERROR|ESRMeasure|ESR_measurement Failed to update figure1: name 'index' is not defined. ['Traceback (most recent call last):\n', '  File "C:\\Users\\ZHao\\.conda\\envs\\scopefoundry\\lib\\site-packages\\ScopeFoundry\\measurement.py", line 273, in _on_display_update_timer\n    self.update_display()\n', '  File "C:\\Users\\Public\\quantum_sensing\\quantum_sensing\\fancy_microscope\\custommeasure2.py", line 304, in update_display\n    self.current_plotline.setData(self.average_x[:index+1], self.average_y[:index+1])\n', "NameError: name 'index' is not defined\n"]
2022-05-20T16:37:23|ERROR|ESRMeasure|ESR_measurement Failed to update figure1: name 'index' is not defined. ['Traceback (most recent call last):\n', '  File "C:\\Users\\ZHao\\.conda\\envs\\scopefoundry\\lib\\site-packages\\ScopeFoundry\\measurement.py", line 273, in _on_display_update_timer\n    self.update_display()\n', '  File "C:\\Users\\Public\\quantum_sensing\\quantum_sensing\\fancy_microscope\\custommeasure2.py", line 304, in update_display\n    self.current_plotline.setData(self.average_x[:index+1], self.average_y[:index+1])\n', "NameError: name 'index' is not defined\n"]
2022-05-20T16:37:23|ERROR|ESRMeasure|ESR_measurement Failed to update figure1: name 'index' is not defined. ['Traceback (most recent call last):\n', '  File "C:\\Users\\ZHao\\.conda\\envs\\scopefoundry\\lib\\site-packages\\ScopeFoundry\\measurement.py", line 273, in _on_display_update_timer\n    self.update_display()\n', '  File "C:\\Users\\Public\\quantum_sensing\\quantum_sensing\\fancy_microscope\\custommeasure2.py", line 304, in update_display\n    self.current_plotline.setData(self.average_x[:index+1], self.average_y[:index+1])\n', "NameError: name 'index' is not defined\n"]
2022-05-20T16:37:23|ERROR|ESRMeasure|ESR_measurement Failed to update figure1: name 'index' is not defined. ['Traceback (most recent call last):\n', '  File "C:\\Users\\ZHao\\.conda\\envs\\scopefoundry\\lib\\site-packages\\ScopeFoundry\\measurement.py", line 273, in _on_display_update_timer\n    self.update_display()\n', '  File "C:\\Users\\Public\\quantum_sensing\\quantum_sensing\\fancy_microscope\\custommeasure2.py", line 304, in update_display\n    self.current_plotline.setData(self.average_x[:index+1], self.average_y[:index+1])\n', "NameError: name 'index' is not defined\n"]
2022-05-20T16:37:24|ERROR|ESRMeasure|ESR_measurement Failed to update figure1: name 'index' is not defined. ['Traceback (most recent call last):\n', '  File "C:\\Users\\ZHao\\.conda\\envs\\scopefoundry\\lib\\site-packages\\ScopeFoundry\\measurement.py", line 273, in _on_display_update_timer\n    self.update_display()\n', '  File "C:\\Users\\Public\\quantum_sensing\\quantum_sensing\\fancy_microscope\\custommeasure2.py", line 304, in update_display\n    self.current_plotline.setData(self.average_x[:index+1], self.average_y[:index+1])\n', "NameError: name 'index' is not defined\n"]
2022-05-20T16:37:24|ERROR|ESRMeasure|ESR_measurement Failed to update figure1: name 'index' is not defined. ['Traceback (most recent call last):\n', '  File "C:\\Users\\ZHao\\.conda\\envs\\scopefoundry\\lib\\site-packages\\ScopeFoundry\\measurement.py", line 273, in _on_display_update_timer\n    self.update_display()\n', '  File "C:\\Users\\Public\\quantum_sensing\\quantum_sensing\\fancy_microscope\\custommeasure2.py", line 304, in update_display\n    self.current_plotline.setData(self.average_x[:index+1], self.average_y[:index+1])\n', "NameError: name 'index' is not defined\n"]
2022-05-20T16:37:24|ERROR|ESRMeasure|ESR_measurement Failed to update figure1: name 'index' is not defined. ['Traceback (most recent call last):\n', '  File "C:\\Users\\ZHao\\.conda\\envs\\scopefoundry\\lib\\site-packages\\ScopeFoundry\\measurement.py", line 273, in _on_display_update_timer\n    self.update_display()\n', '  File "C:\\Users\\Public\\quantum_sensing\\quantum_sensing\\fancy_microscope\\custommeasure2.py", line 304, in update_display\n    self.current_plotline.setData(self.average_x[:index+1], self.average_y[:index+1])\n', "NameError: name 'index' is not defined\n"]
2022-05-20T16:37:24|ERROR|ESRMeasure|ESR_measurement Failed to update figure1: name 'index' is not defined. ['Traceback (most recent call last):\n', '  File "C:\\Users\\ZHao\\.conda\\envs\\scopefoundry\\lib\\site-packages\\ScopeFoundry\\measurement.py", line 273, in _on_display_update_timer\n    self.update_display()\n', '  File "C:\\Users\\Public\\quantum_sensing\\quantum_sensing\\fancy_microscope\\custommeasure2.py", line 304, in update_display\n    self.current_plotline.setData(self.average_x[:index+1], self.average_y[:index+1])\n', "NameError: name 'index' is not defined\n"]
2022-05-20T16:37:24|ERROR|ESRMeasure|ESR_measurement Failed to update figure1: name 'index' is not defined. ['Traceback (most recent call last):\n', '  File "C:\\Users\\ZHao\\.conda\\envs\\scopefoundry\\lib\\site-packages\\ScopeFoundry\\measurement.py", line 273, in _on_display_update_timer\n    self.update_display()\n', '  File "C:\\Users\\Public\\quantum_sensing\\quantum_sensing\\fancy_microscope\\custommeasure2.py", line 304, in update_display\n    self.current_plotline.setData(self.average_x[:index+1], self.average_y[:index+1])\n', "NameError: name 'index' is not defined\n"]
2022-05-20T16:37:24|ERROR|ESRMeasure|ESR_measurement Failed to update figure1: name 'index' is not defined. ['Traceback (most recent call last):\n', '  File "C:\\Users\\ZHao\\.conda\\envs\\scopefoundry\\lib\\site-packages\\ScopeFoundry\\measurement.py", line 273, in _on_display_update_timer\n    self.update_display()\n', '  File "C:\\Users\\Public\\quantum_sensing\\quantum_sensing\\fancy_microscope\\custommeasure2.py", line 304, in update_display\n    self.current_plotline.setData(self.average_x[:index+1], self.average_y[:index+1])\n', "NameError: name 'index' is not defined\n"]
2022-05-20T16:37:24|ERROR|ESRMeasure|ESR_measurement Failed to update figure1: name 'index' is not defined. ['Traceback (most recent call last):\n', '  File "C:\\Users\\ZHao\\.conda\\envs\\scopefoundry\\lib\\site-packages\\ScopeFoundry\\measurement.py", line 273, in _on_display_update_timer\n    self.update_display()\n', '  File "C:\\Users\\Public\\quantum_sensing\\quantum_sensing\\fancy_microscope\\custommeasure2.py", line 304, in update_display\n    self.current_plotline.setData(self.average_x[:index+1], self.average_y[:index+1])\n', "NameError: name 'index' is not defined\n"]
2022-05-20T16:37:24|ERROR|ESRMeasure|ESR_measurement Failed to update figure1: name 'index' is not defined. ['Traceback (most recent call last):\n', '  File "C:\\Users\\ZHao\\.conda\\envs\\scopefoundry\\lib\\site-packages\\ScopeFoundry\\measurement.py", line 273, in _on_display_update_timer\n    self.update_display()\n', '  File "C:\\Users\\Public\\quantum_sensing\\quantum_sensing\\fancy_microscope\\custommeasure2.py", line 304, in update_display\n    self.current_plotline.setData(self.average_x[:index+1], self.average_y[:index+1])\n', "NameError: name 'index' is not defined\n"]
2022-05-20T16:37:24|ERROR|ESRMeasure|ESR_measurement Failed to update figure1: name 'index' is not defined. ['Traceback (most recent call last):\n', '  File "C:\\Users\\ZHao\\.conda\\envs\\scopefoundry\\lib\\site-packages\\ScopeFoundry\\measurement.py", line 273, in _on_display_update_timer\n    self.update_display()\n', '  File "C:\\Users\\Public\\quantum_sensing\\quantum_sensing\\fancy_microscope\\custommeasure2.py", line 304, in update_display\n    self.current_plotline.setData(self.average_x[:index+1], self.average_y[:index+1])\n', "NameError: name 'index' is not defined\n"]
2022-05-20T16:37:25|ERROR|ESRMeasure|ESR_measurement Failed to update figure1: name 'index' is not defined. ['Traceback (most recent call last):\n', '  File "C:\\Users\\ZHao\\.conda\\envs\\scopefoundry\\lib\\site-packages\\ScopeFoundry\\measurement.py", line 273, in _on_display_update_timer\n    self.update_display()\n', '  File "C:\\Users\\Public\\quantum_sensing\\quantum_sensing\\fancy_microscope\\custommeasure2.py", line 304, in update_display\n    self.current_plotline.setData(self.average_x[:index+1], self.average_y[:index+1])\n', "NameError: name 'index' is not defined\n"]
2022-05-20T16:37:25|ERROR|ESRMeasure|ESR_measurement Failed to update figure1: name 'index' is not defined. ['Traceback (most recent call last):\n', '  File "C:\\Users\\ZHao\\.conda\\envs\\scopefoundry\\lib\\site-packages\\ScopeFoundry\\measurement.py", line 273, in _on_display_update_timer\n    self.update_display()\n', '  File "C:\\Users\\Public\\quantum_sensing\\quantum_sensing\\fancy_microscope\\custommeasure2.py", line 304, in update_display\n    self.current_plotline.setData(self.average_x[:index+1], self.average_y[:index+1])\n', "NameError: name 'index' is not defined\n"]
2022-05-20T16:37:25|ERROR|ESRMeasure|ESR_measurement Failed to update figure1: name 'index' is not defined. ['Traceback (most recent call last):\n', '  File "C:\\Users\\ZHao\\.conda\\envs\\scopefoundry\\lib\\site-packages\\ScopeFoundry\\measurement.py", line 273, in _on_display_update_timer\n    self.update_display()\n', '  File "C:\\Users\\Public\\quantum_sensing\\quantum_sensing\\fancy_microscope\\custommeasure2.py", line 304, in update_display\n    self.current_plotline.setData(self.average_x[:index+1], self.average_y[:index+1])\n', "NameError: name 'index' is not defined\n"]
2022-05-20T16:37:26|ERROR|ESRMeasure|ESR_measurement Failed to update figure1: name 'index' is not defined. ['Traceback (most recent call last):\n', '  File "C:\\Users\\ZHao\\.conda\\envs\\scopefoundry\\lib\\site-packages\\ScopeFoundry\\measurement.py", line 273, in _on_display_update_timer\n    self.update_display()\n', '  File "C:\\Users\\Public\\quantum_sensing\\quantum_sensing\\fancy_microscope\\custommeasure2.py", line 304, in update_display\n    self.current_plotline.setData(self.average_x[:index+1], self.average_y[:index+1])\n', "NameError: name 'index' is not defined\n"]
2022-05-20T16:37:27|ERROR|ESRMeasure|ESR_measurement Failed to update figure1: name 'index' is not defined. ['Traceback (most recent call last):\n', '  File "C:\\Users\\ZHao\\.conda\\envs\\scopefoundry\\lib\\site-packages\\ScopeFoundry\\measurement.py", line 273, in _on_display_update_timer\n    self.update_display()\n', '  File "C:\\Users\\Public\\quantum_sensing\\quantum_sensing\\fancy_microscope\\custommeasure2.py", line 304, in update_display\n    self.current_plotline.setData(self.average_x[:index+1], self.average_y[:index+1])\n', "NameError: name 'index' is not defined\n"]
2022-05-20T16:37:28|ERROR|ESRMeasure|ESR_measurement Failed to update figure1: name 'index' is not defined. ['Traceback (most recent call last):\n', '  File "C:\\Users\\ZHao\\.conda\\envs\\scopefoundry\\lib\\site-packages\\ScopeFoundry\\measurement.py", line 273, in _on_display_update_timer\n    self.update_display()\n', '  File "C:\\Users\\Public\\quantum_sensing\\quantum_sensing\\fancy_microscope\\custommeasure2.py", line 304, in update_display\n    self.current_plotline.setData(self.average_x[:index+1], self.average_y[:index+1])\n', "NameError: name 'index' is not defined\n"]
2022-05-20T16:37:28|ERROR|ESRMeasure|ESR_measurement Failed to update figure1: name 'index' is not defined. ['Traceback (most recent call last):\n', '  File "C:\\Users\\ZHao\\.conda\\envs\\scopefoundry\\lib\\site-packages\\ScopeFoundry\\measurement.py", line 273, in _on_display_update_timer\n    self.update_display()\n', '  File "C:\\Users\\Public\\quantum_sensing\\quantum_sensing\\fancy_microscope\\custommeasure2.py", line 304, in update_display\n    self.current_plotline.setData(self.average_x[:index+1], self.average_y[:index+1])\n', "NameError: name 'index' is not defined\n"]
2022-05-20T16:37:28|ERROR|ESRMeasure|ESR_measurement Failed to update figure1: name 'index' is not defined. ['Traceback (most recent call last):\n', '  File "C:\\Users\\ZHao\\.conda\\envs\\scopefoundry\\lib\\site-packages\\ScopeFoundry\\measurement.py", line 273, in _on_display_update_timer\n    self.update_display()\n', '  File "C:\\Users\\Public\\quantum_sensing\\quantum_sensing\\fancy_microscope\\custommeasure2.py", line 304, in update_display\n    self.current_plotline.setData(self.average_x[:index+1], self.average_y[:index+1])\n', "NameError: name 'index' is not defined\n"]
2022-05-20T16:37:28|ERROR|ESRMeasure|ESR_measurement Failed to update figure1: name 'index' is not defined. ['Traceback (most recent call last):\n', '  File "C:\\Users\\ZHao\\.conda\\envs\\scopefoundry\\lib\\site-packages\\ScopeFoundry\\measurement.py", line 273, in _on_display_update_timer\n    self.update_display()\n', '  File "C:\\Users\\Public\\quantum_sensing\\quantum_sensing\\fancy_microscope\\custommeasure2.py", line 304, in update_display\n    self.current_plotline.setData(self.average_x[:index+1], self.average_y[:index+1])\n', "NameError: name 'index' is not defined\n"]
2022-05-20T16:37:28|ERROR|ESRMeasure|ESR_measurement Failed to update figure1: name 'index' is not defined. ['Traceback (most recent call last):\n', '  File "C:\\Users\\ZHao\\.conda\\envs\\scopefoundry\\lib\\site-packages\\ScopeFoundry\\measurement.py", line 273, in _on_display_update_timer\n    self.update_display()\n', '  File "C:\\Users\\Public\\quantum_sensing\\quantum_sensing\\fancy_microscope\\custommeasure2.py", line 304, in update_display\n    self.current_plotline.setData(self.average_x[:index+1], self.average_y[:index+1])\n', "NameError: name 'index' is not defined\n"]
2022-05-20T16:37:28|ERROR|ESRMeasure|ESR_measurement Failed to update figure1: name 'index' is not defined. ['Traceback (most recent call last):\n', '  File "C:\\Users\\ZHao\\.conda\\envs\\scopefoundry\\lib\\site-packages\\ScopeFoundry\\measurement.py", line 273, in _on_display_update_timer\n    self.update_display()\n', '  File "C:\\Users\\Public\\quantum_sensing\\quantum_sensing\\fancy_microscope\\custommeasure2.py", line 304, in update_display\n    self.current_plotline.setData(self.average_x[:index+1], self.average_y[:index+1])\n', "NameError: name 'index' is not defined\n"]
2022-05-20T16:37:28|ERROR|ESRMeasure|ESR_measurement Failed to update figure1: name 'index' is not defined. ['Traceback (most recent call last):\n', '  File "C:\\Users\\ZHao\\.conda\\envs\\scopefoundry\\lib\\site-packages\\ScopeFoundry\\measurement.py", line 273, in _on_display_update_timer\n    self.update_display()\n', '  File "C:\\Users\\Public\\quantum_sensing\\quantum_sensing\\fancy_microscope\\custommeasure2.py", line 304, in update_display\n    self.current_plotline.setData(self.average_x[:index+1], self.average_y[:index+1])\n', "NameError: name 'index' is not defined\n"]
2022-05-20T16:37:29|ERROR|ESRMeasure|ESR_measurement Failed to update figure1: name 'index' is not defined. ['Traceback (most recent call last):\n', '  File "C:\\Users\\ZHao\\.conda\\envs\\scopefoundry\\lib\\site-packages\\ScopeFoundry\\measurement.py", line 273, in _on_display_update_timer\n    self.update_display()\n', '  File "C:\\Users\\Public\\quantum_sensing\\quantum_sensing\\fancy_microscope\\custommeasure2.py", line 304, in update_display\n    self.current_plotline.setData(self.average_x[:index+1], self.average_y[:index+1])\n', "NameError: name 'index' is not defined\n"]
