2023-06-05T16:11:31|ERROR|ESRImageMeasure|ESRImage Failed to update figure1: setText(self, str): argument 1 has unexpected type 'float'. ['Traceback (most recent call last):\n', '  File "C:\\Users\\ZHao\\.conda\\envs\\scopefoundry\\lib\\site-packages\\ScopeFoundry\\measurement.py", line 273, in _on_display_update_timer\n    self.update_display()\n', '  File "C:\\Users\\Public\\quantum_sensing\\quantum_sensing\\fancy_microscope\\ESRMappingMeasure.py", line 208, in update_display\n    self.ui.num_pts.setText(self.xy.size/2)\n', "TypeError: setText(self, str): argument 1 has unexpected type 'float'\n"]
2023-06-05T16:11:32|ERROR|ESRImageMeasure|ESRImage Failed to update figure1: setText(self, str): argument 1 has unexpected type 'float'. ['Traceback (most recent call last):\n', '  File "C:\\Users\\ZHao\\.conda\\envs\\scopefoundry\\lib\\site-packages\\ScopeFoundry\\measurement.py", line 273, in _on_display_update_timer\n    self.update_display()\n', '  File "C:\\Users\\Public\\quantum_sensing\\quantum_sensing\\fancy_microscope\\ESRMappingMeasure.py", line 208, in update_display\n    self.ui.num_pts.setText(self.xy.size/2)\n', "TypeError: setText(self, str): argument 1 has unexpected type 'float'\n"]
2023-06-05T16:11:32|ERROR|ESRImageMeasure|ESRImage Failed to update figure1: setText(self, str): argument 1 has unexpected type 'float'. ['Traceback (most recent call last):\n', '  File "C:\\Users\\ZHao\\.conda\\envs\\scopefoundry\\lib\\site-packages\\ScopeFoundry\\measurement.py", line 273, in _on_display_update_timer\n    self.update_display()\n', '  File "C:\\Users\\Public\\quantum_sensing\\quantum_sensing\\fancy_microscope\\ESRMappingMeasure.py", line 208, in update_display\n    self.ui.num_pts.setText(self.xy.size/2)\n', "TypeError: setText(self, str): argument 1 has unexpected type 'float'\n"]
2023-06-05T16:11:32|ERROR|ESRImageMeasure|ESRImage Failed to update figure1: setText(self, str): argument 1 has unexpected type 'float'. ['Traceback (most recent call last):\n', '  File "C:\\Users\\ZHao\\.conda\\envs\\scopefoundry\\lib\\site-packages\\ScopeFoundry\\measurement.py", line 273, in _on_display_update_timer\n    self.update_display()\n', '  File "C:\\Users\\Public\\quantum_sensing\\quantum_sensing\\fancy_microscope\\ESRMappingMeasure.py", line 208, in update_display\n    self.ui.num_pts.setText(self.xy.size/2)\n', "TypeError: setText(self, str): argument 1 has unexpected type 'float'\n"]
2023-06-05T16:11:32|ERROR|ESRImageMeasure|ESRImage Failed to update figure1: setText(self, str): argument 1 has unexpected type 'float'. ['Traceback (most recent call last):\n', '  File "C:\\Users\\ZHao\\.conda\\envs\\scopefoundry\\lib\\site-packages\\ScopeFoundry\\measurement.py", line 273, in _on_display_update_timer\n    self.update_display()\n', '  File "C:\\Users\\Public\\quantum_sensing\\quantum_sensing\\fancy_microscope\\ESRMappingMeasure.py", line 208, in update_display\n    self.ui.num_pts.setText(self.xy.size/2)\n', "TypeError: setText(self, str): argument 1 has unexpected type 'float'\n"]
2023-06-05T16:11:32|ERROR|ESRImageMeasure|ESRImage Failed to update figure1: setText(self, str): argument 1 has unexpected type 'float'. ['Traceback (most recent call last):\n', '  File "C:\\Users\\ZHao\\.conda\\envs\\scopefoundry\\lib\\site-packages\\ScopeFoundry\\measurement.py", line 273, in _on_display_update_timer\n    self.update_display()\n', '  File "C:\\Users\\Public\\quantum_sensing\\quantum_sensing\\fancy_microscope\\ESRMappingMeasure.py", line 208, in update_display\n    self.ui.num_pts.setText(self.xy.size/2)\n', "TypeError: setText(self, str): argument 1 has unexpected type 'float'\n"]
2023-06-05T16:11:32|ERROR|ESRImageMeasure|ESRImage Failed to update figure1: setText(self, str): argument 1 has unexpected type 'float'. ['Traceback (most recent call last):\n', '  File "C:\\Users\\ZHao\\.conda\\envs\\scopefoundry\\lib\\site-packages\\ScopeFoundry\\measurement.py", line 273, in _on_display_update_timer\n    self.update_display()\n', '  File "C:\\Users\\Public\\quantum_sensing\\quantum_sensing\\fancy_microscope\\ESRMappingMeasure.py", line 208, in update_display\n    self.ui.num_pts.setText(self.xy.size/2)\n', "TypeError: setText(self, str): argument 1 has unexpected type 'float'\n"]
2023-06-05T16:11:32|ERROR|ESRImageMeasure|ESRImage Failed to update figure1: setText(self, str): argument 1 has unexpected type 'float'. ['Traceback (most recent call last):\n', '  File "C:\\Users\\ZHao\\.conda\\envs\\scopefoundry\\lib\\site-packages\\ScopeFoundry\\measurement.py", line 273, in _on_display_update_timer\n    self.update_display()\n', '  File "C:\\Users\\Public\\quantum_sensing\\quantum_sensing\\fancy_microscope\\ESRMappingMeasure.py", line 208, in update_display\n    self.ui.num_pts.setText(self.xy.size/2)\n', "TypeError: setText(self, str): argument 1 has unexpected type 'float'\n"]
2023-06-05T16:11:32|ERROR|ESRImageMeasure|ESRImage Failed to update figure1: setText(self, str): argument 1 has unexpected type 'float'. ['Traceback (most recent call last):\n', '  File "C:\\Users\\ZHao\\.conda\\envs\\scopefoundry\\lib\\site-packages\\ScopeFoundry\\measurement.py", line 273, in _on_display_update_timer\n    self.update_display()\n', '  File "C:\\Users\\Public\\quantum_sensing\\quantum_sensing\\fancy_microscope\\ESRMappingMeasure.py", line 208, in update_display\n    self.ui.num_pts.setText(self.xy.size/2)\n', "TypeError: setText(self, str): argument 1 has unexpected type 'float'\n"]
2023-06-05T16:11:32|ERROR|ESRImageMeasure|ESRImage Failed to update figure1: setText(self, str): argument 1 has unexpected type 'float'. ['Traceback (most recent call last):\n', '  File "C:\\Users\\ZHao\\.conda\\envs\\scopefoundry\\lib\\site-packages\\ScopeFoundry\\measurement.py", line 273, in _on_display_update_timer\n    self.update_display()\n', '  File "C:\\Users\\Public\\quantum_sensing\\quantum_sensing\\fancy_microscope\\ESRMappingMeasure.py", line 208, in update_display\n    self.ui.num_pts.setText(self.xy.size/2)\n', "TypeError: setText(self, str): argument 1 has unexpected type 'float'\n"]
2023-06-05T16:11:32|ERROR|ESRImageMeasure|ESRImage Failed to update figure1: setText(self, str): argument 1 has unexpected type 'float'. ['Traceback (most recent call last):\n', '  File "C:\\Users\\ZHao\\.conda\\envs\\scopefoundry\\lib\\site-packages\\ScopeFoundry\\measurement.py", line 273, in _on_display_update_timer\n    self.update_display()\n', '  File "C:\\Users\\Public\\quantum_sensing\\quantum_sensing\\fancy_microscope\\ESRMappingMeasure.py", line 208, in update_display\n    self.ui.num_pts.setText(self.xy.size/2)\n', "TypeError: setText(self, str): argument 1 has unexpected type 'float'\n"]
2023-06-05T16:11:33|ERROR|ESRImageMeasure|ESRImage Failed to update figure1: setText(self, str): argument 1 has unexpected type 'float'. ['Traceback (most recent call last):\n', '  File "C:\\Users\\ZHao\\.conda\\envs\\scopefoundry\\lib\\site-packages\\ScopeFoundry\\measurement.py", line 273, in _on_display_update_timer\n    self.update_display()\n', '  File "C:\\Users\\Public\\quantum_sensing\\quantum_sensing\\fancy_microscope\\ESRMappingMeasure.py", line 208, in update_display\n    self.ui.num_pts.setText(self.xy.size/2)\n', "TypeError: setText(self, str): argument 1 has unexpected type 'float'\n"]
2023-06-05T16:11:33|ERROR|ESRImageMeasure|ESRImage Failed to update figure1: setText(self, str): argument 1 has unexpected type 'float'. ['Traceback (most recent call last):\n', '  File "C:\\Users\\ZHao\\.conda\\envs\\scopefoundry\\lib\\site-packages\\ScopeFoundry\\measurement.py", line 273, in _on_display_update_timer\n    self.update_display()\n', '  File "C:\\Users\\Public\\quantum_sensing\\quantum_sensing\\fancy_microscope\\ESRMappingMeasure.py", line 208, in update_display\n    self.ui.num_pts.setText(self.xy.size/2)\n', "TypeError: setText(self, str): argument 1 has unexpected type 'float'\n"]
2023-06-05T16:11:33|ERROR|ESRImageMeasure|ESRImage Failed to update figure1: setText(self, str): argument 1 has unexpected type 'float'. ['Traceback (most recent call last):\n', '  File "C:\\Users\\ZHao\\.conda\\envs\\scopefoundry\\lib\\site-packages\\ScopeFoundry\\measurement.py", line 273, in _on_display_update_timer\n    self.update_display()\n', '  File "C:\\Users\\Public\\quantum_sensing\\quantum_sensing\\fancy_microscope\\ESRMappingMeasure.py", line 208, in update_display\n    self.ui.num_pts.setText(self.xy.size/2)\n', "TypeError: setText(self, str): argument 1 has unexpected type 'float'\n"]
2023-06-05T16:11:33|ERROR|ESRImageMeasure|ESRImage Failed to update figure1: setText(self, str): argument 1 has unexpected type 'float'. ['Traceback (most recent call last):\n', '  File "C:\\Users\\ZHao\\.conda\\envs\\scopefoundry\\lib\\site-packages\\ScopeFoundry\\measurement.py", line 273, in _on_display_update_timer\n    self.update_display()\n', '  File "C:\\Users\\Public\\quantum_sensing\\quantum_sensing\\fancy_microscope\\ESRMappingMeasure.py", line 208, in update_display\n    self.ui.num_pts.setText(self.xy.size/2)\n', "TypeError: setText(self, str): argument 1 has unexpected type 'float'\n"]
2023-06-05T16:11:33|ERROR|ESRImageMeasure|ESRImage Failed to update figure1: setText(self, str): argument 1 has unexpected type 'float'. ['Traceback (most recent call last):\n', '  File "C:\\Users\\ZHao\\.conda\\envs\\scopefoundry\\lib\\site-packages\\ScopeFoundry\\measurement.py", line 273, in _on_display_update_timer\n    self.update_display()\n', '  File "C:\\Users\\Public\\quantum_sensing\\quantum_sensing\\fancy_microscope\\ESRMappingMeasure.py", line 208, in update_display\n    self.ui.num_pts.setText(self.xy.size/2)\n', "TypeError: setText(self, str): argument 1 has unexpected type 'float'\n"]
2023-06-05T16:11:33|ERROR|ESRImageMeasure|ESRImage Failed to update figure1: setText(self, str): argument 1 has unexpected type 'float'. ['Traceback (most recent call last):\n', '  File "C:\\Users\\ZHao\\.conda\\envs\\scopefoundry\\lib\\site-packages\\ScopeFoundry\\measurement.py", line 273, in _on_display_update_timer\n    self.update_display()\n', '  File "C:\\Users\\Public\\quantum_sensing\\quantum_sensing\\fancy_microscope\\ESRMappingMeasure.py", line 208, in update_display\n    self.ui.num_pts.setText(self.xy.size/2)\n', "TypeError: setText(self, str): argument 1 has unexpected type 'float'\n"]
2023-06-05T16:11:33|ERROR|ESRImageMeasure|ESRImage Failed to update figure1: setText(self, str): argument 1 has unexpected type 'float'. ['Traceback (most recent call last):\n', '  File "C:\\Users\\ZHao\\.conda\\envs\\scopefoundry\\lib\\site-packages\\ScopeFoundry\\measurement.py", line 273, in _on_display_update_timer\n    self.update_display()\n', '  File "C:\\Users\\Public\\quantum_sensing\\quantum_sensing\\fancy_microscope\\ESRMappingMeasure.py", line 208, in update_display\n    self.ui.num_pts.setText(self.xy.size/2)\n', "TypeError: setText(self, str): argument 1 has unexpected type 'float'\n"]
2023-06-05T16:11:33|ERROR|ESRImageMeasure|ESRImage Failed to update figure1: setText(self, str): argument 1 has unexpected type 'float'. ['Traceback (most recent call last):\n', '  File "C:\\Users\\ZHao\\.conda\\envs\\scopefoundry\\lib\\site-packages\\ScopeFoundry\\measurement.py", line 273, in _on_display_update_timer\n    self.update_display()\n', '  File "C:\\Users\\Public\\quantum_sensing\\quantum_sensing\\fancy_microscope\\ESRMappingMeasure.py", line 208, in update_display\n    self.ui.num_pts.setText(self.xy.size/2)\n', "TypeError: setText(self, str): argument 1 has unexpected type 'float'\n"]
2023-06-05T16:11:33|ERROR|ESRImageMeasure|ESRImage Failed to update figure1: setText(self, str): argument 1 has unexpected type 'float'. ['Traceback (most recent call last):\n', '  File "C:\\Users\\ZHao\\.conda\\envs\\scopefoundry\\lib\\site-packages\\ScopeFoundry\\measurement.py", line 273, in _on_display_update_timer\n    self.update_display()\n', '  File "C:\\Users\\Public\\quantum_sensing\\quantum_sensing\\fancy_microscope\\ESRMappingMeasure.py", line 208, in update_display\n    self.ui.num_pts.setText(self.xy.size/2)\n', "TypeError: setText(self, str): argument 1 has unexpected type 'float'\n"]
2023-06-05T16:11:34|ERROR|ESRImageMeasure|ESRImage Failed to update figure1: setText(self, str): argument 1 has unexpected type 'float'. ['Traceback (most recent call last):\n', '  File "C:\\Users\\ZHao\\.conda\\envs\\scopefoundry\\lib\\site-packages\\ScopeFoundry\\measurement.py", line 273, in _on_display_update_timer\n    self.update_display()\n', '  File "C:\\Users\\Public\\quantum_sensing\\quantum_sensing\\fancy_microscope\\ESRMappingMeasure.py", line 208, in update_display\n    self.ui.num_pts.setText(self.xy.size/2)\n', "TypeError: setText(self, str): argument 1 has unexpected type 'float'\n"]
2023-06-05T16:11:34|ERROR|ESRImageMeasure|ESRImage Failed to update figure1: setText(self, str): argument 1 has unexpected type 'float'. ['Traceback (most recent call last):\n', '  File "C:\\Users\\ZHao\\.conda\\envs\\scopefoundry\\lib\\site-packages\\ScopeFoundry\\measurement.py", line 273, in _on_display_update_timer\n    self.update_display()\n', '  File "C:\\Users\\Public\\quantum_sensing\\quantum_sensing\\fancy_microscope\\ESRMappingMeasure.py", line 208, in update_display\n    self.ui.num_pts.setText(self.xy.size/2)\n', "TypeError: setText(self, str): argument 1 has unexpected type 'float'\n"]
2023-06-05T16:11:34|ERROR|ESRImageMeasure|ESRImage Failed to update figure1: setText(self, str): argument 1 has unexpected type 'float'. ['Traceback (most recent call last):\n', '  File "C:\\Users\\ZHao\\.conda\\envs\\scopefoundry\\lib\\site-packages\\ScopeFoundry\\measurement.py", line 273, in _on_display_update_timer\n    self.update_display()\n', '  File "C:\\Users\\Public\\quantum_sensing\\quantum_sensing\\fancy_microscope\\ESRMappingMeasure.py", line 208, in update_display\n    self.ui.num_pts.setText(self.xy.size/2)\n', "TypeError: setText(self, str): argument 1 has unexpected type 'float'\n"]
2023-06-05T16:11:34|ERROR|ESRImageMeasure|ESRImage Failed to update figure1: setText(self, str): argument 1 has unexpected type 'float'. ['Traceback (most recent call last):\n', '  File "C:\\Users\\ZHao\\.conda\\envs\\scopefoundry\\lib\\site-packages\\ScopeFoundry\\measurement.py", line 273, in _on_display_update_timer\n    self.update_display()\n', '  File "C:\\Users\\Public\\quantum_sensing\\quantum_sensing\\fancy_microscope\\ESRMappingMeasure.py", line 208, in update_display\n    self.ui.num_pts.setText(self.xy.size/2)\n', "TypeError: setText(self, str): argument 1 has unexpected type 'float'\n"]
2023-06-05T16:11:34|ERROR|ESRImageMeasure|ESRImage Failed to update figure1: setText(self, str): argument 1 has unexpected type 'float'. ['Traceback (most recent call last):\n', '  File "C:\\Users\\ZHao\\.conda\\envs\\scopefoundry\\lib\\site-packages\\ScopeFoundry\\measurement.py", line 273, in _on_display_update_timer\n    self.update_display()\n', '  File "C:\\Users\\Public\\quantum_sensing\\quantum_sensing\\fancy_microscope\\ESRMappingMeasure.py", line 208, in update_display\n    self.ui.num_pts.setText(self.xy.size/2)\n', "TypeError: setText(self, str): argument 1 has unexpected type 'float'\n"]
2023-06-05T16:11:34|ERROR|ESRImageMeasure|ESRImage Failed to update figure1: setText(self, str): argument 1 has unexpected type 'float'. ['Traceback (most recent call last):\n', '  File "C:\\Users\\ZHao\\.conda\\envs\\scopefoundry\\lib\\site-packages\\ScopeFoundry\\measurement.py", line 273, in _on_display_update_timer\n    self.update_display()\n', '  File "C:\\Users\\Public\\quantum_sensing\\quantum_sensing\\fancy_microscope\\ESRMappingMeasure.py", line 208, in update_display\n    self.ui.num_pts.setText(self.xy.size/2)\n', "TypeError: setText(self, str): argument 1 has unexpected type 'float'\n"]
2023-06-05T16:11:34|ERROR|ESRImageMeasure|ESRImage Failed to update figure1: setText(self, str): argument 1 has unexpected type 'float'. ['Traceback (most recent call last):\n', '  File "C:\\Users\\ZHao\\.conda\\envs\\scopefoundry\\lib\\site-packages\\ScopeFoundry\\measurement.py", line 273, in _on_display_update_timer\n    self.update_display()\n', '  File "C:\\Users\\Public\\quantum_sensing\\quantum_sensing\\fancy_microscope\\ESRMappingMeasure.py", line 208, in update_display\n    self.ui.num_pts.setText(self.xy.size/2)\n', "TypeError: setText(self, str): argument 1 has unexpected type 'float'\n"]
2023-06-05T16:11:34|ERROR|ESRImageMeasure|ESRImage Failed to update figure1: setText(self, str): argument 1 has unexpected type 'float'. ['Traceback (most recent call last):\n', '  File "C:\\Users\\ZHao\\.conda\\envs\\scopefoundry\\lib\\site-packages\\ScopeFoundry\\measurement.py", line 273, in _on_display_update_timer\n    self.update_display()\n', '  File "C:\\Users\\Public\\quantum_sensing\\quantum_sensing\\fancy_microscope\\ESRMappingMeasure.py", line 208, in update_display\n    self.ui.num_pts.setText(self.xy.size/2)\n', "TypeError: setText(self, str): argument 1 has unexpected type 'float'\n"]
2023-06-05T16:11:34|ERROR|ESRImageMeasure|ESRImage Failed to update figure1: setText(self, str): argument 1 has unexpected type 'float'. ['Traceback (most recent call last):\n', '  File "C:\\Users\\ZHao\\.conda\\envs\\scopefoundry\\lib\\site-packages\\ScopeFoundry\\measurement.py", line 273, in _on_display_update_timer\n    self.update_display()\n', '  File "C:\\Users\\Public\\quantum_sensing\\quantum_sensing\\fancy_microscope\\ESRMappingMeasure.py", line 208, in update_display\n    self.ui.num_pts.setText(self.xy.size/2)\n', "TypeError: setText(self, str): argument 1 has unexpected type 'float'\n"]
2023-06-05T16:11:35|ERROR|ESRImageMeasure|ESRImage Failed to update figure1: setText(self, str): argument 1 has unexpected type 'float'. ['Traceback (most recent call last):\n', '  File "C:\\Users\\ZHao\\.conda\\envs\\scopefoundry\\lib\\site-packages\\ScopeFoundry\\measurement.py", line 273, in _on_display_update_timer\n    self.update_display()\n', '  File "C:\\Users\\Public\\quantum_sensing\\quantum_sensing\\fancy_microscope\\ESRMappingMeasure.py", line 208, in update_display\n    self.ui.num_pts.setText(self.xy.size/2)\n', "TypeError: setText(self, str): argument 1 has unexpected type 'float'\n"]
2023-06-05T16:11:35|ERROR|ESRImageMeasure|ESRImage Failed to update figure1: setText(self, str): argument 1 has unexpected type 'float'. ['Traceback (most recent call last):\n', '  File "C:\\Users\\ZHao\\.conda\\envs\\scopefoundry\\lib\\site-packages\\ScopeFoundry\\measurement.py", line 273, in _on_display_update_timer\n    self.update_display()\n', '  File "C:\\Users\\Public\\quantum_sensing\\quantum_sensing\\fancy_microscope\\ESRMappingMeasure.py", line 208, in update_display\n    self.ui.num_pts.setText(self.xy.size/2)\n', "TypeError: setText(self, str): argument 1 has unexpected type 'float'\n"]
2023-06-05T16:11:35|ERROR|ESRImageMeasure|ESRImage Failed to update figure1: setText(self, str): argument 1 has unexpected type 'float'. ['Traceback (most recent call last):\n', '  File "C:\\Users\\ZHao\\.conda\\envs\\scopefoundry\\lib\\site-packages\\ScopeFoundry\\measurement.py", line 273, in _on_display_update_timer\n    self.update_display()\n', '  File "C:\\Users\\Public\\quantum_sensing\\quantum_sensing\\fancy_microscope\\ESRMappingMeasure.py", line 208, in update_display\n    self.ui.num_pts.setText(self.xy.size/2)\n', "TypeError: setText(self, str): argument 1 has unexpected type 'float'\n"]
2023-06-05T16:11:35|ERROR|ESRImageMeasure|ESRImage Failed to update figure1: setText(self, str): argument 1 has unexpected type 'float'. ['Traceback (most recent call last):\n', '  File "C:\\Users\\ZHao\\.conda\\envs\\scopefoundry\\lib\\site-packages\\ScopeFoundry\\measurement.py", line 273, in _on_display_update_timer\n    self.update_display()\n', '  File "C:\\Users\\Public\\quantum_sensing\\quantum_sensing\\fancy_microscope\\ESRMappingMeasure.py", line 208, in update_display\n    self.ui.num_pts.setText(self.xy.size/2)\n', "TypeError: setText(self, str): argument 1 has unexpected type 'float'\n"]
2023-06-05T16:11:35|ERROR|ESRImageMeasure|ESRImage Failed to update figure1: setText(self, str): argument 1 has unexpected type 'float'. ['Traceback (most recent call last):\n', '  File "C:\\Users\\ZHao\\.conda\\envs\\scopefoundry\\lib\\site-packages\\ScopeFoundry\\measurement.py", line 273, in _on_display_update_timer\n    self.update_display()\n', '  File "C:\\Users\\Public\\quantum_sensing\\quantum_sensing\\fancy_microscope\\ESRMappingMeasure.py", line 208, in update_display\n    self.ui.num_pts.setText(self.xy.size/2)\n', "TypeError: setText(self, str): argument 1 has unexpected type 'float'\n"]
2023-06-05T16:11:35|ERROR|ESRImageMeasure|ESRImage Failed to update figure1: setText(self, str): argument 1 has unexpected type 'float'. ['Traceback (most recent call last):\n', '  File "C:\\Users\\ZHao\\.conda\\envs\\scopefoundry\\lib\\site-packages\\ScopeFoundry\\measurement.py", line 273, in _on_display_update_timer\n    self.update_display()\n', '  File "C:\\Users\\Public\\quantum_sensing\\quantum_sensing\\fancy_microscope\\ESRMappingMeasure.py", line 208, in update_display\n    self.ui.num_pts.setText(self.xy.size/2)\n', "TypeError: setText(self, str): argument 1 has unexpected type 'float'\n"]
2023-06-05T16:11:35|ERROR|ESRImageMeasure|ESRImage Failed to update figure1: setText(self, str): argument 1 has unexpected type 'float'. ['Traceback (most recent call last):\n', '  File "C:\\Users\\ZHao\\.conda\\envs\\scopefoundry\\lib\\site-packages\\ScopeFoundry\\measurement.py", line 273, in _on_display_update_timer\n    self.update_display()\n', '  File "C:\\Users\\Public\\quantum_sensing\\quantum_sensing\\fancy_microscope\\ESRMappingMeasure.py", line 208, in update_display\n    self.ui.num_pts.setText(self.xy.size/2)\n', "TypeError: setText(self, str): argument 1 has unexpected type 'float'\n"]
2023-06-05T16:11:35|ERROR|ESRImageMeasure|ESRImage Failed to update figure1: setText(self, str): argument 1 has unexpected type 'float'. ['Traceback (most recent call last):\n', '  File "C:\\Users\\ZHao\\.conda\\envs\\scopefoundry\\lib\\site-packages\\ScopeFoundry\\measurement.py", line 273, in _on_display_update_timer\n    self.update_display()\n', '  File "C:\\Users\\Public\\quantum_sensing\\quantum_sensing\\fancy_microscope\\ESRMappingMeasure.py", line 208, in update_display\n    self.ui.num_pts.setText(self.xy.size/2)\n', "TypeError: setText(self, str): argument 1 has unexpected type 'float'\n"]
2023-06-05T16:11:35|ERROR|ESRImageMeasure|ESRImage Failed to update figure1: setText(self, str): argument 1 has unexpected type 'float'. ['Traceback (most recent call last):\n', '  File "C:\\Users\\ZHao\\.conda\\envs\\scopefoundry\\lib\\site-packages\\ScopeFoundry\\measurement.py", line 273, in _on_display_update_timer\n    self.update_display()\n', '  File "C:\\Users\\Public\\quantum_sensing\\quantum_sensing\\fancy_microscope\\ESRMappingMeasure.py", line 208, in update_display\n    self.ui.num_pts.setText(self.xy.size/2)\n', "TypeError: setText(self, str): argument 1 has unexpected type 'float'\n"]
