2022-10-28T12:29:16|ERROR|ESRMeasure|ESR_measurement Failed to update figure1: 'ESRMeasure' object has no attribute 'average_x'. ['Traceback (most recent call last):\n', '  File "C:\\Users\\ZHao\\.conda\\envs\\scopefoundry\\lib\\site-packages\\ScopeFoundry\\measurement.py", line 273, in _on_display_update_timer\n    self.update_display()\n', '  File "C:\\Users\\Public\\quantum_sensing\\quantum_sensing\\fancy_microscope\\custommeasure2.py", line 322, in update_display\n    self.current_plotline.setData(self.average_x[:self.cutoff], self.average_y[:self.cutoff])\n', "AttributeError: 'ESRMeasure' object has no attribute 'average_x'\n"]
2022-10-28T12:29:17|ERROR|ESRMeasure|ESR_measurement Failed to update figure1: 'ESRMeasure' object has no attribute 'average_x'. ['Traceback (most recent call last):\n', '  File "C:\\Users\\ZHao\\.conda\\envs\\scopefoundry\\lib\\site-packages\\ScopeFoundry\\measurement.py", line 273, in _on_display_update_timer\n    self.update_display()\n', '  File "C:\\Users\\Public\\quantum_sensing\\quantum_sensing\\fancy_microscope\\custommeasure2.py", line 322, in update_display\n    self.current_plotline.setData(self.average_x[:self.cutoff], self.average_y[:self.cutoff])\n', "AttributeError: 'ESRMeasure' object has no attribute 'average_x'\n"]
2022-10-28T12:29:17|ERROR|ESRMeasure|ESR_measurement Failed to update figure1: 'ESRMeasure' object has no attribute 'average_x'. ['Traceback (most recent call last):\n', '  File "C:\\Users\\ZHao\\.conda\\envs\\scopefoundry\\lib\\site-packages\\ScopeFoundry\\measurement.py", line 273, in _on_display_update_timer\n    self.update_display()\n', '  File "C:\\Users\\Public\\quantum_sensing\\quantum_sensing\\fancy_microscope\\custommeasure2.py", line 322, in update_display\n    self.current_plotline.setData(self.average_x[:self.cutoff], self.average_y[:self.cutoff])\n', "AttributeError: 'ESRMeasure' object has no attribute 'average_x'\n"]
2022-10-28T12:29:17|ERROR|ESRMeasure|ESR_measurement Failed to update figure1: 'ESRMeasure' object has no attribute 'average_x'. ['Traceback (most recent call last):\n', '  File "C:\\Users\\ZHao\\.conda\\envs\\scopefoundry\\lib\\site-packages\\ScopeFoundry\\measurement.py", line 273, in _on_display_update_timer\n    self.update_display()\n', '  File "C:\\Users\\Public\\quantum_sensing\\quantum_sensing\\fancy_microscope\\custommeasure2.py", line 322, in update_display\n    self.current_plotline.setData(self.average_x[:self.cutoff], self.average_y[:self.cutoff])\n', "AttributeError: 'ESRMeasure' object has no attribute 'average_x'\n"]
2022-10-28T12:29:17|ERROR|ESRMeasure|ESR_measurement Failed to update figure1: 'ESRMeasure' object has no attribute 'average_x'. ['Traceback (most recent call last):\n', '  File "C:\\Users\\ZHao\\.conda\\envs\\scopefoundry\\lib\\site-packages\\ScopeFoundry\\measurement.py", line 273, in _on_display_update_timer\n    self.update_display()\n', '  File "C:\\Users\\Public\\quantum_sensing\\quantum_sensing\\fancy_microscope\\custommeasure2.py", line 322, in update_display\n    self.current_plotline.setData(self.average_x[:self.cutoff], self.average_y[:self.cutoff])\n', "AttributeError: 'ESRMeasure' object has no attribute 'average_x'\n"]
2022-10-28T12:29:17|ERROR|ESRMeasure|ESR_measurement Failed to update figure1: 'ESRMeasure' object has no attribute 'average_x'. ['Traceback (most recent call last):\n', '  File "C:\\Users\\ZHao\\.conda\\envs\\scopefoundry\\lib\\site-packages\\ScopeFoundry\\measurement.py", line 273, in _on_display_update_timer\n    self.update_display()\n', '  File "C:\\Users\\Public\\quantum_sensing\\quantum_sensing\\fancy_microscope\\custommeasure2.py", line 322, in update_display\n    self.current_plotline.setData(self.average_x[:self.cutoff], self.average_y[:self.cutoff])\n', "AttributeError: 'ESRMeasure' object has no attribute 'average_x'\n"]
2022-10-28T12:29:17|ERROR|ESRMeasure|ESR_measurement Failed to update figure1: 'ESRMeasure' object has no attribute 'average_x'. ['Traceback (most recent call last):\n', '  File "C:\\Users\\ZHao\\.conda\\envs\\scopefoundry\\lib\\site-packages\\ScopeFoundry\\measurement.py", line 273, in _on_display_update_timer\n    self.update_display()\n', '  File "C:\\Users\\Public\\quantum_sensing\\quantum_sensing\\fancy_microscope\\custommeasure2.py", line 322, in update_display\n    self.current_plotline.setData(self.average_x[:self.cutoff], self.average_y[:self.cutoff])\n', "AttributeError: 'ESRMeasure' object has no attribute 'average_x'\n"]
2022-10-28T12:29:17|ERROR|ESRMeasure|ESR_measurement Failed to update figure1: 'ESRMeasure' object has no attribute 'average_x'. ['Traceback (most recent call last):\n', '  File "C:\\Users\\ZHao\\.conda\\envs\\scopefoundry\\lib\\site-packages\\ScopeFoundry\\measurement.py", line 273, in _on_display_update_timer\n    self.update_display()\n', '  File "C:\\Users\\Public\\quantum_sensing\\quantum_sensing\\fancy_microscope\\custommeasure2.py", line 322, in update_display\n    self.current_plotline.setData(self.average_x[:self.cutoff], self.average_y[:self.cutoff])\n', "AttributeError: 'ESRMeasure' object has no attribute 'average_x'\n"]
2022-10-28T12:29:17|ERROR|ESRMeasure|ESR_measurement Failed to update figure1: 'ESRMeasure' object has no attribute 'average_x'. ['Traceback (most recent call last):\n', '  File "C:\\Users\\ZHao\\.conda\\envs\\scopefoundry\\lib\\site-packages\\ScopeFoundry\\measurement.py", line 273, in _on_display_update_timer\n    self.update_display()\n', '  File "C:\\Users\\Public\\quantum_sensing\\quantum_sensing\\fancy_microscope\\custommeasure2.py", line 322, in update_display\n    self.current_plotline.setData(self.average_x[:self.cutoff], self.average_y[:self.cutoff])\n', "AttributeError: 'ESRMeasure' object has no attribute 'average_x'\n"]
2022-10-28T12:29:17|ERROR|ESRMeasure|ESR_measurement Failed to update figure1: 'ESRMeasure' object has no attribute 'average_x'. ['Traceback (most recent call last):\n', '  File "C:\\Users\\ZHao\\.conda\\envs\\scopefoundry\\lib\\site-packages\\ScopeFoundry\\measurement.py", line 273, in _on_display_update_timer\n    self.update_display()\n', '  File "C:\\Users\\Public\\quantum_sensing\\quantum_sensing\\fancy_microscope\\custommeasure2.py", line 322, in update_display\n    self.current_plotline.setData(self.average_x[:self.cutoff], self.average_y[:self.cutoff])\n', "AttributeError: 'ESRMeasure' object has no attribute 'average_x'\n"]
2022-10-28T12:29:18|ERROR|ESRMeasure|ESR_measurement Failed to update figure1: 'ESRMeasure' object has no attribute 'average_x'. ['Traceback (most recent call last):\n', '  File "C:\\Users\\ZHao\\.conda\\envs\\scopefoundry\\lib\\site-packages\\ScopeFoundry\\measurement.py", line 273, in _on_display_update_timer\n    self.update_display()\n', '  File "C:\\Users\\Public\\quantum_sensing\\quantum_sensing\\fancy_microscope\\custommeasure2.py", line 322, in update_display\n    self.current_plotline.setData(self.average_x[:self.cutoff], self.average_y[:self.cutoff])\n', "AttributeError: 'ESRMeasure' object has no attribute 'average_x'\n"]
2022-10-28T12:29:18|ERROR|ESRMeasure|ESR_measurement Failed to update figure1: 'ESRMeasure' object has no attribute 'average_x'. ['Traceback (most recent call last):\n', '  File "C:\\Users\\ZHao\\.conda\\envs\\scopefoundry\\lib\\site-packages\\ScopeFoundry\\measurement.py", line 273, in _on_display_update_timer\n    self.update_display()\n', '  File "C:\\Users\\Public\\quantum_sensing\\quantum_sensing\\fancy_microscope\\custommeasure2.py", line 322, in update_display\n    self.current_plotline.setData(self.average_x[:self.cutoff], self.average_y[:self.cutoff])\n', "AttributeError: 'ESRMeasure' object has no attribute 'average_x'\n"]
2022-10-28T12:29:18|ERROR|ESRMeasure|ESR_measurement Failed to update figure1: 'ESRMeasure' object has no attribute 'average_x'. ['Traceback (most recent call last):\n', '  File "C:\\Users\\ZHao\\.conda\\envs\\scopefoundry\\lib\\site-packages\\ScopeFoundry\\measurement.py", line 273, in _on_display_update_timer\n    self.update_display()\n', '  File "C:\\Users\\Public\\quantum_sensing\\quantum_sensing\\fancy_microscope\\custommeasure2.py", line 322, in update_display\n    self.current_plotline.setData(self.average_x[:self.cutoff], self.average_y[:self.cutoff])\n', "AttributeError: 'ESRMeasure' object has no attribute 'average_x'\n"]
2022-10-28T12:29:18|ERROR|ESRMeasure|ESR_measurement Failed to update figure1: 'ESRMeasure' object has no attribute 'average_x'. ['Traceback (most recent call last):\n', '  File "C:\\Users\\ZHao\\.conda\\envs\\scopefoundry\\lib\\site-packages\\ScopeFoundry\\measurement.py", line 273, in _on_display_update_timer\n    self.update_display()\n', '  File "C:\\Users\\Public\\quantum_sensing\\quantum_sensing\\fancy_microscope\\custommeasure2.py", line 322, in update_display\n    self.current_plotline.setData(self.average_x[:self.cutoff], self.average_y[:self.cutoff])\n', "AttributeError: 'ESRMeasure' object has no attribute 'average_x'\n"]
2022-10-28T12:29:18|ERROR|ESRMeasure|ESR_measurement Failed to update figure1: 'ESRMeasure' object has no attribute 'average_x'. ['Traceback (most recent call last):\n', '  File "C:\\Users\\ZHao\\.conda\\envs\\scopefoundry\\lib\\site-packages\\ScopeFoundry\\measurement.py", line 273, in _on_display_update_timer\n    self.update_display()\n', '  File "C:\\Users\\Public\\quantum_sensing\\quantum_sensing\\fancy_microscope\\custommeasure2.py", line 322, in update_display\n    self.current_plotline.setData(self.average_x[:self.cutoff], self.average_y[:self.cutoff])\n', "AttributeError: 'ESRMeasure' object has no attribute 'average_x'\n"]
2022-10-28T12:29:18|ERROR|ESRMeasure|ESR_measurement Failed to update figure1: 'ESRMeasure' object has no attribute 'average_x'. ['Traceback (most recent call last):\n', '  File "C:\\Users\\ZHao\\.conda\\envs\\scopefoundry\\lib\\site-packages\\ScopeFoundry\\measurement.py", line 273, in _on_display_update_timer\n    self.update_display()\n', '  File "C:\\Users\\Public\\quantum_sensing\\quantum_sensing\\fancy_microscope\\custommeasure2.py", line 322, in update_display\n    self.current_plotline.setData(self.average_x[:self.cutoff], self.average_y[:self.cutoff])\n', "AttributeError: 'ESRMeasure' object has no attribute 'average_x'\n"]
2022-10-28T12:29:18|ERROR|ESRMeasure|ESR_measurement Failed to update figure1: 'ESRMeasure' object has no attribute 'average_x'. ['Traceback (most recent call last):\n', '  File "C:\\Users\\ZHao\\.conda\\envs\\scopefoundry\\lib\\site-packages\\ScopeFoundry\\measurement.py", line 273, in _on_display_update_timer\n    self.update_display()\n', '  File "C:\\Users\\Public\\quantum_sensing\\quantum_sensing\\fancy_microscope\\custommeasure2.py", line 322, in update_display\n    self.current_plotline.setData(self.average_x[:self.cutoff], self.average_y[:self.cutoff])\n', "AttributeError: 'ESRMeasure' object has no attribute 'average_x'\n"]
2022-10-28T12:29:22|CRITICAL|root|Unhandled exception:Traceback (most recent call last):
  File "C:\Users\Public\quantum_sensing\quantum_sensing\fancy_microscope\DAQ_Analog.py", line 50, in configureDAQ
    readTask.timing.ai_conv_src = DAQ_SampleClk
  File "C:\Users\ZHao\.conda\envs\scopefoundry\lib\site-packages\nidaqmx\_task_modules\timing.py", line 442, in ai_conv_src
    check_for_error(error_code)
  File "C:\Users\ZHao\.conda\envs\scopefoundry\lib\site-packages\nidaqmx\errors.py", line 127, in check_for_error
    raise DaqError(error_buffer.value.decode("utf-8"), error_code)
nidaqmx.errors.DaqError: Specified property is not supported by the device or is not applicable to the task.
Property: DAQmx_AIConv_Src

Task Name: _unnamedTask<0>

Status Code: -200452

During handling of the above exception, another exception occurred:

Traceback (most recent call last):
  File "C:\Users\Public\quantum_sensing\quantum_sensing\fancy_microscope\custommeasure2.py", line 184, in run
    task = DAQ.configureDAQ(self.settings.N_samples.value)
  File "C:\Users\Public\quantum_sensing\quantum_sensing\fancy_microscope\DAQ_Analog.py", line 64, in configureDAQ
    sys.exit()
SystemExit

During handling of the above exception, another exception occurred:

Traceback (most recent call last):
  File "C:\Users\ZHao\.conda\envs\scopefoundry\lib\site-packages\ScopeFoundry\measurement.py", line 25, in run
    self.measurement._thread_run()
  File "C:\Users\ZHao\.conda\envs\scopefoundry\lib\site-packages\ScopeFoundry\measurement.py", line 179, in _thread_run
    self.run()
  File "C:\Users\Public\quantum_sensing\quantum_sensing\fancy_microscope\custommeasure2.py", line 274, in run
    closeExp()
UnboundLocalError: local variable 'closeExp' referenced before assignment

