2023-05-03T17:24:38|ERROR|T2SweepMeasure|T2Sweep Failed to update figure1: 'T2SweepMeasure' object has no attribute 'average_x'. ['Traceback (most recent call last):\n', '  File "C:\\Users\\ZHao\\.conda\\envs\\scopefoundry\\lib\\site-packages\\ScopeFoundry\\measurement.py", line 273, in _on_display_update_timer\n    self.update_display()\n', '  File "C:\\Users\\Public\\quantum_sensing\\quantum_sensing\\fancy_microscope\\T2SweepMeasure.py", line 339, in update_display\n    self.current_plotline.setData(self.average_x[:self.cutoff], self.average_y[:self.cutoff])\n', "AttributeError: 'T2SweepMeasure' object has no attribute 'average_x'\n"]
2023-05-03T17:24:38|ERROR|T2SweepMeasure|T2Sweep Failed to update figure1: 'T2SweepMeasure' object has no attribute 'average_x'. ['Traceback (most recent call last):\n', '  File "C:\\Users\\ZHao\\.conda\\envs\\scopefoundry\\lib\\site-packages\\ScopeFoundry\\measurement.py", line 273, in _on_display_update_timer\n    self.update_display()\n', '  File "C:\\Users\\Public\\quantum_sensing\\quantum_sensing\\fancy_microscope\\T2SweepMeasure.py", line 339, in update_display\n    self.current_plotline.setData(self.average_x[:self.cutoff], self.average_y[:self.cutoff])\n', "AttributeError: 'T2SweepMeasure' object has no attribute 'average_x'\n"]
2023-05-03T17:24:38|ERROR|T2SweepMeasure|T2Sweep Failed to update figure1: 'T2SweepMeasure' object has no attribute 'average_x'. ['Traceback (most recent call last):\n', '  File "C:\\Users\\ZHao\\.conda\\envs\\scopefoundry\\lib\\site-packages\\ScopeFoundry\\measurement.py", line 273, in _on_display_update_timer\n    self.update_display()\n', '  File "C:\\Users\\Public\\quantum_sensing\\quantum_sensing\\fancy_microscope\\T2SweepMeasure.py", line 339, in update_display\n    self.current_plotline.setData(self.average_x[:self.cutoff], self.average_y[:self.cutoff])\n', "AttributeError: 'T2SweepMeasure' object has no attribute 'average_x'\n"]
2023-05-03T17:30:00|CRITICAL|root|Unhandled exception:Traceback (most recent call last):
  File "C:\Users\ZHao\.conda\envs\scopefoundry\lib\site-packages\ScopeFoundry\measurement.py", line 25, in run
    self.measurement._thread_run()
  File "C:\Users\ZHao\.conda\envs\scopefoundry\lib\site-packages\ScopeFoundry\measurement.py", line 179, in _thread_run
    self.run()
  File "C:\Users\Public\quantum_sensing\quantum_sensing\fancy_microscope\T2Measure.py", line 136, in run
    sweep, step_size = np.linspace(self.settings.Start_Duration.value, self.settings.End_Duration.value, num = self.settings.N_pts.value, retstep = True)
AttributeError: 'LQCollection' object has no attribute 'Start_Duration'

2023-05-03T17:30:00|ERROR|T2Measure|T2 Failed to update figure1: 'T2Measure' object has no attribute 'average_x'. ['Traceback (most recent call last):\n', '  File "C:\\Users\\ZHao\\.conda\\envs\\scopefoundry\\lib\\site-packages\\ScopeFoundry\\measurement.py", line 273, in _on_display_update_timer\n    self.update_display()\n', '  File "C:\\Users\\Public\\quantum_sensing\\quantum_sensing\\fancy_microscope\\T2Measure.py", line 359, in update_display\n    self.current_plotline.setData(self.average_x[:self.cutoff], self.average_y[:self.cutoff])\n', "AttributeError: 'T2Measure' object has no attribute 'average_x'\n"]
