2022-04-06T13:50:20|CRITICAL|root|Unhandled exception:Traceback (most recent call last):
  File "C:\Users\ZHao\.conda\envs\scopefoundry\lib\site-packages\ScopeFoundry\hardware.py", line 219, in enable_connection
    raise err
  File "C:\Users\ZHao\.conda\envs\scopefoundry\lib\site-packages\ScopeFoundry\hardware.py", line 212, in enable_connection
    self.disconnect()
  File "C:\Users\Public\quantum_sensing\quantum_sensing\fancy_microscope\thorcam_sci\thorcam_sci_hw.py", line 73, in disconnect
    self.sdk.close()
AttributeError: 'TLCameraSDK' object has no attribute 'close'

2022-04-06T13:50:27|CRITICAL|root|Unhandled exception:Traceback (most recent call last):
  File "C:\Users\ZHao\.conda\envs\scopefoundry\lib\site-packages\ScopeFoundry\hardware.py", line 204, in enable_connection
    self.connect()
  File "C:\Users\Public\quantum_sensing\quantum_sensing\fancy_microscope\thorcam_sci\thorcam_sci_hw.py", line 50, in connect
    self.sdk = TLCameraSDK()
  File "C:\Users\ZHao\.conda\envs\scopefoundry\lib\site-packages\thorlabs_tsi_sdk\tl_camera.py", line 172, in __init__
    raise TLCameraError("TLCameraSDK is already in use. Please dispose of the current instance before"
thorlabs_tsi_sdk.tl_camera.TLCameraError: TLCameraSDK is already in use. Please dispose of the current instance before trying to create another

During handling of the above exception, another exception occurred:

Traceback (most recent call last):
  File "C:\Users\ZHao\.conda\envs\scopefoundry\lib\site-packages\ScopeFoundry\hardware.py", line 219, in enable_connection
    raise err
  File "C:\Users\ZHao\.conda\envs\scopefoundry\lib\site-packages\ScopeFoundry\hardware.py", line 212, in enable_connection
    self.disconnect()
  File "C:\Users\Public\quantum_sensing\quantum_sensing\fancy_microscope\thorcam_sci\thorcam_sci_hw.py", line 73, in disconnect
    self.sdk.close()
AttributeError: 'TLCameraSDK' object has no attribute 'close'

2022-04-06T13:50:27|CRITICAL|root|Unhandled exception:Traceback (most recent call last):
  File "C:\Users\ZHao\.conda\envs\scopefoundry\lib\site-packages\ScopeFoundry\hardware.py", line 208, in enable_connection
    raise err
  File "C:\Users\ZHao\.conda\envs\scopefoundry\lib\site-packages\ScopeFoundry\hardware.py", line 204, in enable_connection
    self.connect()
  File "C:\Users\Public\quantum_sensing\quantum_sensing\fancy_microscope\thorcam_sci\thorcam_sci_hw.py", line 50, in connect
    self.sdk = TLCameraSDK()
  File "C:\Users\ZHao\.conda\envs\scopefoundry\lib\site-packages\thorlabs_tsi_sdk\tl_camera.py", line 172, in __init__
    raise TLCameraError("TLCameraSDK is already in use. Please dispose of the current instance before"
thorlabs_tsi_sdk.tl_camera.TLCameraError: TLCameraSDK is already in use. Please dispose of the current instance before trying to create another

