2023-06-02T13:54:25|CRITICAL|root|Unhandled exception:Traceback (most recent call last):
  File "C:\Users\Public\quantum_sensing\quantum_sensing\fancy_microscope\movemcm.py", line 27, in __init__
    port=which_port, baudrate=460800, timeout=5)
  File "C:\Users\ZHao\.conda\envs\scopefoundry\lib\site-packages\serial\serialwin32.py", line 33, in __init__
    super(Serial, self).__init__(*args, **kwargs)
  File "C:\Users\ZHao\.conda\envs\scopefoundry\lib\site-packages\serial\serialutil.py", line 244, in __init__
    self.open()
  File "C:\Users\ZHao\.conda\envs\scopefoundry\lib\site-packages\serial\serialwin32.py", line 64, in open
    raise SerialException("could not open port {!r}: {!r}".format(self.portstr, ctypes.WinError()))
serial.serialutil.SerialException: could not open port 'COM5': PermissionError(13, 'Access is denied.', None, 5)

During handling of the above exception, another exception occurred:

Traceback (most recent call last):
  File "thorcam_test_app.py", line 53, in <module>
    app = ThorCamTestApp(sys.argv)
  File "C:\Users\ZHao\.conda\envs\scopefoundry\lib\site-packages\ScopeFoundry\base_app.py", line 332, in __init__
    self.setup()
  File "thorcam_test_app.py", line 34, in setup
    self.add_measurement(thorcam_capture.ThorCamCaptureMeasure(self))
  File "C:\Users\ZHao\.conda\envs\scopefoundry\lib\site-packages\ScopeFoundry\measurement.py", line 93, in __init__
    self.setup()
  File "C:\Users\Public\quantum_sensing\quantum_sensing\fancy_microscope\thorcam_capture.py", line 247, in setup
    very_verbose=False)
  File "C:\Users\Public\quantum_sensing\quantum_sensing\fancy_microscope\movemcm.py", line 30, in __init__
    '%s: no connection on port %s'%(self.name, which_port))
OSError: MCM3000: no connection on port COM5

