2023-05-30T15:55:31|INFO|ThorCamCaptureMeasure|Camera start_stop False
2023-05-30T15:55:31|INFO|ThorCamCaptureMeasure|measurement Camera interrupt
2023-05-30T15:55:31|INFO|ThorCamTestApp|setting up figures for Camera measurement Camera
2023-05-30T15:55:59|INFO|ThorCamCaptureMeasure|Camera start_stop True
2023-05-30T15:55:59|INFO|ThorCamCaptureMeasure|measurement Camera start
2023-05-30T15:56:47|ERROR|ThorCamCaptureMeasure|Camera Failed to update figure1: module 'scipy' has no attribute 'ndimage'. ['Traceback (most recent call last):\n', '  File "C:\\Users\\ZHao\\.conda\\envs\\scopefoundry\\lib\\site-packages\\ScopeFoundry\\measurement.py", line 273, in _on_display_update_timer\n    self.update_display()\n', '  File "C:\\Users\\Public\\quantum_sensing\\quantum_sensing\\fancy_microscope\\thorcam_capture.py", line 368, in update_display\n    scipy.ndimage.zoom(image, 3)\n', "AttributeError: module 'scipy' has no attribute 'ndimage'\n"]
2023-05-30T15:56:47|ERROR|ThorCamCaptureMeasure|Camera Failed to update figure1: module 'scipy' has no attribute 'ndimage'. ['Traceback (most recent call last):\n', '  File "C:\\Users\\ZHao\\.conda\\envs\\scopefoundry\\lib\\site-packages\\ScopeFoundry\\measurement.py", line 273, in _on_display_update_timer\n    self.update_display()\n', '  File "C:\\Users\\Public\\quantum_sensing\\quantum_sensing\\fancy_microscope\\thorcam_capture.py", line 368, in update_display\n    scipy.ndimage.zoom(image, 3)\n', "AttributeError: module 'scipy' has no attribute 'ndimage'\n"]
2023-05-30T15:56:47|ERROR|ThorCamCaptureMeasure|Camera Failed to update figure1: module 'scipy' has no attribute 'ndimage'. ['Traceback (most recent call last):\n', '  File "C:\\Users\\ZHao\\.conda\\envs\\scopefoundry\\lib\\site-packages\\ScopeFoundry\\measurement.py", line 273, in _on_display_update_timer\n    self.update_display()\n', '  File "C:\\Users\\Public\\quantum_sensing\\quantum_sensing\\fancy_microscope\\thorcam_capture.py", line 368, in update_display\n    scipy.ndimage.zoom(image, 3)\n', "AttributeError: module 'scipy' has no attribute 'ndimage'\n"]
2023-05-30T15:56:47|ERROR|ThorCamCaptureMeasure|Camera Failed to update figure1: module 'scipy' has no attribute 'ndimage'. ['Traceback (most recent call last):\n', '  File "C:\\Users\\ZHao\\.conda\\envs\\scopefoundry\\lib\\site-packages\\ScopeFoundry\\measurement.py", line 273, in _on_display_update_timer\n    self.update_display()\n', '  File "C:\\Users\\Public\\quantum_sensing\\quantum_sensing\\fancy_microscope\\thorcam_capture.py", line 368, in update_display\n    scipy.ndimage.zoom(image, 3)\n', "AttributeError: module 'scipy' has no attribute 'ndimage'\n"]
2023-05-30T15:56:47|ERROR|ThorCamCaptureMeasure|Camera Failed to update figure1: module 'scipy' has no attribute 'ndimage'. ['Traceback (most recent call last):\n', '  File "C:\\Users\\ZHao\\.conda\\envs\\scopefoundry\\lib\\site-packages\\ScopeFoundry\\measurement.py", line 273, in _on_display_update_timer\n    self.update_display()\n', '  File "C:\\Users\\Public\\quantum_sensing\\quantum_sensing\\fancy_microscope\\thorcam_capture.py", line 368, in update_display\n    scipy.ndimage.zoom(image, 3)\n', "AttributeError: module 'scipy' has no attribute 'ndimage'\n"]
2023-05-30T15:56:48|ERROR|ThorCamCaptureMeasure|Camera Failed to update figure1: module 'scipy' has no attribute 'ndimage'. ['Traceback (most recent call last):\n', '  File "C:\\Users\\ZHao\\.conda\\envs\\scopefoundry\\lib\\site-packages\\ScopeFoundry\\measurement.py", line 273, in _on_display_update_timer\n    self.update_display()\n', '  File "C:\\Users\\Public\\quantum_sensing\\quantum_sensing\\fancy_microscope\\thorcam_capture.py", line 368, in update_display\n    scipy.ndimage.zoom(image, 3)\n', "AttributeError: module 'scipy' has no attribute 'ndimage'\n"]
2023-05-30T15:56:48|ERROR|ThorCamCaptureMeasure|Camera Failed to update figure1: module 'scipy' has no attribute 'ndimage'. ['Traceback (most recent call last):\n', '  File "C:\\Users\\ZHao\\.conda\\envs\\scopefoundry\\lib\\site-packages\\ScopeFoundry\\measurement.py", line 273, in _on_display_update_timer\n    self.update_display()\n', '  File "C:\\Users\\Public\\quantum_sensing\\quantum_sensing\\fancy_microscope\\thorcam_capture.py", line 368, in update_display\n    scipy.ndimage.zoom(image, 3)\n', "AttributeError: module 'scipy' has no attribute 'ndimage'\n"]
2023-05-30T15:56:48|ERROR|ThorCamCaptureMeasure|Camera Failed to update figure1: module 'scipy' has no attribute 'ndimage'. ['Traceback (most recent call last):\n', '  File "C:\\Users\\ZHao\\.conda\\envs\\scopefoundry\\lib\\site-packages\\ScopeFoundry\\measurement.py", line 273, in _on_display_update_timer\n    self.update_display()\n', '  File "C:\\Users\\Public\\quantum_sensing\\quantum_sensing\\fancy_microscope\\thorcam_capture.py", line 368, in update_display\n    scipy.ndimage.zoom(image, 3)\n', "AttributeError: module 'scipy' has no attribute 'ndimage'\n"]
2023-05-30T15:56:48|ERROR|ThorCamCaptureMeasure|Camera Failed to update figure1: module 'scipy' has no attribute 'ndimage'. ['Traceback (most recent call last):\n', '  File "C:\\Users\\ZHao\\.conda\\envs\\scopefoundry\\lib\\site-packages\\ScopeFoundry\\measurement.py", line 273, in _on_display_update_timer\n    self.update_display()\n', '  File "C:\\Users\\Public\\quantum_sensing\\quantum_sensing\\fancy_microscope\\thorcam_capture.py", line 368, in update_display\n    scipy.ndimage.zoom(image, 3)\n', "AttributeError: module 'scipy' has no attribute 'ndimage'\n"]
2023-05-30T15:56:48|ERROR|ThorCamCaptureMeasure|Camera Failed to update figure1: module 'scipy' has no attribute 'ndimage'. ['Traceback (most recent call last):\n', '  File "C:\\Users\\ZHao\\.conda\\envs\\scopefoundry\\lib\\site-packages\\ScopeFoundry\\measurement.py", line 273, in _on_display_update_timer\n    self.update_display()\n', '  File "C:\\Users\\Public\\quantum_sensing\\quantum_sensing\\fancy_microscope\\thorcam_capture.py", line 368, in update_display\n    scipy.ndimage.zoom(image, 3)\n', "AttributeError: module 'scipy' has no attribute 'ndimage'\n"]
2023-05-30T15:56:48|ERROR|ThorCamCaptureMeasure|Camera Failed to update figure1: module 'scipy' has no attribute 'ndimage'. ['Traceback (most recent call last):\n', '  File "C:\\Users\\ZHao\\.conda\\envs\\scopefoundry\\lib\\site-packages\\ScopeFoundry\\measurement.py", line 273, in _on_display_update_timer\n    self.update_display()\n', '  File "C:\\Users\\Public\\quantum_sensing\\quantum_sensing\\fancy_microscope\\thorcam_capture.py", line 368, in update_display\n    scipy.ndimage.zoom(image, 3)\n', "AttributeError: module 'scipy' has no attribute 'ndimage'\n"]
2023-05-30T15:56:48|ERROR|ThorCamCaptureMeasure|Camera Failed to update figure1: module 'scipy' has no attribute 'ndimage'. ['Traceback (most recent call last):\n', '  File "C:\\Users\\ZHao\\.conda\\envs\\scopefoundry\\lib\\site-packages\\ScopeFoundry\\measurement.py", line 273, in _on_display_update_timer\n    self.update_display()\n', '  File "C:\\Users\\Public\\quantum_sensing\\quantum_sensing\\fancy_microscope\\thorcam_capture.py", line 368, in update_display\n    scipy.ndimage.zoom(image, 3)\n', "AttributeError: module 'scipy' has no attribute 'ndimage'\n"]
2023-05-30T15:56:48|ERROR|ThorCamCaptureMeasure|Camera Failed to update figure1: module 'scipy' has no attribute 'ndimage'. ['Traceback (most recent call last):\n', '  File "C:\\Users\\ZHao\\.conda\\envs\\scopefoundry\\lib\\site-packages\\ScopeFoundry\\measurement.py", line 273, in _on_display_update_timer\n    self.update_display()\n', '  File "C:\\Users\\Public\\quantum_sensing\\quantum_sensing\\fancy_microscope\\thorcam_capture.py", line 368, in update_display\n    scipy.ndimage.zoom(image, 3)\n', "AttributeError: module 'scipy' has no attribute 'ndimage'\n"]
2023-05-30T15:56:48|ERROR|ThorCamCaptureMeasure|Camera Failed to update figure1: module 'scipy' has no attribute 'ndimage'. ['Traceback (most recent call last):\n', '  File "C:\\Users\\ZHao\\.conda\\envs\\scopefoundry\\lib\\site-packages\\ScopeFoundry\\measurement.py", line 273, in _on_display_update_timer\n    self.update_display()\n', '  File "C:\\Users\\Public\\quantum_sensing\\quantum_sensing\\fancy_microscope\\thorcam_capture.py", line 368, in update_display\n    scipy.ndimage.zoom(image, 3)\n', "AttributeError: module 'scipy' has no attribute 'ndimage'\n"]
2023-05-30T15:56:49|ERROR|ThorCamCaptureMeasure|Camera Failed to update figure1: module 'scipy' has no attribute 'ndimage'. ['Traceback (most recent call last):\n', '  File "C:\\Users\\ZHao\\.conda\\envs\\scopefoundry\\lib\\site-packages\\ScopeFoundry\\measurement.py", line 273, in _on_display_update_timer\n    self.update_display()\n', '  File "C:\\Users\\Public\\quantum_sensing\\quantum_sensing\\fancy_microscope\\thorcam_capture.py", line 368, in update_display\n    scipy.ndimage.zoom(image, 3)\n', "AttributeError: module 'scipy' has no attribute 'ndimage'\n"]
2023-05-30T15:56:49|ERROR|ThorCamCaptureMeasure|Camera Failed to update figure1: module 'scipy' has no attribute 'ndimage'. ['Traceback (most recent call last):\n', '  File "C:\\Users\\ZHao\\.conda\\envs\\scopefoundry\\lib\\site-packages\\ScopeFoundry\\measurement.py", line 273, in _on_display_update_timer\n    self.update_display()\n', '  File "C:\\Users\\Public\\quantum_sensing\\quantum_sensing\\fancy_microscope\\thorcam_capture.py", line 368, in update_display\n    scipy.ndimage.zoom(image, 3)\n', "AttributeError: module 'scipy' has no attribute 'ndimage'\n"]
2023-05-30T15:56:49|ERROR|ThorCamCaptureMeasure|Camera Failed to update figure1: module 'scipy' has no attribute 'ndimage'. ['Traceback (most recent call last):\n', '  File "C:\\Users\\ZHao\\.conda\\envs\\scopefoundry\\lib\\site-packages\\ScopeFoundry\\measurement.py", line 273, in _on_display_update_timer\n    self.update_display()\n', '  File "C:\\Users\\Public\\quantum_sensing\\quantum_sensing\\fancy_microscope\\thorcam_capture.py", line 368, in update_display\n    scipy.ndimage.zoom(image, 3)\n', "AttributeError: module 'scipy' has no attribute 'ndimage'\n"]
2023-05-30T15:56:49|ERROR|ThorCamCaptureMeasure|Camera Failed to update figure1: module 'scipy' has no attribute 'ndimage'. ['Traceback (most recent call last):\n', '  File "C:\\Users\\ZHao\\.conda\\envs\\scopefoundry\\lib\\site-packages\\ScopeFoundry\\measurement.py", line 273, in _on_display_update_timer\n    self.update_display()\n', '  File "C:\\Users\\Public\\quantum_sensing\\quantum_sensing\\fancy_microscope\\thorcam_capture.py", line 368, in update_display\n    scipy.ndimage.zoom(image, 3)\n', "AttributeError: module 'scipy' has no attribute 'ndimage'\n"]
2023-05-30T15:56:49|ERROR|ThorCamCaptureMeasure|Camera Failed to update figure1: module 'scipy' has no attribute 'ndimage'. ['Traceback (most recent call last):\n', '  File "C:\\Users\\ZHao\\.conda\\envs\\scopefoundry\\lib\\site-packages\\ScopeFoundry\\measurement.py", line 273, in _on_display_update_timer\n    self.update_display()\n', '  File "C:\\Users\\Public\\quantum_sensing\\quantum_sensing\\fancy_microscope\\thorcam_capture.py", line 368, in update_display\n    scipy.ndimage.zoom(image, 3)\n', "AttributeError: module 'scipy' has no attribute 'ndimage'\n"]
2023-05-30T15:56:49|ERROR|ThorCamCaptureMeasure|Camera Failed to update figure1: module 'scipy' has no attribute 'ndimage'. ['Traceback (most recent call last):\n', '  File "C:\\Users\\ZHao\\.conda\\envs\\scopefoundry\\lib\\site-packages\\ScopeFoundry\\measurement.py", line 273, in _on_display_update_timer\n    self.update_display()\n', '  File "C:\\Users\\Public\\quantum_sensing\\quantum_sensing\\fancy_microscope\\thorcam_capture.py", line 368, in update_display\n    scipy.ndimage.zoom(image, 3)\n', "AttributeError: module 'scipy' has no attribute 'ndimage'\n"]
2023-05-30T15:56:49|ERROR|ThorCamCaptureMeasure|Camera Failed to update figure1: module 'scipy' has no attribute 'ndimage'. ['Traceback (most recent call last):\n', '  File "C:\\Users\\ZHao\\.conda\\envs\\scopefoundry\\lib\\site-packages\\ScopeFoundry\\measurement.py", line 273, in _on_display_update_timer\n    self.update_display()\n', '  File "C:\\Users\\Public\\quantum_sensing\\quantum_sensing\\fancy_microscope\\thorcam_capture.py", line 368, in update_display\n    scipy.ndimage.zoom(image, 3)\n', "AttributeError: module 'scipy' has no attribute 'ndimage'\n"]
2023-05-30T15:56:49|ERROR|ThorCamCaptureMeasure|Camera Failed to update figure1: module 'scipy' has no attribute 'ndimage'. ['Traceback (most recent call last):\n', '  File "C:\\Users\\ZHao\\.conda\\envs\\scopefoundry\\lib\\site-packages\\ScopeFoundry\\measurement.py", line 273, in _on_display_update_timer\n    self.update_display()\n', '  File "C:\\Users\\Public\\quantum_sensing\\quantum_sensing\\fancy_microscope\\thorcam_capture.py", line 368, in update_display\n    scipy.ndimage.zoom(image, 3)\n', "AttributeError: module 'scipy' has no attribute 'ndimage'\n"]
2023-05-30T15:56:49|ERROR|ThorCamCaptureMeasure|Camera Failed to update figure1: module 'scipy' has no attribute 'ndimage'. ['Traceback (most recent call last):\n', '  File "C:\\Users\\ZHao\\.conda\\envs\\scopefoundry\\lib\\site-packages\\ScopeFoundry\\measurement.py", line 273, in _on_display_update_timer\n    self.update_display()\n', '  File "C:\\Users\\Public\\quantum_sensing\\quantum_sensing\\fancy_microscope\\thorcam_capture.py", line 368, in update_display\n    scipy.ndimage.zoom(image, 3)\n', "AttributeError: module 'scipy' has no attribute 'ndimage'\n"]
2023-05-30T15:56:50|ERROR|ThorCamCaptureMeasure|Camera Failed to update figure1: module 'scipy' has no attribute 'ndimage'. ['Traceback (most recent call last):\n', '  File "C:\\Users\\ZHao\\.conda\\envs\\scopefoundry\\lib\\site-packages\\ScopeFoundry\\measurement.py", line 273, in _on_display_update_timer\n    self.update_display()\n', '  File "C:\\Users\\Public\\quantum_sensing\\quantum_sensing\\fancy_microscope\\thorcam_capture.py", line 368, in update_display\n    scipy.ndimage.zoom(image, 3)\n', "AttributeError: module 'scipy' has no attribute 'ndimage'\n"]
2023-05-30T15:56:50|ERROR|ThorCamCaptureMeasure|Camera Failed to update figure1: module 'scipy' has no attribute 'ndimage'. ['Traceback (most recent call last):\n', '  File "C:\\Users\\ZHao\\.conda\\envs\\scopefoundry\\lib\\site-packages\\ScopeFoundry\\measurement.py", line 273, in _on_display_update_timer\n    self.update_display()\n', '  File "C:\\Users\\Public\\quantum_sensing\\quantum_sensing\\fancy_microscope\\thorcam_capture.py", line 368, in update_display\n    scipy.ndimage.zoom(image, 3)\n', "AttributeError: module 'scipy' has no attribute 'ndimage'\n"]
2023-05-30T15:56:50|ERROR|ThorCamCaptureMeasure|Camera Failed to update figure1: module 'scipy' has no attribute 'ndimage'. ['Traceback (most recent call last):\n', '  File "C:\\Users\\ZHao\\.conda\\envs\\scopefoundry\\lib\\site-packages\\ScopeFoundry\\measurement.py", line 273, in _on_display_update_timer\n    self.update_display()\n', '  File "C:\\Users\\Public\\quantum_sensing\\quantum_sensing\\fancy_microscope\\thorcam_capture.py", line 368, in update_display\n    scipy.ndimage.zoom(image, 3)\n', "AttributeError: module 'scipy' has no attribute 'ndimage'\n"]
2023-05-30T15:56:50|ERROR|ThorCamCaptureMeasure|Camera Failed to update figure1: module 'scipy' has no attribute 'ndimage'. ['Traceback (most recent call last):\n', '  File "C:\\Users\\ZHao\\.conda\\envs\\scopefoundry\\lib\\site-packages\\ScopeFoundry\\measurement.py", line 273, in _on_display_update_timer\n    self.update_display()\n', '  File "C:\\Users\\Public\\quantum_sensing\\quantum_sensing\\fancy_microscope\\thorcam_capture.py", line 368, in update_display\n    scipy.ndimage.zoom(image, 3)\n', "AttributeError: module 'scipy' has no attribute 'ndimage'\n"]
2023-05-30T15:56:50|ERROR|ThorCamCaptureMeasure|Camera Failed to update figure1: module 'scipy' has no attribute 'ndimage'. ['Traceback (most recent call last):\n', '  File "C:\\Users\\ZHao\\.conda\\envs\\scopefoundry\\lib\\site-packages\\ScopeFoundry\\measurement.py", line 273, in _on_display_update_timer\n    self.update_display()\n', '  File "C:\\Users\\Public\\quantum_sensing\\quantum_sensing\\fancy_microscope\\thorcam_capture.py", line 368, in update_display\n    scipy.ndimage.zoom(image, 3)\n', "AttributeError: module 'scipy' has no attribute 'ndimage'\n"]
2023-05-30T15:56:50|ERROR|ThorCamCaptureMeasure|Camera Failed to update figure1: module 'scipy' has no attribute 'ndimage'. ['Traceback (most recent call last):\n', '  File "C:\\Users\\ZHao\\.conda\\envs\\scopefoundry\\lib\\site-packages\\ScopeFoundry\\measurement.py", line 273, in _on_display_update_timer\n    self.update_display()\n', '  File "C:\\Users\\Public\\quantum_sensing\\quantum_sensing\\fancy_microscope\\thorcam_capture.py", line 368, in update_display\n    scipy.ndimage.zoom(image, 3)\n', "AttributeError: module 'scipy' has no attribute 'ndimage'\n"]
2023-05-30T15:56:50|ERROR|ThorCamCaptureMeasure|Camera Failed to update figure1: module 'scipy' has no attribute 'ndimage'. ['Traceback (most recent call last):\n', '  File "C:\\Users\\ZHao\\.conda\\envs\\scopefoundry\\lib\\site-packages\\ScopeFoundry\\measurement.py", line 273, in _on_display_update_timer\n    self.update_display()\n', '  File "C:\\Users\\Public\\quantum_sensing\\quantum_sensing\\fancy_microscope\\thorcam_capture.py", line 368, in update_display\n    scipy.ndimage.zoom(image, 3)\n', "AttributeError: module 'scipy' has no attribute 'ndimage'\n"]
2023-05-30T15:56:50|ERROR|ThorCamCaptureMeasure|Camera Failed to update figure1: module 'scipy' has no attribute 'ndimage'. ['Traceback (most recent call last):\n', '  File "C:\\Users\\ZHao\\.conda\\envs\\scopefoundry\\lib\\site-packages\\ScopeFoundry\\measurement.py", line 273, in _on_display_update_timer\n    self.update_display()\n', '  File "C:\\Users\\Public\\quantum_sensing\\quantum_sensing\\fancy_microscope\\thorcam_capture.py", line 368, in update_display\n    scipy.ndimage.zoom(image, 3)\n', "AttributeError: module 'scipy' has no attribute 'ndimage'\n"]
2023-05-30T15:56:50|ERROR|ThorCamCaptureMeasure|Camera Failed to update figure1: module 'scipy' has no attribute 'ndimage'. ['Traceback (most recent call last):\n', '  File "C:\\Users\\ZHao\\.conda\\envs\\scopefoundry\\lib\\site-packages\\ScopeFoundry\\measurement.py", line 273, in _on_display_update_timer\n    self.update_display()\n', '  File "C:\\Users\\Public\\quantum_sensing\\quantum_sensing\\fancy_microscope\\thorcam_capture.py", line 368, in update_display\n    scipy.ndimage.zoom(image, 3)\n', "AttributeError: module 'scipy' has no attribute 'ndimage'\n"]
2023-05-30T15:56:51|ERROR|ThorCamCaptureMeasure|Camera Failed to update figure1: module 'scipy' has no attribute 'ndimage'. ['Traceback (most recent call last):\n', '  File "C:\\Users\\ZHao\\.conda\\envs\\scopefoundry\\lib\\site-packages\\ScopeFoundry\\measurement.py", line 273, in _on_display_update_timer\n    self.update_display()\n', '  File "C:\\Users\\Public\\quantum_sensing\\quantum_sensing\\fancy_microscope\\thorcam_capture.py", line 368, in update_display\n    scipy.ndimage.zoom(image, 3)\n', "AttributeError: module 'scipy' has no attribute 'ndimage'\n"]
2023-05-30T15:56:51|ERROR|ThorCamCaptureMeasure|Camera Failed to update figure1: module 'scipy' has no attribute 'ndimage'. ['Traceback (most recent call last):\n', '  File "C:\\Users\\ZHao\\.conda\\envs\\scopefoundry\\lib\\site-packages\\ScopeFoundry\\measurement.py", line 273, in _on_display_update_timer\n    self.update_display()\n', '  File "C:\\Users\\Public\\quantum_sensing\\quantum_sensing\\fancy_microscope\\thorcam_capture.py", line 368, in update_display\n    scipy.ndimage.zoom(image, 3)\n', "AttributeError: module 'scipy' has no attribute 'ndimage'\n"]
2023-05-30T15:56:51|ERROR|ThorCamCaptureMeasure|Camera Failed to update figure1: module 'scipy' has no attribute 'ndimage'. ['Traceback (most recent call last):\n', '  File "C:\\Users\\ZHao\\.conda\\envs\\scopefoundry\\lib\\site-packages\\ScopeFoundry\\measurement.py", line 273, in _on_display_update_timer\n    self.update_display()\n', '  File "C:\\Users\\Public\\quantum_sensing\\quantum_sensing\\fancy_microscope\\thorcam_capture.py", line 368, in update_display\n    scipy.ndimage.zoom(image, 3)\n', "AttributeError: module 'scipy' has no attribute 'ndimage'\n"]
2023-05-30T15:56:51|ERROR|ThorCamCaptureMeasure|Camera Failed to update figure1: module 'scipy' has no attribute 'ndimage'. ['Traceback (most recent call last):\n', '  File "C:\\Users\\ZHao\\.conda\\envs\\scopefoundry\\lib\\site-packages\\ScopeFoundry\\measurement.py", line 273, in _on_display_update_timer\n    self.update_display()\n', '  File "C:\\Users\\Public\\quantum_sensing\\quantum_sensing\\fancy_microscope\\thorcam_capture.py", line 368, in update_display\n    scipy.ndimage.zoom(image, 3)\n', "AttributeError: module 'scipy' has no attribute 'ndimage'\n"]
2023-05-30T15:56:51|ERROR|ThorCamCaptureMeasure|Camera Failed to update figure1: module 'scipy' has no attribute 'ndimage'. ['Traceback (most recent call last):\n', '  File "C:\\Users\\ZHao\\.conda\\envs\\scopefoundry\\lib\\site-packages\\ScopeFoundry\\measurement.py", line 273, in _on_display_update_timer\n    self.update_display()\n', '  File "C:\\Users\\Public\\quantum_sensing\\quantum_sensing\\fancy_microscope\\thorcam_capture.py", line 368, in update_display\n    scipy.ndimage.zoom(image, 3)\n', "AttributeError: module 'scipy' has no attribute 'ndimage'\n"]
2023-05-30T15:56:51|ERROR|ThorCamCaptureMeasure|Camera Failed to update figure1: module 'scipy' has no attribute 'ndimage'. ['Traceback (most recent call last):\n', '  File "C:\\Users\\ZHao\\.conda\\envs\\scopefoundry\\lib\\site-packages\\ScopeFoundry\\measurement.py", line 273, in _on_display_update_timer\n    self.update_display()\n', '  File "C:\\Users\\Public\\quantum_sensing\\quantum_sensing\\fancy_microscope\\thorcam_capture.py", line 368, in update_display\n    scipy.ndimage.zoom(image, 3)\n', "AttributeError: module 'scipy' has no attribute 'ndimage'\n"]
2023-05-30T15:56:51|ERROR|ThorCamCaptureMeasure|Camera Failed to update figure1: module 'scipy' has no attribute 'ndimage'. ['Traceback (most recent call last):\n', '  File "C:\\Users\\ZHao\\.conda\\envs\\scopefoundry\\lib\\site-packages\\ScopeFoundry\\measurement.py", line 273, in _on_display_update_timer\n    self.update_display()\n', '  File "C:\\Users\\Public\\quantum_sensing\\quantum_sensing\\fancy_microscope\\thorcam_capture.py", line 368, in update_display\n    scipy.ndimage.zoom(image, 3)\n', "AttributeError: module 'scipy' has no attribute 'ndimage'\n"]
2023-05-30T15:56:51|ERROR|ThorCamCaptureMeasure|Camera Failed to update figure1: module 'scipy' has no attribute 'ndimage'. ['Traceback (most recent call last):\n', '  File "C:\\Users\\ZHao\\.conda\\envs\\scopefoundry\\lib\\site-packages\\ScopeFoundry\\measurement.py", line 273, in _on_display_update_timer\n    self.update_display()\n', '  File "C:\\Users\\Public\\quantum_sensing\\quantum_sensing\\fancy_microscope\\thorcam_capture.py", line 368, in update_display\n    scipy.ndimage.zoom(image, 3)\n', "AttributeError: module 'scipy' has no attribute 'ndimage'\n"]
2023-05-30T15:56:51|ERROR|ThorCamCaptureMeasure|Camera Failed to update figure1: module 'scipy' has no attribute 'ndimage'. ['Traceback (most recent call last):\n', '  File "C:\\Users\\ZHao\\.conda\\envs\\scopefoundry\\lib\\site-packages\\ScopeFoundry\\measurement.py", line 273, in _on_display_update_timer\n    self.update_display()\n', '  File "C:\\Users\\Public\\quantum_sensing\\quantum_sensing\\fancy_microscope\\thorcam_capture.py", line 368, in update_display\n    scipy.ndimage.zoom(image, 3)\n', "AttributeError: module 'scipy' has no attribute 'ndimage'\n"]
2023-05-30T15:56:51|ERROR|ThorCamCaptureMeasure|Camera Failed to update figure1: module 'scipy' has no attribute 'ndimage'. ['Traceback (most recent call last):\n', '  File "C:\\Users\\ZHao\\.conda\\envs\\scopefoundry\\lib\\site-packages\\ScopeFoundry\\measurement.py", line 273, in _on_display_update_timer\n    self.update_display()\n', '  File "C:\\Users\\Public\\quantum_sensing\\quantum_sensing\\fancy_microscope\\thorcam_capture.py", line 368, in update_display\n    scipy.ndimage.zoom(image, 3)\n', "AttributeError: module 'scipy' has no attribute 'ndimage'\n"]
2023-05-30T15:56:52|ERROR|ThorCamCaptureMeasure|Camera Failed to update figure1: module 'scipy' has no attribute 'ndimage'. ['Traceback (most recent call last):\n', '  File "C:\\Users\\ZHao\\.conda\\envs\\scopefoundry\\lib\\site-packages\\ScopeFoundry\\measurement.py", line 273, in _on_display_update_timer\n    self.update_display()\n', '  File "C:\\Users\\Public\\quantum_sensing\\quantum_sensing\\fancy_microscope\\thorcam_capture.py", line 368, in update_display\n    scipy.ndimage.zoom(image, 3)\n', "AttributeError: module 'scipy' has no attribute 'ndimage'\n"]
2023-05-30T15:56:52|ERROR|ThorCamCaptureMeasure|Camera Failed to update figure1: module 'scipy' has no attribute 'ndimage'. ['Traceback (most recent call last):\n', '  File "C:\\Users\\ZHao\\.conda\\envs\\scopefoundry\\lib\\site-packages\\ScopeFoundry\\measurement.py", line 273, in _on_display_update_timer\n    self.update_display()\n', '  File "C:\\Users\\Public\\quantum_sensing\\quantum_sensing\\fancy_microscope\\thorcam_capture.py", line 368, in update_display\n    scipy.ndimage.zoom(image, 3)\n', "AttributeError: module 'scipy' has no attribute 'ndimage'\n"]
2023-05-30T15:56:52|ERROR|ThorCamCaptureMeasure|Camera Failed to update figure1: module 'scipy' has no attribute 'ndimage'. ['Traceback (most recent call last):\n', '  File "C:\\Users\\ZHao\\.conda\\envs\\scopefoundry\\lib\\site-packages\\ScopeFoundry\\measurement.py", line 273, in _on_display_update_timer\n    self.update_display()\n', '  File "C:\\Users\\Public\\quantum_sensing\\quantum_sensing\\fancy_microscope\\thorcam_capture.py", line 368, in update_display\n    scipy.ndimage.zoom(image, 3)\n', "AttributeError: module 'scipy' has no attribute 'ndimage'\n"]
2023-05-30T15:56:52|ERROR|ThorCamCaptureMeasure|Camera Failed to update figure1: module 'scipy' has no attribute 'ndimage'. ['Traceback (most recent call last):\n', '  File "C:\\Users\\ZHao\\.conda\\envs\\scopefoundry\\lib\\site-packages\\ScopeFoundry\\measurement.py", line 273, in _on_display_update_timer\n    self.update_display()\n', '  File "C:\\Users\\Public\\quantum_sensing\\quantum_sensing\\fancy_microscope\\thorcam_capture.py", line 368, in update_display\n    scipy.ndimage.zoom(image, 3)\n', "AttributeError: module 'scipy' has no attribute 'ndimage'\n"]
2023-05-30T15:56:52|ERROR|ThorCamCaptureMeasure|Camera Failed to update figure1: module 'scipy' has no attribute 'ndimage'. ['Traceback (most recent call last):\n', '  File "C:\\Users\\ZHao\\.conda\\envs\\scopefoundry\\lib\\site-packages\\ScopeFoundry\\measurement.py", line 273, in _on_display_update_timer\n    self.update_display()\n', '  File "C:\\Users\\Public\\quantum_sensing\\quantum_sensing\\fancy_microscope\\thorcam_capture.py", line 368, in update_display\n    scipy.ndimage.zoom(image, 3)\n', "AttributeError: module 'scipy' has no attribute 'ndimage'\n"]
2023-05-30T15:56:52|ERROR|ThorCamCaptureMeasure|Camera Failed to update figure1: module 'scipy' has no attribute 'ndimage'. ['Traceback (most recent call last):\n', '  File "C:\\Users\\ZHao\\.conda\\envs\\scopefoundry\\lib\\site-packages\\ScopeFoundry\\measurement.py", line 273, in _on_display_update_timer\n    self.update_display()\n', '  File "C:\\Users\\Public\\quantum_sensing\\quantum_sensing\\fancy_microscope\\thorcam_capture.py", line 368, in update_display\n    scipy.ndimage.zoom(image, 3)\n', "AttributeError: module 'scipy' has no attribute 'ndimage'\n"]
2023-05-30T15:56:52|ERROR|ThorCamCaptureMeasure|Camera Failed to update figure1: module 'scipy' has no attribute 'ndimage'. ['Traceback (most recent call last):\n', '  File "C:\\Users\\ZHao\\.conda\\envs\\scopefoundry\\lib\\site-packages\\ScopeFoundry\\measurement.py", line 273, in _on_display_update_timer\n    self.update_display()\n', '  File "C:\\Users\\Public\\quantum_sensing\\quantum_sensing\\fancy_microscope\\thorcam_capture.py", line 368, in update_display\n    scipy.ndimage.zoom(image, 3)\n', "AttributeError: module 'scipy' has no attribute 'ndimage'\n"]
2023-05-30T15:56:52|ERROR|ThorCamCaptureMeasure|Camera Failed to update figure1: module 'scipy' has no attribute 'ndimage'. ['Traceback (most recent call last):\n', '  File "C:\\Users\\ZHao\\.conda\\envs\\scopefoundry\\lib\\site-packages\\ScopeFoundry\\measurement.py", line 273, in _on_display_update_timer\n    self.update_display()\n', '  File "C:\\Users\\Public\\quantum_sensing\\quantum_sensing\\fancy_microscope\\thorcam_capture.py", line 368, in update_display\n    scipy.ndimage.zoom(image, 3)\n', "AttributeError: module 'scipy' has no attribute 'ndimage'\n"]
2023-05-30T15:56:52|ERROR|ThorCamCaptureMeasure|Camera Failed to update figure1: module 'scipy' has no attribute 'ndimage'. ['Traceback (most recent call last):\n', '  File "C:\\Users\\ZHao\\.conda\\envs\\scopefoundry\\lib\\site-packages\\ScopeFoundry\\measurement.py", line 273, in _on_display_update_timer\n    self.update_display()\n', '  File "C:\\Users\\Public\\quantum_sensing\\quantum_sensing\\fancy_microscope\\thorcam_capture.py", line 368, in update_display\n    scipy.ndimage.zoom(image, 3)\n', "AttributeError: module 'scipy' has no attribute 'ndimage'\n"]
2023-05-30T15:56:53|ERROR|ThorCamCaptureMeasure|Camera Failed to update figure1: module 'scipy' has no attribute 'ndimage'. ['Traceback (most recent call last):\n', '  File "C:\\Users\\ZHao\\.conda\\envs\\scopefoundry\\lib\\site-packages\\ScopeFoundry\\measurement.py", line 273, in _on_display_update_timer\n    self.update_display()\n', '  File "C:\\Users\\Public\\quantum_sensing\\quantum_sensing\\fancy_microscope\\thorcam_capture.py", line 368, in update_display\n    scipy.ndimage.zoom(image, 3)\n', "AttributeError: module 'scipy' has no attribute 'ndimage'\n"]
2023-05-30T15:56:53|ERROR|ThorCamCaptureMeasure|Camera Failed to update figure1: module 'scipy' has no attribute 'ndimage'. ['Traceback (most recent call last):\n', '  File "C:\\Users\\ZHao\\.conda\\envs\\scopefoundry\\lib\\site-packages\\ScopeFoundry\\measurement.py", line 273, in _on_display_update_timer\n    self.update_display()\n', '  File "C:\\Users\\Public\\quantum_sensing\\quantum_sensing\\fancy_microscope\\thorcam_capture.py", line 368, in update_display\n    scipy.ndimage.zoom(image, 3)\n', "AttributeError: module 'scipy' has no attribute 'ndimage'\n"]
2023-05-30T15:56:53|CRITICAL|root|Unhandled exception:Traceback (most recent call last):
  File "C:\Users\ZHao\.conda\envs\scopefoundry\lib\site-packages\ScopeFoundry\helper_funcs.py", line 93, in eventFilter
    def eventFilter(self, obj, event):
KeyboardInterrupt

2023-05-30T15:56:53|ERROR|ThorCamCaptureMeasure|Camera Failed to update figure1: module 'scipy' has no attribute 'ndimage'. ['Traceback (most recent call last):\n', '  File "C:\\Users\\ZHao\\.conda\\envs\\scopefoundry\\lib\\site-packages\\ScopeFoundry\\measurement.py", line 273, in _on_display_update_timer\n    self.update_display()\n', '  File "C:\\Users\\Public\\quantum_sensing\\quantum_sensing\\fancy_microscope\\thorcam_capture.py", line 368, in update_display\n    scipy.ndimage.zoom(image, 3)\n', "AttributeError: module 'scipy' has no attribute 'ndimage'\n"]
2023-05-30T15:56:53|ERROR|ThorCamCaptureMeasure|Camera Failed to update figure1: module 'scipy' has no attribute 'ndimage'. ['Traceback (most recent call last):\n', '  File "C:\\Users\\ZHao\\.conda\\envs\\scopefoundry\\lib\\site-packages\\ScopeFoundry\\measurement.py", line 273, in _on_display_update_timer\n    self.update_display()\n', '  File "C:\\Users\\Public\\quantum_sensing\\quantum_sensing\\fancy_microscope\\thorcam_capture.py", line 368, in update_display\n    scipy.ndimage.zoom(image, 3)\n', "AttributeError: module 'scipy' has no attribute 'ndimage'\n"]
2023-05-30T15:56:53|ERROR|ThorCamCaptureMeasure|Camera Failed to update figure1: module 'scipy' has no attribute 'ndimage'. ['Traceback (most recent call last):\n', '  File "C:\\Users\\ZHao\\.conda\\envs\\scopefoundry\\lib\\site-packages\\ScopeFoundry\\measurement.py", line 273, in _on_display_update_timer\n    self.update_display()\n', '  File "C:\\Users\\Public\\quantum_sensing\\quantum_sensing\\fancy_microscope\\thorcam_capture.py", line 368, in update_display\n    scipy.ndimage.zoom(image, 3)\n', "AttributeError: module 'scipy' has no attribute 'ndimage'\n"]
2023-05-30T15:56:53|ERROR|ThorCamCaptureMeasure|Camera Failed to update figure1: module 'scipy' has no attribute 'ndimage'. ['Traceback (most recent call last):\n', '  File "C:\\Users\\ZHao\\.conda\\envs\\scopefoundry\\lib\\site-packages\\ScopeFoundry\\measurement.py", line 273, in _on_display_update_timer\n    self.update_display()\n', '  File "C:\\Users\\Public\\quantum_sensing\\quantum_sensing\\fancy_microscope\\thorcam_capture.py", line 368, in update_display\n    scipy.ndimage.zoom(image, 3)\n', "AttributeError: module 'scipy' has no attribute 'ndimage'\n"]
2023-05-30T15:56:53|ERROR|ThorCamCaptureMeasure|Camera Failed to update figure1: module 'scipy' has no attribute 'ndimage'. ['Traceback (most recent call last):\n', '  File "C:\\Users\\ZHao\\.conda\\envs\\scopefoundry\\lib\\site-packages\\ScopeFoundry\\measurement.py", line 273, in _on_display_update_timer\n    self.update_display()\n', '  File "C:\\Users\\Public\\quantum_sensing\\quantum_sensing\\fancy_microscope\\thorcam_capture.py", line 368, in update_display\n    scipy.ndimage.zoom(image, 3)\n', "AttributeError: module 'scipy' has no attribute 'ndimage'\n"]
2023-05-30T15:56:53|ERROR|ThorCamCaptureMeasure|Camera Failed to update figure1: module 'scipy' has no attribute 'ndimage'. ['Traceback (most recent call last):\n', '  File "C:\\Users\\ZHao\\.conda\\envs\\scopefoundry\\lib\\site-packages\\ScopeFoundry\\measurement.py", line 273, in _on_display_update_timer\n    self.update_display()\n', '  File "C:\\Users\\Public\\quantum_sensing\\quantum_sensing\\fancy_microscope\\thorcam_capture.py", line 368, in update_display\n    scipy.ndimage.zoom(image, 3)\n', "AttributeError: module 'scipy' has no attribute 'ndimage'\n"]
2023-05-30T15:56:53|ERROR|ThorCamCaptureMeasure|Camera Failed to update figure1: module 'scipy' has no attribute 'ndimage'. ['Traceback (most recent call last):\n', '  File "C:\\Users\\ZHao\\.conda\\envs\\scopefoundry\\lib\\site-packages\\ScopeFoundry\\measurement.py", line 273, in _on_display_update_timer\n    self.update_display()\n', '  File "C:\\Users\\Public\\quantum_sensing\\quantum_sensing\\fancy_microscope\\thorcam_capture.py", line 368, in update_display\n    scipy.ndimage.zoom(image, 3)\n', "AttributeError: module 'scipy' has no attribute 'ndimage'\n"]
2023-05-30T15:56:54|ERROR|ThorCamCaptureMeasure|Camera Failed to update figure1: module 'scipy' has no attribute 'ndimage'. ['Traceback (most recent call last):\n', '  File "C:\\Users\\ZHao\\.conda\\envs\\scopefoundry\\lib\\site-packages\\ScopeFoundry\\measurement.py", line 273, in _on_display_update_timer\n    self.update_display()\n', '  File "C:\\Users\\Public\\quantum_sensing\\quantum_sensing\\fancy_microscope\\thorcam_capture.py", line 368, in update_display\n    scipy.ndimage.zoom(image, 3)\n', "AttributeError: module 'scipy' has no attribute 'ndimage'\n"]
2023-05-30T15:56:54|ERROR|ThorCamCaptureMeasure|Camera Failed to update figure1: module 'scipy' has no attribute 'ndimage'. ['Traceback (most recent call last):\n', '  File "C:\\Users\\ZHao\\.conda\\envs\\scopefoundry\\lib\\site-packages\\ScopeFoundry\\measurement.py", line 273, in _on_display_update_timer\n    self.update_display()\n', '  File "C:\\Users\\Public\\quantum_sensing\\quantum_sensing\\fancy_microscope\\thorcam_capture.py", line 368, in update_display\n    scipy.ndimage.zoom(image, 3)\n', "AttributeError: module 'scipy' has no attribute 'ndimage'\n"]
2023-05-30T15:56:54|ERROR|ThorCamCaptureMeasure|Camera Failed to update figure1: module 'scipy' has no attribute 'ndimage'. ['Traceback (most recent call last):\n', '  File "C:\\Users\\ZHao\\.conda\\envs\\scopefoundry\\lib\\site-packages\\ScopeFoundry\\measurement.py", line 273, in _on_display_update_timer\n    self.update_display()\n', '  File "C:\\Users\\Public\\quantum_sensing\\quantum_sensing\\fancy_microscope\\thorcam_capture.py", line 368, in update_display\n    scipy.ndimage.zoom(image, 3)\n', "AttributeError: module 'scipy' has no attribute 'ndimage'\n"]
2023-05-30T15:56:54|ERROR|ThorCamCaptureMeasure|Camera Failed to update figure1: module 'scipy' has no attribute 'ndimage'. ['Traceback (most recent call last):\n', '  File "C:\\Users\\ZHao\\.conda\\envs\\scopefoundry\\lib\\site-packages\\ScopeFoundry\\measurement.py", line 273, in _on_display_update_timer\n    self.update_display()\n', '  File "C:\\Users\\Public\\quantum_sensing\\quantum_sensing\\fancy_microscope\\thorcam_capture.py", line 368, in update_display\n    scipy.ndimage.zoom(image, 3)\n', "AttributeError: module 'scipy' has no attribute 'ndimage'\n"]
2023-05-30T15:56:54|ERROR|ThorCamCaptureMeasure|Camera Failed to update figure1: module 'scipy' has no attribute 'ndimage'. ['Traceback (most recent call last):\n', '  File "C:\\Users\\ZHao\\.conda\\envs\\scopefoundry\\lib\\site-packages\\ScopeFoundry\\measurement.py", line 273, in _on_display_update_timer\n    self.update_display()\n', '  File "C:\\Users\\Public\\quantum_sensing\\quantum_sensing\\fancy_microscope\\thorcam_capture.py", line 368, in update_display\n    scipy.ndimage.zoom(image, 3)\n', "AttributeError: module 'scipy' has no attribute 'ndimage'\n"]
2023-05-30T15:56:54|ERROR|ThorCamCaptureMeasure|Camera Failed to update figure1: module 'scipy' has no attribute 'ndimage'. ['Traceback (most recent call last):\n', '  File "C:\\Users\\ZHao\\.conda\\envs\\scopefoundry\\lib\\site-packages\\ScopeFoundry\\measurement.py", line 273, in _on_display_update_timer\n    self.update_display()\n', '  File "C:\\Users\\Public\\quantum_sensing\\quantum_sensing\\fancy_microscope\\thorcam_capture.py", line 368, in update_display\n    scipy.ndimage.zoom(image, 3)\n', "AttributeError: module 'scipy' has no attribute 'ndimage'\n"]
2023-05-30T15:56:54|ERROR|ThorCamCaptureMeasure|Camera Failed to update figure1: module 'scipy' has no attribute 'ndimage'. ['Traceback (most recent call last):\n', '  File "C:\\Users\\ZHao\\.conda\\envs\\scopefoundry\\lib\\site-packages\\ScopeFoundry\\measurement.py", line 273, in _on_display_update_timer\n    self.update_display()\n', '  File "C:\\Users\\Public\\quantum_sensing\\quantum_sensing\\fancy_microscope\\thorcam_capture.py", line 368, in update_display\n    scipy.ndimage.zoom(image, 3)\n', "AttributeError: module 'scipy' has no attribute 'ndimage'\n"]
2023-05-30T15:56:54|ERROR|ThorCamCaptureMeasure|Camera Failed to update figure1: module 'scipy' has no attribute 'ndimage'. ['Traceback (most recent call last):\n', '  File "C:\\Users\\ZHao\\.conda\\envs\\scopefoundry\\lib\\site-packages\\ScopeFoundry\\measurement.py", line 273, in _on_display_update_timer\n    self.update_display()\n', '  File "C:\\Users\\Public\\quantum_sensing\\quantum_sensing\\fancy_microscope\\thorcam_capture.py", line 368, in update_display\n    scipy.ndimage.zoom(image, 3)\n', "AttributeError: module 'scipy' has no attribute 'ndimage'\n"]
2023-05-30T15:56:54|ERROR|ThorCamCaptureMeasure|Camera Failed to update figure1: module 'scipy' has no attribute 'ndimage'. ['Traceback (most recent call last):\n', '  File "C:\\Users\\ZHao\\.conda\\envs\\scopefoundry\\lib\\site-packages\\ScopeFoundry\\measurement.py", line 273, in _on_display_update_timer\n    self.update_display()\n', '  File "C:\\Users\\Public\\quantum_sensing\\quantum_sensing\\fancy_microscope\\thorcam_capture.py", line 368, in update_display\n    scipy.ndimage.zoom(image, 3)\n', "AttributeError: module 'scipy' has no attribute 'ndimage'\n"]
2023-05-30T15:56:55|ERROR|ThorCamCaptureMeasure|Camera Failed to update figure1: module 'scipy' has no attribute 'ndimage'. ['Traceback (most recent call last):\n', '  File "C:\\Users\\ZHao\\.conda\\envs\\scopefoundry\\lib\\site-packages\\ScopeFoundry\\measurement.py", line 273, in _on_display_update_timer\n    self.update_display()\n', '  File "C:\\Users\\Public\\quantum_sensing\\quantum_sensing\\fancy_microscope\\thorcam_capture.py", line 368, in update_display\n    scipy.ndimage.zoom(image, 3)\n', "AttributeError: module 'scipy' has no attribute 'ndimage'\n"]
2023-05-30T15:56:55|ERROR|ThorCamCaptureMeasure|Camera Failed to update figure1: module 'scipy' has no attribute 'ndimage'. ['Traceback (most recent call last):\n', '  File "C:\\Users\\ZHao\\.conda\\envs\\scopefoundry\\lib\\site-packages\\ScopeFoundry\\measurement.py", line 273, in _on_display_update_timer\n    self.update_display()\n', '  File "C:\\Users\\Public\\quantum_sensing\\quantum_sensing\\fancy_microscope\\thorcam_capture.py", line 368, in update_display\n    scipy.ndimage.zoom(image, 3)\n', "AttributeError: module 'scipy' has no attribute 'ndimage'\n"]
2023-05-30T15:56:55|ERROR|ThorCamCaptureMeasure|Camera Failed to update figure1: module 'scipy' has no attribute 'ndimage'. ['Traceback (most recent call last):\n', '  File "C:\\Users\\ZHao\\.conda\\envs\\scopefoundry\\lib\\site-packages\\ScopeFoundry\\measurement.py", line 273, in _on_display_update_timer\n    self.update_display()\n', '  File "C:\\Users\\Public\\quantum_sensing\\quantum_sensing\\fancy_microscope\\thorcam_capture.py", line 368, in update_display\n    scipy.ndimage.zoom(image, 3)\n', "AttributeError: module 'scipy' has no attribute 'ndimage'\n"]
2023-05-30T15:56:55|ERROR|ThorCamCaptureMeasure|Camera Failed to update figure1: module 'scipy' has no attribute 'ndimage'. ['Traceback (most recent call last):\n', '  File "C:\\Users\\ZHao\\.conda\\envs\\scopefoundry\\lib\\site-packages\\ScopeFoundry\\measurement.py", line 273, in _on_display_update_timer\n    self.update_display()\n', '  File "C:\\Users\\Public\\quantum_sensing\\quantum_sensing\\fancy_microscope\\thorcam_capture.py", line 368, in update_display\n    scipy.ndimage.zoom(image, 3)\n', "AttributeError: module 'scipy' has no attribute 'ndimage'\n"]
2023-05-30T15:56:55|ERROR|ThorCamCaptureMeasure|Camera Failed to update figure1: module 'scipy' has no attribute 'ndimage'. ['Traceback (most recent call last):\n', '  File "C:\\Users\\ZHao\\.conda\\envs\\scopefoundry\\lib\\site-packages\\ScopeFoundry\\measurement.py", line 273, in _on_display_update_timer\n    self.update_display()\n', '  File "C:\\Users\\Public\\quantum_sensing\\quantum_sensing\\fancy_microscope\\thorcam_capture.py", line 368, in update_display\n    scipy.ndimage.zoom(image, 3)\n', "AttributeError: module 'scipy' has no attribute 'ndimage'\n"]
2023-05-30T15:56:55|ERROR|ThorCamCaptureMeasure|Camera Failed to update figure1: module 'scipy' has no attribute 'ndimage'. ['Traceback (most recent call last):\n', '  File "C:\\Users\\ZHao\\.conda\\envs\\scopefoundry\\lib\\site-packages\\ScopeFoundry\\measurement.py", line 273, in _on_display_update_timer\n    self.update_display()\n', '  File "C:\\Users\\Public\\quantum_sensing\\quantum_sensing\\fancy_microscope\\thorcam_capture.py", line 368, in update_display\n    scipy.ndimage.zoom(image, 3)\n', "AttributeError: module 'scipy' has no attribute 'ndimage'\n"]
2023-05-30T15:56:55|ERROR|ThorCamCaptureMeasure|Camera Failed to update figure1: module 'scipy' has no attribute 'ndimage'. ['Traceback (most recent call last):\n', '  File "C:\\Users\\ZHao\\.conda\\envs\\scopefoundry\\lib\\site-packages\\ScopeFoundry\\measurement.py", line 273, in _on_display_update_timer\n    self.update_display()\n', '  File "C:\\Users\\Public\\quantum_sensing\\quantum_sensing\\fancy_microscope\\thorcam_capture.py", line 368, in update_display\n    scipy.ndimage.zoom(image, 3)\n', "AttributeError: module 'scipy' has no attribute 'ndimage'\n"]
2023-05-30T15:56:55|ERROR|ThorCamCaptureMeasure|Camera Failed to update figure1: module 'scipy' has no attribute 'ndimage'. ['Traceback (most recent call last):\n', '  File "C:\\Users\\ZHao\\.conda\\envs\\scopefoundry\\lib\\site-packages\\ScopeFoundry\\measurement.py", line 273, in _on_display_update_timer\n    self.update_display()\n', '  File "C:\\Users\\Public\\quantum_sensing\\quantum_sensing\\fancy_microscope\\thorcam_capture.py", line 368, in update_display\n    scipy.ndimage.zoom(image, 3)\n', "AttributeError: module 'scipy' has no attribute 'ndimage'\n"]
2023-05-30T15:56:55|ERROR|ThorCamCaptureMeasure|Camera Failed to update figure1: module 'scipy' has no attribute 'ndimage'. ['Traceback (most recent call last):\n', '  File "C:\\Users\\ZHao\\.conda\\envs\\scopefoundry\\lib\\site-packages\\ScopeFoundry\\measurement.py", line 273, in _on_display_update_timer\n    self.update_display()\n', '  File "C:\\Users\\Public\\quantum_sensing\\quantum_sensing\\fancy_microscope\\thorcam_capture.py", line 368, in update_display\n    scipy.ndimage.zoom(image, 3)\n', "AttributeError: module 'scipy' has no attribute 'ndimage'\n"]
2023-05-30T15:56:56|ERROR|ThorCamCaptureMeasure|Camera Failed to update figure1: module 'scipy' has no attribute 'ndimage'. ['Traceback (most recent call last):\n', '  File "C:\\Users\\ZHao\\.conda\\envs\\scopefoundry\\lib\\site-packages\\ScopeFoundry\\measurement.py", line 273, in _on_display_update_timer\n    self.update_display()\n', '  File "C:\\Users\\Public\\quantum_sensing\\quantum_sensing\\fancy_microscope\\thorcam_capture.py", line 368, in update_display\n    scipy.ndimage.zoom(image, 3)\n', "AttributeError: module 'scipy' has no attribute 'ndimage'\n"]
2023-05-30T15:56:56|ERROR|ThorCamCaptureMeasure|Camera Failed to update figure1: module 'scipy' has no attribute 'ndimage'. ['Traceback (most recent call last):\n', '  File "C:\\Users\\ZHao\\.conda\\envs\\scopefoundry\\lib\\site-packages\\ScopeFoundry\\measurement.py", line 273, in _on_display_update_timer\n    self.update_display()\n', '  File "C:\\Users\\Public\\quantum_sensing\\quantum_sensing\\fancy_microscope\\thorcam_capture.py", line 368, in update_display\n    scipy.ndimage.zoom(image, 3)\n', "AttributeError: module 'scipy' has no attribute 'ndimage'\n"]
2023-05-30T15:56:56|ERROR|ThorCamCaptureMeasure|Camera Failed to update figure1: module 'scipy' has no attribute 'ndimage'. ['Traceback (most recent call last):\n', '  File "C:\\Users\\ZHao\\.conda\\envs\\scopefoundry\\lib\\site-packages\\ScopeFoundry\\measurement.py", line 273, in _on_display_update_timer\n    self.update_display()\n', '  File "C:\\Users\\Public\\quantum_sensing\\quantum_sensing\\fancy_microscope\\thorcam_capture.py", line 368, in update_display\n    scipy.ndimage.zoom(image, 3)\n', "AttributeError: module 'scipy' has no attribute 'ndimage'\n"]
2023-05-30T15:56:56|ERROR|ThorCamCaptureMeasure|Camera Failed to update figure1: module 'scipy' has no attribute 'ndimage'. ['Traceback (most recent call last):\n', '  File "C:\\Users\\ZHao\\.conda\\envs\\scopefoundry\\lib\\site-packages\\ScopeFoundry\\measurement.py", line 273, in _on_display_update_timer\n    self.update_display()\n', '  File "C:\\Users\\Public\\quantum_sensing\\quantum_sensing\\fancy_microscope\\thorcam_capture.py", line 368, in update_display\n    scipy.ndimage.zoom(image, 3)\n', "AttributeError: module 'scipy' has no attribute 'ndimage'\n"]
2023-05-30T15:56:56|ERROR|ThorCamCaptureMeasure|Camera Failed to update figure1: module 'scipy' has no attribute 'ndimage'. ['Traceback (most recent call last):\n', '  File "C:\\Users\\ZHao\\.conda\\envs\\scopefoundry\\lib\\site-packages\\ScopeFoundry\\measurement.py", line 273, in _on_display_update_timer\n    self.update_display()\n', '  File "C:\\Users\\Public\\quantum_sensing\\quantum_sensing\\fancy_microscope\\thorcam_capture.py", line 368, in update_display\n    scipy.ndimage.zoom(image, 3)\n', "AttributeError: module 'scipy' has no attribute 'ndimage'\n"]
2023-05-30T15:56:56|ERROR|ThorCamCaptureMeasure|Camera Failed to update figure1: module 'scipy' has no attribute 'ndimage'. ['Traceback (most recent call last):\n', '  File "C:\\Users\\ZHao\\.conda\\envs\\scopefoundry\\lib\\site-packages\\ScopeFoundry\\measurement.py", line 273, in _on_display_update_timer\n    self.update_display()\n', '  File "C:\\Users\\Public\\quantum_sensing\\quantum_sensing\\fancy_microscope\\thorcam_capture.py", line 368, in update_display\n    scipy.ndimage.zoom(image, 3)\n', "AttributeError: module 'scipy' has no attribute 'ndimage'\n"]
2023-05-30T15:56:56|ERROR|ThorCamCaptureMeasure|Camera Failed to update figure1: module 'scipy' has no attribute 'ndimage'. ['Traceback (most recent call last):\n', '  File "C:\\Users\\ZHao\\.conda\\envs\\scopefoundry\\lib\\site-packages\\ScopeFoundry\\measurement.py", line 273, in _on_display_update_timer\n    self.update_display()\n', '  File "C:\\Users\\Public\\quantum_sensing\\quantum_sensing\\fancy_microscope\\thorcam_capture.py", line 368, in update_display\n    scipy.ndimage.zoom(image, 3)\n', "AttributeError: module 'scipy' has no attribute 'ndimage'\n"]
2023-05-30T15:56:56|ERROR|ThorCamCaptureMeasure|Camera Failed to update figure1: module 'scipy' has no attribute 'ndimage'. ['Traceback (most recent call last):\n', '  File "C:\\Users\\ZHao\\.conda\\envs\\scopefoundry\\lib\\site-packages\\ScopeFoundry\\measurement.py", line 273, in _on_display_update_timer\n    self.update_display()\n', '  File "C:\\Users\\Public\\quantum_sensing\\quantum_sensing\\fancy_microscope\\thorcam_capture.py", line 368, in update_display\n    scipy.ndimage.zoom(image, 3)\n', "AttributeError: module 'scipy' has no attribute 'ndimage'\n"]
2023-05-30T15:56:57|ERROR|ThorCamCaptureMeasure|Camera Failed to update figure1: module 'scipy' has no attribute 'ndimage'. ['Traceback (most recent call last):\n', '  File "C:\\Users\\ZHao\\.conda\\envs\\scopefoundry\\lib\\site-packages\\ScopeFoundry\\measurement.py", line 273, in _on_display_update_timer\n    self.update_display()\n', '  File "C:\\Users\\Public\\quantum_sensing\\quantum_sensing\\fancy_microscope\\thorcam_capture.py", line 368, in update_display\n    scipy.ndimage.zoom(image, 3)\n', "AttributeError: module 'scipy' has no attribute 'ndimage'\n"]
2023-05-30T15:56:57|ERROR|ThorCamCaptureMeasure|Camera Failed to update figure1: module 'scipy' has no attribute 'ndimage'. ['Traceback (most recent call last):\n', '  File "C:\\Users\\ZHao\\.conda\\envs\\scopefoundry\\lib\\site-packages\\ScopeFoundry\\measurement.py", line 273, in _on_display_update_timer\n    self.update_display()\n', '  File "C:\\Users\\Public\\quantum_sensing\\quantum_sensing\\fancy_microscope\\thorcam_capture.py", line 368, in update_display\n    scipy.ndimage.zoom(image, 3)\n', "AttributeError: module 'scipy' has no attribute 'ndimage'\n"]
2023-05-30T15:56:57|ERROR|ThorCamCaptureMeasure|Camera Failed to update figure1: module 'scipy' has no attribute 'ndimage'. ['Traceback (most recent call last):\n', '  File "C:\\Users\\ZHao\\.conda\\envs\\scopefoundry\\lib\\site-packages\\ScopeFoundry\\measurement.py", line 273, in _on_display_update_timer\n    self.update_display()\n', '  File "C:\\Users\\Public\\quantum_sensing\\quantum_sensing\\fancy_microscope\\thorcam_capture.py", line 368, in update_display\n    scipy.ndimage.zoom(image, 3)\n', "AttributeError: module 'scipy' has no attribute 'ndimage'\n"]
2023-05-30T15:56:57|INFO|ThorCamTestApp|on_close
2023-05-30T15:56:57|INFO|ThorCamTestApp|disconnecting thor_cam
2023-05-30T15:56:57|ERROR|thorlabs_tsi_sdk.tl_camera|Unable to get pending frame; tl_camera_get_pending_frame_or_null() returned non-zero error code: 1003; error message: Camera handle is not valid. Check that the camera handle is not null and that the camera has not been closed. Error: Invalid parameter. Check documentation for detailed parameter information.
2023-05-30T15:56:57|ERROR|thorlabs_tsi_sdk.tl_camera|Could not set exposure time; tl_camera_set_exposure_time() returned non-zero error code: 1003; error message: Camera handle is not valid. Check that the camera handle is not null and that the camera has not been closed. Error: Invalid parameter. Check documentation for detailed parameter information.
2023-05-30T15:56:57|CRITICAL|root|Unhandled exception:Traceback (most recent call last):
  File "C:\Users\ZHao\.conda\envs\scopefoundry\lib\site-packages\ScopeFoundry\measurement.py", line 25, in run
    self.measurement._thread_run()
  File "C:\Users\ZHao\.conda\envs\scopefoundry\lib\site-packages\ScopeFoundry\measurement.py", line 179, in _thread_run
    self.run()
  File "C:\Users\Public\quantum_sensing\quantum_sensing\fancy_microscope\thorcam_capture.py", line 290, in run
    self.cam_hw.set_exposure(S['exposure'])
  File "C:\Users\Public\quantum_sensing\quantum_sensing\fancy_microscope\thorcam_sci\thorcam_sci_hw.py", line 66, in set_exposure
    self.cam.exposure_time_us = int(t*1e6)
  File "C:\Users\ZHao\.conda\envs\scopefoundry\lib\site-packages\thorlabs_tsi_sdk\tl_camera.py", line 941, in exposure_time_us
    raise exception
  File "C:\Users\ZHao\.conda\envs\scopefoundry\lib\site-packages\thorlabs_tsi_sdk\tl_camera.py", line 938, in exposure_time_us
    raise TLCameraError(_create_c_failure_message(self._sdk, "tl_camera_set_exposure_time", error_code))
thorlabs_tsi_sdk.tl_camera.TLCameraError: tl_camera_set_exposure_time() returned non-zero error code: 1003; error message: Camera handle is not valid. Check that the camera handle is not null and that the camera has not been closed. Error: Invalid parameter. Check documentation for detailed parameter information.

