2023-06-02T12:36:21|CRITICAL|root|Unhandled exception:Traceback (most recent call last):
  File "fancy_microscope\thorcam_test_app.py", line 53, in <module>
    app = ThorCamTestApp(sys.argv)
  File "C:\Users\ZHao\.conda\envs\scopefoundry\lib\site-packages\ScopeFoundry\base_app.py", line 332, in __init__
    self.setup()
  File "fancy_microscope\thorcam_test_app.py", line 34, in setup
    self.add_measurement(thorcam_capture.ThorCamCaptureMeasure(self))
  File "C:\Users\ZHao\.conda\envs\scopefoundry\lib\site-packages\ScopeFoundry\measurement.py", line 93, in __init__
    self.setup()
  File "C:\Users\Public\quantum_sensing\quantum_sensing\fancy_microscope\thorcam_capture.py", line 226, in setup
    very_verbose=False)
  File "C:\Users\Public\quantum_sensing\quantum_sensing\fancy_microscope\movemcm.py", line 50, in __init__
    '%s: stage \'%s\' not supported'%(self.name, stage))
AssertionError: MCM3000: stage 'PLS-XY' not supported

